1> 2> 1> 2> 3> 4> 5> 6> 7> 8> 9> 10> 11> 12> 13> 14> 15> (0 rows affected)
1> 2> 3> 4> 5> 6> (166920 rows affected)
1> 2> 3> 4> (0 rows affected)
1> 2> 3> 4> 5> 6> 7> 8> (200186 rows affected)
1> 2> 3> 4> 5> 6> 7> (38089 rows affected)
1> 2> 3> 4> (238275 rows affected)
1> 2> 3> 4> 5> 6> (172548 rows affected)
1> 2> 3> 4> 5> 6> (35706 rows affected)
1> 2> 3> 4> 5> (25323 rows affected)
1> 2> 3> 4> 5> (0 rows affected)
1> 2> 3> 4> 5> (4245 rows affected)
1> 2> 3> 4> 5> 6> 7> 8> (3597 rows affected)
1> 2> 3> 4> 5> 6> 7> 8> 9> 10> 11> 12> 13> 14> (648 rows affected)
(3507 rows affected)
1> 2> 3> 4> 5> 6> (648 rows affected)
1> 2> 3> 4> 5> 6> 7> 8> (6 rows affected)
1> 2> 3> 4> 5> 6> 7> (0 rows affected)
(5 rows affected)
1> 2> 3> 4> 5> 6> 7> 8> (0 rows affected)
(438 rows affected)
1> 2> 3> 4> 5> 6> 7> 8> (0 rows affected)
(60 rows affected)
1> 2> 3> (0 rows affected)
1> 2> 3> 4> 5> 6> (2562 rows affected)
1> 2> 3> (0 rows affected)
1> 2> 3> 4> 5> 6> (317 rows affected)
1> 2> 3> (0 rows affected)
1> 2> 3> 4> 5> 6> (94 rows affected)
1> 2> 3> (317 rows affected)
1> 2> 3> 4> (1368 rows affected)
1> 2> 3> 4> (487 rows affected)
1> 2> (4056 rows affected)
1> 2> (2523 rows affected)
1> 2> (182 rows affected)
1> 2> (4 rows affected)
1> 2> (6 rows affected)
1> 2> (6 rows affected)
1> 2> 3> 4> 5> 6> 7> 8> 9> 10> 11> 12> 13> 14> 15> 16> 17> 18> 19> 20> 21> 22> 23> 24> 25> 26> 27> 28> 29> 30> 31> 32> 33> 34> 35> 36> 37> 38> 39> 40> 41> 42> 43> 44> 45> 46> 47> 48> (1020 rows affected)
(0 rows affected)
(0 rows affected)
(0 rows affected)
(0 rows affected)
(0 rows affected)
1> 2> (94 rows affected)
1> 2> 3> 4> 5> 6> (1 row affected)
1> 2> 3> 4> 5> 6> 7> 8> 9> 10> 11> 12> 13> 14> 15> 16> 17> 18> 19> (28 rows affected)
(24 rows affected)
(108 rows affected)
1> 2> 3> 4> 5> 6> 7> 8> 9> 10> 11> 12> 13> 14> 15> 16> 17> 18> (54 rows affected)
(54 rows affected)
1> 2> 3> 4> 5> 6> 7> 8> 9> 10> 11> 12> 13> 14> 15> 16> 17> 18> 19> 20> 21> 22> 23> 24> 25> 26> 27> 28> 29> 30> 31> 32> 33> 34> 35> 36> 37> 38> 39> 40> 41> 42> 43> 44> 45> 46> 47> 48> 49> 50> 51> 52> 53> 54> 55> 56> 57> 58> 59> 60> 61> 62> 63> 64> 65> 66> 67> 68> 69> 70> 71> 72> 73> 74> 75> 76> 77> 78> 79> (269 rows affected)
(3 rows affected)
(3 rows affected)
(1 row affected)
(1 row affected)
(1 row affected)
(1 row affected)
(0 rows affected)
(2 rows affected)
(2 rows affected)
(90 rows affected)
1> 2> 3> 4> 5> 6> 7> 8> 9> 10> 11> 12> 13> 14> 15> 16> 17> 18> 19> 20> 21> 22> 23> 24> 25> 26> 27> 28> 29> 30> 31> 32> 33> 34> 35> 36> 37> 38> 39> 40> 41> 42> 43> 44> 45> 46> 47> 48> 49> 50> 51> 52> 53> 54> 55> 56> 57> 58> 59> 60> 61> 62> 63> 64> 65> 66> 67> 68> 69> 70> 71> 72> 73> 74> 75> 76> 77> 78> 79> 80> 81> 82> 83> 84> 85> 86> 87> 88> 89> 90> 91> 92> 93> 94> 95> 96> 97> 98> 99> 100> 101> 102> 103> 104> 105> 106> 107> 108> 109> 110> 111> 112> 113> 114> 115> 116> 117> 118> 119> 120> 121> 122> 123> 124> 125> 126> 127> 128> 129> 130> 131> 132> 133> 134> 135> 136> 137> 138> 139> 140> 141> 142> 143> 144> 145> 146> 147> 148> 149> 150> 151> 152> 153> 154> 155> 156> 157> 158> 159> 160> 161> 162> 163> 164> 165> 166> 167> 168> 169> 170> 171> 172> 173> 174> 175> 176> 177> 178> 179> 180> 181> 182> 183> 184> 185> 186> 187> 188> 189> 190> 191> 192> 193> 194> 195> 196> 197> 198> 199> 200> 201> 202> 203> 204> 205> 206> 207> 208> 209> (26061 rows affected)
(807 rows affected)
(0 rows affected)
(45 rows affected)
(2 rows affected)
(126 rows affected)
(190 rows affected)
(328 rows affected)
                                   
 --------- ----------------------- 
 Finish at 2017-02-16 11:58:06.763 

(1 row affected)
1> 2> 3> 4> 5> over!
