1> 2> 1> 2> 3> 4> 5> 6> 7> 8> 9> 10> 11> 12> 13> 14> 15> 16> 17> 18> (165377 rows affected)
1> 2> 3> (1062 rows affected)
1> 2> (531 rows affected)
1> 2> 3> 4> 5> 6> 7> 8> 9> 10> 11> 12> (0 rows affected)
(6596 rows affected)
1> 2> 3> (6596 rows affected)
1> 2> 3> 4> (6596 rows affected)
1> 2> 3> (73 rows affected)
1> 2> 3> 4> 5> (6596 rows affected)
1> 2> 3> 4> 5> 6> 7> 8> 9> (487 rows affected)
1> 2> 3> 4> 5> 6> 7> 8> (0 rows affected)
1> 2> 3> 4> (195682 rows affected)
1> 2> 3> 4> (0 rows affected)
1> 2> 3> (19932 rows affected)
1> 2> (33772 rows affected)
1> 2> 3> (476 rows affected)
1> 2> (457 rows affected)
1> 2> 3> 4> (35 rows affected)
1> 2> 3> 4> 5> 6> (6 rows affected)
1> 2> 3> 4> 5> 6> 7> 8> 9> 10> 11> 12> 13> 14> 15> 16> 17> 18> 19> 20> 21> 22> 23> 24> 25> 26> 27> 28> 29> 30> 31> 32> 33> 34> 35> 36> 37> 38> 39> 40> (0 rows affected)
(0 rows affected)
(0 rows affected)
(0 rows affected)
(0 rows affected)
over!
