1> 2> 3> 4> 5> 6> 7> 8> 9> 10> 1> 2> 3> 4> 5> 6> 7> 1> 2> 3> 4> 5> 6> 7> 8> 9> 10> 11> 12> 13> 14> 15> 16> 17> 18> 19> 20> 21> (1 row affected)
1> 2> 3> 4> 5> 6> 7> 8> 9> 10> 11> 12> 13> 14> 15> 16> 17> 18> 19> 20> 21> 22> 23> 24> 25> 26> 1> 2> 3> 4> 5> 6> 7> 8> 9> 10> 11> 12> 13> 14> 15> 16> 17> 18> 19> 20> 21> 22> 23> 24> 25> 1> 2> 3> 4> 5> 6> 7> 8> 9> 10> (98 rows affected)
1> 2> 3> 4> 5> 6> 7> 8> 9> (98 rows affected)
(98 rows affected)
(98 rows affected)
(98 rows affected)
(98 rows affected)
(98 rows affected)
(98 rows affected)
1> 2> 3> 4> 5> 6> 7> 8> 9> 10> 11> 12> (0 rows affected)
1> 2> 3> 4> 5> (0 rows affected)
1> 2> 3> 4> 5> 6>                                                                         
 ---------------------------------------------------------------------- 
 1.--------------Error: English Name of Molecule or Product is not set! 

(1 row affected)
 Mkt        MktName              Prod 
	ProductName                                        Molecule Class 
	ATC3_Cod ATC_CPA    Mole_Des_CN                                        
	Mole_Des_EN                                                            
	                                                                       
	                                                                       
	                                                                       
	                                                                       
	                                                                       
	                                                                       
	    Prod_Des_CN                                        
	Prod_Des_EN                                                            
	                                                                       
	                                                                       
	                                                                       
	                                                                       
	                                                                       
	                                                                       
	    
	Prod_Des_EN_IMS                                                        
	                                                                       
	                                                                       
	                                                                       
	                                                                       
	                                                                       
	                                                                       
	    FocusedBrand IMSMoleCode IMSProdCode Product    ifNew ifMoleNew 
	ifProdNew 
 ---------- -------------------- ---- 
	-------------------------------------------------- -------- ----- 
	-------- ---------- -------------------------------------------------- 
	-----------------------------------------------------------------------
	-----------------------------------------------------------------------
	-----------------------------------------------------------------------
	-----------------------------------------------------------------------
	-----------------------------------------------------------------------
	-----------------------------------------------------------------------
	-----------------------------------------------------------------------
	--- -------------------------------------------------- 
	-----------------------------------------------------------------------
	-----------------------------------------------------------------------
	-----------------------------------------------------------------------
	-----------------------------------------------------------------------
	-----------------------------------------------------------------------
	-----------------------------------------------------------------------
	-----------------------------------------------------------------------
	--- 
	-----------------------------------------------------------------------
	-----------------------------------------------------------------------
	-----------------------------------------------------------------------
	-----------------------------------------------------------------------
	-----------------------------------------------------------------------
	-----------------------------------------------------------------------
	-----------------------------------------------------------------------
	--- ------------ ----------- ----------- ---------- ----- --------- 
	--------- 

(0 rows affected)
1> 2> 3> 4> 5> 6> 7> 8> 9> 10> 11> 12> 13> 14> 15> 16> 17> 1> 2> 3> 4> 5> 6> 7> 8> 9> 10> 11> 12> 13> 14> 15> 16> 17> 18> 19> 20> 21> 22> 23> 24> 25> 26> 27> 28> 29> 30> 31> 32> 33> 34> 35> 36> 37> 38> 39> 40> 41> 42> 43> 44> 45> 1> 2> 3> 1> 2> 3> 4> 5> 6> 7> 8> (0 rows affected)
1> 2> 3> 4> 5> 6> 7> 8> 9> (0 rows affected)
(0 rows affected)
(0 rows affected)
(0 rows affected)
(0 rows affected)
(0 rows affected)
(0 rows affected)
1> 2> 3> (0 rows affected)
1> 2> 3> 4> 5> 6> 1> 2> 3> 4> 5> 6> 7> 8> 9> 10> 11> 12> 13> 14> 15> 16> 17> 18> 19> 20> 21> 22> 23> 24> 25> 26> 27> 28> 29> 30> 31> 32> 33> 34> 35> (0 rows affected)
1> 2> 3> 1> 2> 3> 4> 5> 6> 7> 8> (0 rows affected)
1> 2> 3> 4> 5> 6> 7> 8> 9> (0 rows affected)
(0 rows affected)
(0 rows affected)
(0 rows affected)
(0 rows affected)
(0 rows affected)
(0 rows affected)
1> 2> 3> (0 rows affected)
1> 2> 3> 4> 5> 6> 7> 8> 9> 10> 11> 12>  Mkt                                                
	MktName                                                            
	Molecule class atc3_cod atc_cpa 
	mole_des_cn                                        
	mole_des_en                                        
	prod_des_cn                                        
	prod_des_en                                        FocusedBrand 
	IMSMoleCode IMSProdCode Product              
 -------------------------------------------------- 
	-------------------------------------------------- ---- ---------- 
	-------- ----- -------- ------- 
	-------------------------------------------------- 
	-------------------------------------------------- 
	-------------------------------------------------- 
	-------------------------------------------------- ------------ 
	----------- ----------- -------------------- 

(0 rows affected)
1> 2> 3> 4> 5> 6> 7> 8> 9> 10> (0 rows affected)
1> 2> 3> 4> 5> 6> 7> 8> 9> 10> (0 rows affected)
1> 2> 3> 4> 5> 6> 7> (39 rows affected)
1> 2> 3> 4> 5> 6> 7> 8> 9> 10> 11> 12> 13> 14> 15> 16> 17> 18> 19> 20> 21> 22> 23> [SQL Server Native Client 11.0]COUNT field incorrect or syntax error
1> 2> 3> 4> 5> 6> 7> 8> 9> 10> 11> 12> 13> 14> 15> 16> 17> 18> 19> 20> 21> 22> 23> 24> 25> [SQL Server Native Client 11.0]COUNT field incorrect or syntax error
1> 2> 3> 4> 5> 6> 7> 8> 9> 10> 11> 12> 13> 14> 15> 16> 17> 18> 19> 20> 21> 22> 23> 24> 25> 26> 27> 28> 29> 30> [SQL Server Native Client 11.0]COUNT field incorrect or syntax error
1> 2> 3> 4> (0 rows affected)
1> 2> 3> 4> 5> (76 rows affected)
1> 2> 3> 4> 5> 6> 7> 8> 9> 10> 11> 12> 13> 14> 15> 16> 17> 18> 19> 20> 21> 22> 23> 24> (38 rows affected)
1> 2> 3> 4> 5> 6> 7> 8> 9> 10> 11> 12> 13> 14> 15> 16> 17> 18> 19> 20> 21> 22> 23> 24> 25> 26> 1> 2> 3> (88 rows affected)
1> 2> 3> 4> 5> 6> 7> 8> 9> 10> 11> 12> 13> 14> 15> 16> 17> 18> 19> 20> 21> 22> 23> 24> 25> (42 rows affected)
1> 2> 3> 4> 5> 6> 7> 8> 9> 10> 11> 12> 13> 14> 15> 16> 17> 18> 19> 20> 21> 22> 23> 24> 1> 2> 3> (14 rows affected)
1> 2> 3> 4> 5> 6> 7> 8> 9> 10> 11> 12> 13> 14> 15> 16> 17> 18> 19> 20> 21> 22> 23> 24> 25> (7 rows affected)
1> 2> 3> 4> 5> 6> 7> 8> 9> 10> 11> 12> 13> 14> 15> 16> 17> 18> 19> 20> 21> 22> 23> 24> 25> 26> (7 rows affected)
1> 2> 3> 4> 5> 6> 7> 8> 9> 10> 11> 12> 13> 14> 15> 16> 17> 18> 19> 20> 21> 22> 23> 24> 25> 26> 27> 28> 29> 30> 31> 32> 33> 34> 35> 36> 37> 38> 39> 40> 41> 42> 43> 44> 45> 46> 47> 48> 49> 50> 51> 52> 53> 54> 55> 56> 57> 58> 59> 60> 61> 62> 63> 64> 65> 66> 67> 68> 69> 70> 71> 72> 73> 74> 75> 76> 77> 78> 79> 80> 81> 82> 83> 84> 85> 86> 87> 88> 89> 90> 91> 92> 93> 94> 95> 96> 97> 1> 2> 1> 2> 3> 4> 5> 6> 7> 8> 9> 10> 11> 12> 13> 14> 15> 16> 17> 18> 19> 20> 21> 22> 23> 24> 25> 26> 27> 28> 29> 30> 31> 32> 33> 34> 35> 36> 37> (80 rows affected)
(2 rows affected)
(10 rows affected)
(2 rows affected)
(2219 rows affected)
(0 rows affected)
(1 row affected)
over!
