1> 2> 3> 4> 5> 6> 7> 8> 9> 10> 1> 2> 3> 4> 5> 6> 7> 8> 9> 10> 11> 12> 13> (1 row affected)
1> 2> 3> 4> 5> 6> 7> 8> (0 rows affected)
1> 2> 3> 4> 5> 6> 7> (4020 rows affected)
1> 2> 3> (0 rows affected)
1> 2> 3> 4> 5> 6> 7> 8> 9> 10> 11> 12> 13> (15 rows affected)
1> 2> 3> 4> 5> 6> (15 rows affected)
(0 rows affected)
1> 2> 3> 4> 5> 6> 7> (78 rows affected)
1> 2> 3> (0 rows affected)
1> 2> 3> 4> 5> 6> 7> 8> 9> 10> 11> (6 rows affected)
1> 2> 3> 4> 5> (0 rows affected)
1> 2> 3> 4> 5> 6> 7> (44580 rows affected)
1> 2> 3> 4> (0 rows affected)
1> 2> 3> 4> 5> 6> 7> 8> 9> 10> 11> 12> 13> 14> 15> 16> 17> 18> 19> 20> (72 rows affected)
1> 2> 3> 4> 5> 6> 7> 8> 9> 10> 11> (30 rows affected)
1> 2> 3> 4> (0 rows affected)
1> 2> 3> 4> 5> 6> 7> 8> 9> 10> 11> 12> 13> 14> 15> 16> 17> 18> 19> 20> (813 rows affected)
1> 2> 3> 4> (0 rows affected)
1> 2> 3> 4> 5> 6> 7> 8> 9> 10> 11> 12> 13> 14> 15> 16> 17> (672 rows affected)
1> 2> 3> 4> (0 rows affected)
1> 2> 3> 4> 5> 6> 7> 8> 9> 10> 11> 12> 13> 14> 15> 16> (0 rows affected)
1> 2> 3> 4> 5> 6> 7> 8> 9> 10> 11> 12> 13> (44532 rows affected)
1> 2> 3> 4> 5> 6> 7> 8> 9> 10> 11> 12> 13> 14> 15> 16> 17> 18> 19> 20> (614 rows affected)
1> 2> 3> 4> 5> 6> 7> 8> 9> 10> 11> 12> 13> 14> 15> (307 rows affected)
1> 2> 3> 4> 5> 6> 7> 8> 9> 10> 11> 12> 13> 14> 15> 16> 17> 18> 19> 20> 21> 22> 23> 24> 25> 26> 27> 28> 29> 30> 31> 32> 33> 34> 35> (0 rows affected)
(24 rows affected)
(0 rows affected)
(1 row affected)
(0 rows affected)
1> 2> 3> 4> 5> 6> 7> 8> 9> (31908 rows affected)
1> 2> 3> 4> 5> 6> 7> (0 rows affected)
1> 2> 3> 4> 5> 6> 7> 8> 9> 10> 11> 12> 13> 14> 15> 16> 17> 18> 19> 20> 21> 22> 23> 24> 25> 26> 27> 28> 29> 30> 31> (132 rows affected)
1> 2> 3> 4> 5> 6> (0 rows affected)
1> 2> 3> 4> 5> 6> 7> 8> 9> 10> 11> 12> 13> 14> 15> 16> 17> 18> 19> 20> 21> 22> 23> 24> 25> 26> 27> 28> 29> 30> 31> 32> 33> 34> 35> 36> 37> 38> 39> 40> 41> 42> 43> 44> 45> 46> 47> 48> 49> 50> 51> 52> 53> 54> 55> 56> 57> 58> 59> 60> 61> 62> 63> 64> 65> 66> 67> 68> 69> 70> 71> 72> 73> 74> 75> 76> 77> 78> 79> 80> 81> 82> 83> 84> 85> 86> 87> 88> 89> 90> 91> 92> 93> 94> 95> 96> 97> 98> 99> 100> 101> 102> 103> 104> 105> 106> 107> 108> 109> 110> 111> 112> 113> 114> 115> 116> 117> 118> 119> 120> 121> 122> 123> 124> 125> 126> 127> 128> 129> (144 rows affected)
1> 2> 3> 4> 5> 6> 7> 8> 9> 10> 11> 12> 13> 14> 15> 16> 17> 18> 19> 20> 21> 22> 23> 24> 25> 26> 27> 28> 29> 30> 31> 32> 33> 34> 35> 36> 37> 38> 39> 40> 41> 42> 43> 44> 45> 46> 47> 48> 49> 50> 51> 52> 53> 54> 55> 56> 57> 58> 59> 60> 61> 62> 63> 64> 65> 66> 67> 68> 69> 70> 71> 72> 73> 74> 75> 76> 77> 78> 79> 80> 81> 82> 83> 84> 85> 86> 87> 88> 89> 90> 91> 92> 93> 94> 95> 96> 97> 98> 99> 100> 101> 102> 103> 104> 105> 106> 107> 108> 109> 110> 111> 112> 113> 114> 115> 116> 117> 118> 119> 120> 121> 122> 123> 124> 125> 126> 127> 128> 129> 130> (131 rows affected)
1> 2> 3> 4> (0 rows affected)
1> 2> 3> 4> 5> 6> (360 rows affected)
1> 2> 3> (0 rows affected)
1> 2> 3> 4> 5> 6> 7> 8> 9> 10> 11> 12> 13> 14> 15> 16> 17> 18> (15 rows affected)
1> 2> 3> 4> 5> 6> 7> 8> 9> 10> 11> 12> 13> 14> 15> 16> 17> 18> 19> 20> (10 rows affected)
1> 2> 3> 4> 5> 6> 7> 8> 9> 10> 11> 12> 13> 14> 15> 16> (5 rows affected)
1> 2> 3> 4> 5> 6> 7> 8> 9> 10> 11> 12> 13> (27654 rows affected)
1> 2> 3> (0 rows affected)
1> 2> 3> 4> 5> 6> 7> 8> 9> 10> 11> 12> 13> 14> 15> 16> (68 rows affected)
(1 row affected)
1> 2> 3> 4> 5> 6> 7> 8> 9> 10> 11> over!
