Invalid object name 'tempOutputRx'.
Invalid object name 'tempOutputRx'.
Invalid object name 'tempOutputRx'.
Invalid object name 'tempOutputRx'.
The multi-part identifier "b.Department_en" could not be bound.
Invalid object name 'tempOutputRx'.
Invalid object name 'tempOutpuTRx'.
Invalid object name 'tempOutpuTRx'.
Invalid object name 'tempOutpuTRx'.
Invalid object name 'tempOutpuTRx'.
Invalid object name 'tempOutpuTRx'.
Invalid object name 'tempOutpuTRx'.
Invalid object name 'tempOutputRx'.
Invalid object name 'tempOutpuTRx'.
Invalid object name 'tempOutpuTRx'.
Invalid object name 'tempOutpuTRx'.
Invalid object name 'tempOutpuTRx'.
Invalid object name 'tempOutpuTRx'.
Invalid object name 'tempOutpuTRx'.
Invalid object name 'Output_CIA_CV_Modification_Slide_1'.
There is already an object named 'OutputRx_bak' in the database.
Msg 208, Level 16, State 1, Server DB4, Line 1
Msg 208, Level 16, State 1, Server DB4, Line 1
Msg 208, Level 16, State 1, Server DB4, Line 4
Msg 208, Level 16, State 1, Server DB4, Line 3
Msg 4104, Level 16, State 1, Server DB4, Line 2
Msg 208, Level 16, State 1, Server DB4, Line 1
Msg 208, Level 16, State 1, Server DB4, Line 2
Msg 208, Level 16, State 1, Server DB4, Line 2
Msg 208, Level 16, State 1, Server DB4, Line 2
Msg 208, Level 16, State 1, Server DB4, Line 2
Msg 208, Level 16, State 1, Server DB4, Line 2
Msg 208, Level 16, State 1, Server DB4, Line 2
Msg 208, Level 16, State 1, Server DB4, Line 1
Msg 208, Level 16, State 1, Server DB4, Line 2
Msg 208, Level 16, State 1, Server DB4, Line 2
Msg 208, Level 16, State 1, Server DB4, Line 2
Msg 208, Level 16, State 1, Server DB4, Line 2
Msg 208, Level 16, State 1, Server DB4, Line 2
Msg 208, Level 16, State 1, Server DB4, Line 2
Msg 208, Level 16, State 1, Server DB4, Line 5
Msg 2714, Level 16, State 6, Server DB4, Line 1
