Invalid column name 'H19'.
Invalid column name 'H18'.
Invalid column name 'H17'.
Invalid column name 'H16'.
Invalid column name 'H15'.
Invalid column name 'H14'.
Invalid column name 'H13'.
Invalid column name 'H12'.
Invalid column name 'H11'.
Invalid column name 'H10'.
Invalid column name 'H9'.
Invalid column name 'H8'.
Invalid object name 'tempOutputRx'.
Msg 207, Level 16, State 1, Server DB4, Line 3
Msg 207, Level 16, State 1, Server DB4, Line 3
Msg 207, Level 16, State 1, Server DB4, Line 3
Msg 207, Level 16, State 1, Server DB4, Line 3
Msg 207, Level 16, State 1, Server DB4, Line 3
Msg 207, Level 16, State 1, Server DB4, Line 3
Msg 207, Level 16, State 1, Server DB4, Line 3
Msg 207, Level 16, State 1, Server DB4, Line 3
Msg 207, Level 16, State 1, Server DB4, Line 3
Msg 207, Level 16, State 1, Server DB4, Line 3
Msg 207, Level 16, State 1, Server DB4, Line 3
Msg 207, Level 16, State 1, Server DB4, Line 3
Msg 208, Level 16, State 1, Server DB4, Line 1
Invalid object name 'tempOutputRx'.
Msg 208, Level 16, State 1, Server DB4, Line 2
Invalid object name 'tempOutputRx'.
Cannot find the object "tempOutputRx" because it does not exist or you do not
have permissions.
Cannot find the object "tempOutputRx" because it does not exist or you do not
have permissions.
Msg 208, Level 16, State 1, Server DB4, Line 1
Msg 4902, Level 16, State 1, Server DB4, Line 1
Msg 4902, Level 16, State 1, Server DB4, Line 1
Invalid object name 'tempOutputRx'.
Msg 208, Level 16, State 1, Server DB4, Line 1
Invalid object name 'tempOutputRx'.
Invalid object name 'tempOutputRx'.
Invalid object name 'tempoutputRx'.
Invalid object name 'Output_CIA_CV_Modification_Slide_1'.
Invalid object name 'Output_CIA_CV_Modification_Slide_1'.
Msg 208, Level 16, State 1, Server DB4, Line 1
Msg 208, Level 16, State 1, Server DB4, Line 3
Msg 208, Level 16, State 1, Server DB4, Line 2
Msg 208, Level 16, State 1, Server DB4, Line 42
Msg 208, Level 16, State 1, Server DB4, Line 3
