1> 2> 1> 2> 3> 4> 5> 6> 7> 8> 9> 10> 11> 12> 13> 14> 15> 16> 17> 18> 19> 20> 21> 22> 23> 24> 25> 26> 27> 28> 29> 30> 31> 32> 33> 34> 35> 1> 2> 3> 4> 5> 6> 7> 8> 9> 10> 11> 12> 13> 14> 15> 16> [SQL Server Native Client 11.0]COUNT field incorrect or syntax error
1> 2> 3> 4> 5> 1> 2> 3> 4> 5> 6> 7> 8> 9> 10> 11> 12> 13> 14> 15> 16> 17> 18> 19> 20> 21> 22> 23> 24> 25> 26> 27> 28> 29> 30> 31> 32> 33> 1> 2> 3> 4> 5> 6> 7> 8> 9> 10> 11> 12> 13> 14> 15> 16> 17> (45210 rows affected)
1> 2> 3> 4> 5> 6> 7> 8> 9> 10> 11> 12> 13> 14> 15> (45210 rows affected)
1> 2> 3> 4> 5> 6> 7> 8> 9> 10> 11> 12> 13> 14> 15> (45210 rows affected)
1> 2> 3> (107394 rows affected)
1> 2> (107487 rows affected)
1> 2> (107385 rows affected)
1> 2> (95865 rows affected)
1> 2> (96153 rows affected)
1> 2> (96498 rows affected)
1> 2> (98586 rows affected)
1> 2> (98403 rows affected)
1> 2> (98187 rows affected)
1> 2> (98181 rows affected)
1> 2> (98652 rows affected)
1> 2> (92877 rows affected)
1> 2> (92754 rows affected)
1> 2> (92664 rows affected)
1> 2> (92907 rows affected)
1> 2> (114606 rows affected)
1> 2> (114480 rows affected)
1> 2> (114861 rows affected)
1> 2> (114726 rows affected)
1> 2> (118035 rows affected)
1> 2> (117897 rows affected)
1> 2> (118308 rows affected)
1> 2> (118449 rows affected)
1> 2> (112044 rows affected)
1> 2> (112107 rows affected)
1> 2> (112578 rows affected)
1> 2> 3> 4> 5> 6> (113169 rows affected)
(1 row affected)
