1> 2> 1> 2> 3> 4> 5> 6> 7> 8> 9> 10> 11> 12> 13> 14> 15> 16> 17> 18> 19> 20> 21> 22> 23> 24> 25> 26> 27> 28> 29> 30> 31> 32> (1 row affected)
(767 rows affected)

-----------------------------------
		tblHKAPI_QTR_RMB
-----------------------------------
1> 2> 3> 4> 5> 6> 7> 8> 9> 10> 11> 12> 13> 14> 15> 16> 17> 18> 19> 20> 21> 22> 23> 24> 25> 26> 27> 28> 29> 30> (677 rows affected)
1> 2> 3> 4> 5> 6> 7> 8> 9> 
-----------------------------------
		tblHKAPI_QTR_USD
-----------------------------------
1> 2> 3> 4> 5> 6> 7> 8> 9> 10> 11> 12> 13> 14> 15> 16> 17> 18> 19> 20> 21> 22> 23> 24> 25> 26> 27> 28> 29> 30> (677 rows affected)
1> 2> 3> 4> 5> 6> 7> 8> 9> 
-----------------------------------
		tblOutput_HKAPI
-----------------------------------
1> 2> 3> 4> 5> 6> 7> 8> 9> 10> 11> 12> 13> 14> 15> 16> 17> (677 rows affected)
1> 2> 3> 4> 5> 6> 7> 8> 9> 10> 11> 12> 13> 14> 15> 16> 17> 18> 19> 20> 21> 22> 23> 24> 25> 26> 27> 28> 29> (677 rows affected)
1> 2> 3> 4> 5> 6> 7> 8> 9> 10> 11> 12> 13> 14> 15> 16> 17> 18> 19> 20> 21> 22> (0 rows affected)
(0 rows affected)
(226 rows affected)
(226 rows affected)
(0 rows affected)
(0 rows affected)
(231 rows affected)
(231 rows affected)
(0 rows affected)
(0 rows affected)
(235 rows affected)
(235 rows affected)
(0 rows affected)
(0 rows affected)
(246 rows affected)
(246 rows affected)
(0 rows affected)
(0 rows affected)
(221 rows affected)
(221 rows affected)
(0 rows affected)
(0 rows affected)
(200 rows affected)
(200 rows affected)
(0 rows affected)
(0 rows affected)
(212 rows affected)
(212 rows affected)
(0 rows affected)
(0 rows affected)
(214 rows affected)
(214 rows affected)
(0 rows affected)
(0 rows affected)
(198 rows affected)
(198 rows affected)
(0 rows affected)
(0 rows affected)
(197 rows affected)
(197 rows affected)
(0 rows affected)
(0 rows affected)
(231 rows affected)
(231 rows affected)
(0 rows affected)
(0 rows affected)
(184 rows affected)
(184 rows affected)
(0 rows affected)
(0 rows affected)
(199 rows affected)
(199 rows affected)
(0 rows affected)
(0 rows affected)
(213 rows affected)
(213 rows affected)
(0 rows affected)
(0 rows affected)
(242 rows affected)
(242 rows affected)
(0 rows affected)
(0 rows affected)
(209 rows affected)
(209 rows affected)
(0 rows affected)
(0 rows affected)
(214 rows affected)
(214 rows affected)
(0 rows affected)
(0 rows affected)
(221 rows affected)
(221 rows affected)
(0 rows affected)
(0 rows affected)
(257 rows affected)
(257 rows affected)
(0 rows affected)
(0 rows affected)
(254 rows affected)
(254 rows affected)
(0 rows affected)
(0 rows affected)
(255 rows affected)
(255 rows affected)
(0 rows affected)
(0 rows affected)
(0 rows affected)
(0 rows affected)
(268 rows affected)
(268 rows affected)
(0 rows affected)
(0 rows affected)
(0 rows affected)
(0 rows affected)
(0 rows affected)
(0 rows affected)
(295 rows affected)
(295 rows affected)
(0 rows affected)
(0 rows affected)
(0 rows affected)
(0 rows affected)
(0 rows affected)
(0 rows affected)
(0 rows affected)
(0 rows affected)
(267 rows affected)
(267 rows affected)
1> 2> 3> 4> 5> 6> 7> 8> 9> 10> 11> 12> 13> 14> 15> 16> 17> 18> 19> 20> 21> 22> 23> 24> 
-----------------------------------
		tblQueryToolDriverHK
-----------------------------------
(1 row affected)
1> 2> 3> 4> 5> 6> 7> 8> 9> 10> 11> 12> 13> 14> 15> 16> 17> 18> 19> 20> 21> 22> 23> 24> 25> 26> 27> 28> (0 rows affected)
(0 rows affected)
(1 row affected)
(0 rows affected)
(0 rows affected)
(1 row affected)
