1> 2> 1> 2> 3> 4> 5> 6> 7> 8> 9> 10> 11> (1 row affected)
1> 2> (0 rows affected)
1> 2> 3> 4> 5> 6> --tblOutput_Rx_TA_RMB_3M_Inline
1> 2> 3> (0 rows affected)
1> 2> 3> 1> 2> 3> 4> 5> 6> 7> 1> 2> 3> 4> --tblOutput_Rx_TA_USD_3M_Inline
1> 2> 3> (0 rows affected)
1> 2> 3> 1> 2> 3> 4> 5> 6> 7> 1> 2> 3> 4> --tblOutput_Rx_TA_Rx_3M_Inline
1> 2> 3> (0 rows affected)
1> 2> 3> 1> 2> 3> 4> 5> 6> 7> 1> 2> 3> 4> --tblOutput_Rx_TA_RMB_MAT_Inline
1> 2> 3> (0 rows affected)
1> 2> 3> 1> 2> 3> 4> 5> 6> 7> 1> 2> 3> 4> --tblOutput_Rx_TA_USD_MAT_Inline
1> 2> 3> (0 rows affected)
1> 2> 3> 1> 2> 3> 4> 5> 6> 7> 1> 2> 3> 4> --tblOutput_Rx_TA_Rx_MAT_Inline
1> 2> 3> (0 rows affected)
1> 2> 3> 1> 2> 3> 4> 5> 6> 7> 1> 2> 3> 4> 5> 6> --tblOutput_Rx_TA_RMB_3M_Pipeline
1> 2> 3> (0 rows affected)
1> 2> 3> 1> 2> 3> 4> 5> 6> 7> 1> 2> 3> 4> --tblOutput_Rx_TA_USD_3M_Pipeline
1> 2> 3> (0 rows affected)
1> 2> 3> 1> 2> 3> 4> 5> 6> 7> 1> 2> 3> 4> --tblOutput_Rx_TA_Rx_3M_Pipeline
1> 2> 3> (0 rows affected)
1> 2> 3> 1> 2> 3> 4> 5> 6> 7> 1> 2> 3> 4> --tblOutput_Rx_TA_RMB_MAT_Pipeline
1> 2> 3> (0 rows affected)
1> 2> 3> 1> 2> 3> 4> 5> 6> 7> 1> 2> 3> 4> --tblOutput_Rx_TA_USD_MAT_Pipeline
1> 2> 3> (0 rows affected)
1> 2> 3> 1> 2> 3> 4> 5> 6> 7> 1> 2> 3> 4> 5> --tblOutput_Rx_TA_Rx_MAT_Pipeline
1> 2> 3> (0 rows affected)
1> 2> 3> 1> 2> 3> 4> 5> 6> 7> 1> 2> 3> 4> 5> --tblOutput_Rx_TA_RMB_3M_Global
1> 2> 3> (0 rows affected)
1> 2> 3> 1> 2> 3> 4> 5> 6> 7> 1> 2> 3> 4> --tblOutput_Rx_TA_USD_3M_Global
1> 2> 3> (0 rows affected)
1> 2> 3> 1> 2> 3> 4> 5> 6> 7> 1> 2> 3> 4> --tblOutput_Rx_TA_Rx_3M_Global
1> 2> 3> (0 rows affected)
1> 2> 3> 1> 2> 3> 4> 5> 6> 7> 1> 2> 3> 4> --tblOutput_Rx_TA_RMB_MAT_Global
1> 2> 3> (0 rows affected)
1> 2> 3> 1> 2> 3> 4> 5> 6> 7> 1> 2> 3> 4> --tblOutput_Rx_TA_USD_MAT_Global
1> 2> 3> (0 rows affected)
1> 2> 3> 1> 2> 3> 4> 5> 6> 7> 1> 2> 3> 4> --tblOutput_Rx_TA_Rx_MAT_Global
1> 2> 3> (0 rows affected)
1> 2> 3> 1> 2> 3> 4> 5> 6> 7> 1> 2> 3> 4> --tblOutput_Rx_TA_Volume_3M_Inline
1> 2> 3> (0 rows affected)
1> 2> 3> 1> 2> 3> 4> 5> 6> 7> 1> 2> 3> 4> 5> --tblOutput_Rx_TA_Volume_MAT_Inline
1> 2> 3> (0 rows affected)
1> 2> 3> 1> 2> 3> 4> 5> 6> 7> 1> 2> 3> 4> --tblOutput_Rx_TA_Volume_3M_Pipeline
1> 2> 3> (0 rows affected)
1> 2> 3> 1> 2> 3> 4> 5> 6> 7> 1> 2> 3> 4> 5> 6> --tblOutput_Rx_TA_Volume_MAT_Pipeline
1> 2> 3> (0 rows affected)
1> 2> 3> 1> 2> 3> 4> 5> 6> 7> 1> 2> 3> 4> --tblOutput_Rx_TA_Volume_3M_Global
1> 2> 3> (0 rows affected)
1> 2> 3> 1> 2> 3> 4> 5> 6> 7> 1> 2> 3> 4> --tblOutput_Rx_TA_Volume_MAT_Global
1> 2> 3> (0 rows affected)
1> 2> 3> 1> 2> 3> 4> 5> 6> 7> 1> 2> 3> 4> 5> 6> 7> 8> 9> 10> 11> 12> 13> 14> 15> 16> 17> 18> 19> 20> 21> 22> 23> 24> 25> 26> 27> 28> 29> 30> 31> 32> 33> 34> 35> 36> 37> 1> 2> 3> 4> 5> 6> 7> 8> 9> 10> 11> 12> 13> 14> 15> 16> 17> 18> 19> 20> 21> 22> 1> 2> 3> 4> 5> 6> 1> 2> 3> 4> 5> 6> 7> 8> 9> 10> 11> 12> 13> 14> 15> 16> 17> 18> 19> 20> 21> 22> 1> 2> 3> 4> 5> 6> 1> 2> 3> 4> 5> 6> 7> 8> 9> 10> 11> 12> 13> 14> 15> 16> 17> 18> 19> 20> 21> 22> 1> 2> 3> 4> 5> 6> 7> 1> 2> 3> 4> 5> 6> 7> 8> 9> 10> 11> 12> 13> 14> 15> 16> 17> 18> 19> 20> 21> 22> 1> 2> 3> 4> 5> 6> 7> 8> 1> 2> 3> 4> 5> 6> 7> 8> 9> 10> 11> 12> 13> 14> 15> 16> 17> 18> 19> 1> 2> 3> 4> 5> 6> 1> 2> 3> 4> 5> 6> 7> 8> 9> 10> 11> 12> 13> 14> 15> 16> 17> 18> 19> 1> 2> 3> (1 row affected)
