Incorrect syntax near '§‹'.
Msg 102, Level 15, State 1, Server QA82, Line 18
Incorrect syntax near 'BMSCNProc_bak'.
Incorrect syntax near '+@indate+'.
Incorrect syntax near 'BMSCNProc_bak'.
Incorrect syntax near '+@indate+'.
Unclosed quotation mark after the character string ')
'.
Msg 102, Level 15, State 1, Server QA82, Line 28
Msg 102, Level 15, State 1, Server QA82, Line 29
Msg 102, Level 15, State 1, Server QA82, Line 32
Msg 102, Level 15, State 1, Server QA82, Line 33
Msg 105, Level 15, State 1, Server QA82, Line 34
Incorrect syntax near '¯å'.
There is already an object named 'test' in the database.
Invalid column name 'RxProd_Cod'.
Invalid column name 'Product_CN'.
Invalid column name 'RxProd_Cod'.
Invalid column name 'Product_CN'.
Msg 102, Level 15, State 1, Server QA82, Line 7
Msg 2714, Level 16, State 6, Server QA82, Line 1
Msg 207, Level 16, State 1, Server QA82, Line 5
Msg 207, Level 16, State 1, Server QA82, Line 5
Msg 207, Level 16, State 1, Server QA82, Line 6
Msg 207, Level 16, State 1, Server QA82, Line 6
Incorrect syntax near ','.
Unclosed quotation mark after the character string ',null,null
'.
Msg 102, Level 15, State 1, Server QA82, Line 2
Msg 105, Level 15, State 1, Server QA82, Line 2
