1> 2> 1> 2> 3> 4> (1 row affected)
1> 2> 3> 4> 5> 6> 7> 8> 9> 10> 11> 12> 13> 14> 15> (10 rows affected)
Caution: Changing any part of an object name could break scripts and stored
procedures.
(0 rows affected)
Caution: Changing any part of an object name could break scripts and stored
procedures.
1> 2> 3> 4> 5> 6> 7> 8> 9> 10> 11> 12> 13> 14> 15> 16> 17> 18> 19> (0 rows affected)
1> 2> 3> 4> 5> 6> 1> 2> 3> 4> 5> 6> 7> 8> 9> 10> 11> 12> 13> 14> 15> 16> 17> 18> 19> 20> 21> 22> 23> 24> 25> 26> 27> 28> 1> 2> 3> 4> 5> 6> 7> 8> 9> 10> 11> 12> 13> 14> 15> 16> (0 rows affected)
1> 2> 3> 4> 5> 6> 7> 8> 9> 10> 11> (0 rows affected)
1> 2> 3> 4> 5> 6> 7> 8> 9> 10> 11> 12> (0 rows affected)
1> 2> 3> 4> 5> 6> 7> 8> 9> 10> 11> 12> (0 rows affected)
1> 2> 3> 4> 5> (0 rows affected)
1> 2> (0 rows affected)
1> 2> (0 rows affected)
1> 2> (0 rows affected)
1> 2> (0 rows affected)
1> 2> (0 rows affected)
1> 2> (0 rows affected)
1> 2> (0 rows affected)
1> 2> (0 rows affected)
1> 2> (0 rows affected)
1> 2> (0 rows affected)
1> 2> (0 rows affected)
1> 2> (0 rows affected)
1> 2> (0 rows affected)
1> 2> (0 rows affected)
1> 2> (0 rows affected)
1> 2> (0 rows affected)
1> 2> (0 rows affected)
1> 2> (0 rows affected)
1> 2> (0 rows affected)
1> 2> (1 row affected)
