1> 2> 3> 4> 5> 6> 7> 8> 9> 10> 1> 2> 3> 4> 5> 6> 7> 8> 9> 10> 11> 12> 13> 14> 15> 16> 17> 18> 19> 20> 21> 22> 23> 24> (1 row affected)
(4792 rows affected)
1> 2> 3> 4> 5> 6> 7> 1> 2> 3> 4> 5> 6> 7> 8> 9> 10> 11> 12> 13> 14> 15> 16> 17> 18> 19> (4812 rows affected)
1> 2> 3> 4> 5> 6> 7> 8> 9> 10> 11> 12> 13> 14> 15> 16> 17> 18> 19> 20> 21> 22> (387 rows affected)
(206 rows affected)
1> 2> 3> 4> 5> 6> 7> 8> 9> 10> 11> 12> 13> 14> 15> 16> 17> 18> 19> 20> 21> 22> 23> 24> 25> (235 rows affected)
1> 2> (0 rows affected)
1> 2> 3> 4> 5> 6> 7> 8> 9> 10> 11> 12> 13> 14> 15> 16> 17> 18> 19> 20> 21> 22> (16 rows affected)
(39 rows affected)
(33 rows affected)
1> 2> 3> 4> 5> 6> 7> 8> 9> 10> 11> 12> 13> 14> 15> 16> 17> 18> 19> 20> 21> (80 rows affected)
(80 rows affected)
1> 2> 3> (1633 rows affected)
1> 2> 3> 4> 5> 6> 7> 8> 9> 10> 11> 12> (4810 rows affected)
1> 2> 3> 4> 5> 6> 7> (80 rows affected)
1> 2> 3> 4> 5> 6> 7> 8> 9> 10> 11> 12> 13> 14> 15> 16> 17> 18> 19> 20> 21> 22> 23> 24> 25> 26> 27> (206 rows affected)
(235 rows affected)
(3 rows affected)
(8 rows affected)
(3 rows affected)
(8 rows affected)
(11 rows affected)
(3 rows affected)
(11 rows affected)
(7 rows affected)
(1 row affected)
