1> 2> 1> 2> 3> 4> 5> 6> 7> (1 row affected)
--tblDataMonthConv
1> 2> (48 rows affected)
1> 2> 3> 4> --tblCityListForHospital
1> 2> 3> (187 rows affected)
1> 2> 3> 4> --tblQueryToolDriverHosp
1> 2> 3> (4810 rows affected)
1> 2> 3> 4> --tblHospitalList
1> 2> (2995 rows affected)
1> 2> 3> 4> --tblOutput_Hosp_TA_UNT_MTH_Inline
1> 2> 3> (1115857 rows affected)
1> 2> 3> 1> 2> 3> 4> 5> 6> 7> 8> 1> 2> 3> 4> 9--tblOutput_Hosp_TA_USD_MTH_Inline
1> 2> 3> (1115857 rows affected)
1> 2> 3> 1> 2> 3> 4> 5> 6> 7> 1> 2> 3> 4> --tblOutput_Hosp_TA_UNT_MAT_Inline
1> 2> 3> (1115857 rows affected)
1> 2> 3> 1> 2> 3> 4> 5> 6> 7> 1> 2> 3> 4> --tblOutput_Hosp_TA_RMB_MQT_Inline
1> 2> 3> (1115857 rows affected)
1> 2> 3> 1> 2> 3> 4> 5> 6> 7> 1> 2> 3> 4> --tblOutput_Hosp_TA_UNT_MQT_Inline
1> 2> 3> (1115857 rows affected)
1> 2> 3> 1> 2> 3> 4> 5> 6> 7> 1> 2> 3> 4> --tblOutput_Hosp_TA_USD_MQT_Inline
1> 2> 3> (1115857 rows affected)
1> 2> 3> 1> 2> 3> 4> 5> 6> 7> 1> 2> 3> 4> --tblOutput_Hosp_TA_USD_YTD_Inline
1> 2> 3> (1115857 rows affected)
1> 2> 3> 1> 2> 3> 4> 5> 6> 7> 1> 2> 3> 4> --tblOutput_Hosp_TA_UNT_YTD_Inline
1> 2> 3> (1115857 rows affected)
1> 2> 3> 1> 2> 3> 4> 5> 6> 7> 1> 2> 3> 4> --tblOutput_Hosp_TA_RMB_MAT_Inline
1> 2> 3> (1115857 rows affected)
1> 2> 3> 1> 2> 3> 4> 5> 6> 7> 1> 2> 3> 4> --tblOutput_Hosp_TA_USD_MAT_Inline
1> 2> 3> (1115857 rows affected)
1> 2> 3> 1> 2> 3> 4> 5> 6> 7> 1> 2> 3> 4> --tblOutput_Hosp_TA_RMB_YTD_Inline
1> 2> 3> (1115857 rows affected)
1> 2> 3> 1> 2> 3> 4> 5> 6> 7> 1> 2> 3> 4> --tblOutput_Hosp_TA_RMB_MTH_Inline
1> 2> 3> (1115857 rows affected)
1> 2> 3> 1> 2> 3> 4> 5> 6> 7> 8> 9> 10> 11> 12> 13> 14> 1> 2> 3> 4> 5> 6> 7> 8> 9> 10> 11> 12> 13> 14> 15> 16> 17> 18> 19> 20> 21> 22> 23> 24> 25> 26> 27> 28> 29> 30> 31> 32> 33> 34> 35> 36> 37> 1> 2> 3> 4> 1> 2> 3> 4> 5> 6> 7> 8> 9> 10> 11> 12> 13> 14> 15> 16> 17> 18> 19> 20> 21> 22> 23> 24> 25> 26> 27> 28> 29> 30> 31> 32> 33> 34> 35> 36> 37> 1> 2> 3> 4> 5> 1> 2> 3> 4> 5> 6> 7> 8> 9> 10> 11> 12> 13> 14> 15> 16> 17> 18> 19> 20> 21> 22> 23> 24> 25> 26> 27> 28> 29> 30> 31> 32> 33> 34> 35> 36> 37> 1> 2> 3> 4> 5> 6> 1> 2> 3> 4> 5> 6> 7> 8> 9> 10> 11> 12> 13> 14> 15> 16> 17> 18> 19> 20> 21> 22> 23> 24> 25> 26> 27> 28> 29> 30> 31> 32> 33> 34> 35> 36> 37> 1> 2> 3> 4> (1 row affected)
