1> 2> 1> 2> 3> 4> 5> 6> 7> 8> 9> 10> 11> 12> 13> 14> 15> 16> 17> (1 row affected)
(3041 rows affected)
1> 2> 3> 1> 2> 3> 4> 5> (2995 rows affected)
1> 2> 3> 4> (0 rows affected)
1> 2> 3> 4>                                                                                
 ----------------------------------------------------------------------------- 
 Duplicated hospitals in raw tblHospitalmaster: 0                              

(1 row affected)
1> 2> 3>                                                                                
	     
 ------------------------------------------------------------------------------
	---- 
 Duplicated hospitals in dedupped tblHospitalmaster: 0                         
	     

(1 row affected)
1> 2> 1> 2> 3> 4> 5> 6> 7> 8> 9> (2995 rows affected)
1> 2> 3> 4> 5> 6> 1> 2> 3> 4> 5> 6> 7> 8> 9> 10> 11> 12> (1533330 rows affected)
1> 2> 3> 4> 5> 6> 7> 8> 9> 10> 11> 12> 13> (526371 rows affected)
1> 2> 3> 4> 5> 6> 7> 8> 9> 10> 11> 12> (160195 rows affected)
1> 2> 3> 4> 5> 6> 7> 8> 9> 10> 11> 12> 13> 14> 15> 16> 17> 18> 19> 20> 21> (7603 rows affected)
1> 2> 3> 4> 5> 6> 7> 8> 9> 10> 11> 12> 13> 14> 15> 16> 17> 18> 19> 20> (0 rows affected)
1> 2> 3> 4> 5> 6> 7> 8> 9> 10> 11> 12> 13> 14> 15> 16> 17> 18> 19> 20> 21> 22> 23> (1270 rows affected)
(2228769 rows affected)
1> 2> 3> 4> 5> 1> 2> 3> 4> 5> 6> 7> 8> 9> 10> 11> 12> 13> 14> 15> 16> 17> 18> 19> 20> 21> 22> 23> 24> 25> 26> 27> 28> 29> 30> 31> 32> 33> 34> 35> 36> 37> 38> 39> 40> 41> 42> 43> 44> 45> 46> 47> 48> 49> 50> 51> 52> 53> 54> 1> 2> 3> 4> 5> 6> 7> 8> 9> 10> 11> 12> 13> (152788 rows affected)
1> 2> 3> 4> 5> 6> 7> 8> 9> 10> 11> 12> 13> (152788 rows affected)
1> 2> 3> 4> 5> 6> 7> 8> 9> 10> 11> 12> 13> (152788 rows affected)
1> 2> 3> (296853 rows affected)
1> 2> (307758 rows affected)
1> 2> (293784 rows affected)
1> 2> (300198 rows affected)
1> 2> (300402 rows affected)
1> 2> (299916 rows affected)
1> 2> (301002 rows affected)
1> 2> (300375 rows affected)
1> 2> (299379 rows affected)
1> 2> (324147 rows affected)
1> 2> (292140 rows affected)
1> 2> (287022 rows affected)
1> 2> (291912 rows affected)
1> 2> (305727 rows affected)
1> 2> (288621 rows affected)
1> 2> (296757 rows affected)
1> 2> (308319 rows affected)
1> 2> (294423 rows affected)
1> 2> (299940 rows affected)
1> 2> (299091 rows affected)
1> 2> (310632 rows affected)
1> 2> (310647 rows affected)
1> 2> (296487 rows affected)
1> 2> (318567 rows affected)
1> 2> 3> 4> (366537 rows affected)
1> 2> (338745 rows affected)
1> 2> (361047 rows affected)
1> 2> (347745 rows affected)
1> 2> (343485 rows affected)
1> 2> (343800 rows affected)
1> 2> (345381 rows affected)
1> 2> (343239 rows affected)
1> 2> (345489 rows affected)
1> 2> (338394 rows affected)
1> 2> (351864 rows affected)
1> 2> (347358 rows affected)
1> 2> (338250 rows affected)
1> 2> (314475 rows affected)
1> 2> (354054 rows affected)
1> 2> (325599 rows affected)
1> 2> (320622 rows affected)
1> 2> (324237 rows affected)
1> 2> (323487 rows affected)
1> 2> (323088 rows affected)
1> 2> (325596 rows affected)
1> 2> (316860 rows affected)
1> 2> (328473 rows affected)
1> 2> (323592 rows affected)
1> 2> (1 row affected)
