1> 2> 3> 4> 5> 6> 7> 8> 9> 1> 2> 3> 4> 5> 6> (1 row affected)
1> 2> 3> 4> 5> 6> 7> 8> 9> (4810 rows affected)
1> 2> 3> 1> 2> 3> 4> (1633 rows affected)
1> 2> 3> 1> 2> 3> 4> (1633 rows affected)
1> 2> 3> 4> 5> (1633 rows affected)
1> 2> 3> 4> 1> 2> 3> 4> 5> 6> 7> 8> 9> 10> 11> 12> 13> 14> 15> 16> 17> 18> 19> 20> (2318256 rows affected)
1> 2> 3> (2318256 rows affected)
1> 2> 3> 4> 1> 2> 3> 4> 5> 6> 7> 8> 9> 10> 11> 12> 13> 14> (2153604 rows affected)
1> 2> 3> 4> 5> 6> 7> 8> 9> 10> (2153604 rows affected)
1> 2> 3> 4> 5> 6> 7> 8> 9> 10> 11> 12> 13> 14> 15> 16> 17> 18> 19> (1115220 rows affected)
1> 2> 3> 4> 5> 6> 7> 8> 9> 10> 11> 12> 13> 14> 15> 16> 17> 18> 19> 20> (362376 rows affected)
1> 2> 3> 4> 5> 6> 7> 8> 9> 10> 11> 12> 13> 14> 15> 16> (171972 rows affected)
1> 2> 3> 4> 5> 6> 7> 8> 9> 10> 11> 12> 13> 14> 15> 16> 17> 18> 19> 20> 21> 22> (1599828 rows affected)
1> 2> 3> 4> 5> 6> 7> 8> 9> 10> 11> 12> 13> 14> 15> 16> (234876 rows affected)
1> 2> 3> 4> 5> 6> 7> 8> 9> 10> 11> 12> 13> 14> (2862252 rows affected)
1> 2> 3> 4> 5> 6> 7> 8> 9> 10> 11> 12> 13> 14> (2303604 rows affected)
1> 2> 3> 4> 5> 6> 7> 8> 9> 10> 11> 12> 13> (268296 rows affected)
1> 1> 2> 3> 1> 2> 3> (327384 rows affected)
1> 2> 3> 1> 2> 3> 4> 5> 1> 2> 3> 4> 5> 6> (13390284 rows affected)
1> 2> 3> 4> 5> 6> 7> 8> 9> 10> 11> 12> 13> 14> 15> 16> 17> 18> 19> 20> 21> 22> 23> 24> 25> 26> 27> 28> 29> 30> 31> 32> 33> 34> 35> 36> 37> 38> 39> 40> 41> 42> 43> 44> 45> 46> 47> 48> 49> 50> 51> 52> 53> 54> (13390284 rows affected)
1> 2> 3> 4> 5> 6> 1> 2> 3> 4> 5> 6> 7> 8> 9> 10> (13390284 rows affected)
1> 2> 3> 4> 5> 6> (1 row affected)
