1> 2> 1> 2> 3> 4> 5> 6> 7> 8> 9> 10> 11> 12> 13> 14> 15> 16> 17> 18> 19> 20> (1 row affected)
1> 2> 3> 4> 5> 6> 7> 8> 9> 10> 11> 12> 13> 14> 15> 201608
(8 rows affected)
(4550351 rows affected)
(6353 rows affected)
(3 rows affected)
(19975 rows affected)
(263 rows affected)
(99755 rows affected)
(57265 rows affected)
(80777 rows affected)
(1223 rows affected)
1> 2> 3> 4> 5> 6> 7> 8> (8 rows affected)
1> 2> 3> 4> 5> (6353 rows affected)
1> 2> 3> 4> (3 rows affected)
1> 2> 3> 4> (19975 rows affected)
1> 2> 3> 4> (263 rows affected)
1> 2> 3> 4> 5> (99755 rows affected)
1> 2> 3> 4> 5> (57265 rows affected)
1> 2> 3> 4> (1223 rows affected)
1> 2> 3> 4> 5> 6> 7> 8> 9> (0 rows affected)
1> 2> 3> (0 rows affected)
(0 rows affected)
1> 2> 3> (8 rows affected)
1> 2> 3> 4> 5> 6> 7> 8> 9> 10> 11> 12> 13> (0 rows affected)
(0 rows affected)
(1 row affected)
