1> 2> 1> 2> 3> 4> 5> 6> 7> 8> 9> 10> 11> 12> 13> 14> 15> 16> 17> 18> 19> 20> 21> 
---------------------------------------
Dim_Gene  
---------------------------------------
1> 2> 3> 4> 5> 6> 7> 8> (34779 rows affected)
1> 2> 3> 4> 5> 6> 7> 8> 9> 10> 11> 12> 13> 14> 15> 16> 17> 18> 19> 20> 21> 22> 23> 24> 25> 26> 27> 28> 29> 30> 31> 32> 33> 34> 35> 36> 37> 38> 39> 40> 41> 42> 43> 44> 45> 46> 47> 48> 49> 50> 51> 52> 53> 54> 55> 56> 57> 58> 59> 60> 61> 62> 63> 64> 65> 66> 67> 68> 69> 70> 71> 72> 73> 74> 75> 76> 77> 78> 79> (1 row affected)

------------------------------------------------------------------------------
------------------------------
1. tblMktDef_ATCDriver   : Including all prod,package
------------------------------------------------------------------------------
------------------------------
1> 2> 3> 4> 5> 6> 7> 8> 9> 10> 11> 12> 13> 14> 15> 16> 17> 18> 19> 20> 21> 22> 23> (132348 rows affected)
1> 2> 3> 4> 5> (115192 rows affected)
1> 2> 3> 4> 5> (115192 rows affected)
1> 2> 3> 4> 5> (115192 rows affected)
1> 2> 3> 4> 5> (13921 rows affected)
1> 2> 3> (132348 rows affected)
1> 2> 3> 4> 5> (89939 rows affected)
1> 2> 3> 4> 1> 2> 3> 4> 5> 6> 7> 8> 9> 10> 11> 12> 13> 14> 15> 16> 17> 18> 19> (1 row affected)

------------------------------------------------------------------------------
------------------------------
2. tblMktDef_Inline
------------------------------------------------------------------------------
------------------------------
1> 2> 3> 4> 5> 6> 7> 8> 9> 10> 11> 12> 13> 14> (2465 rows affected)
1> 2> 3> 4> 5> 6> 7> 8> 9> 10> 11> 12> 13> 14> 15> 16> 17> 18> (99 rows affected)
1> 2> 3> 4> 5> 6> 7> 8> (1126 rows affected)
1> 2> 3> 4> 5> 6> 7> 8> 9> 10> (148 rows affected)
1> 2> 3> 4> 5> 6> 7> 8> 9> 10> (978 rows affected)
1> 2> 3> 4> 5> 6> 7> 8> 9> 10> (44 rows affected)
1> 2> 3> 4> 5> 6> 7> 8> 9> 10> (370 rows affected)
1> 2> 3> 4> 5> 6> 7> 8> 9> 10> (18 rows affected)
1> 2> 3> 4> 5> 6> 7> 8> 9> 10> (57 rows affected)
1> 2> 3> 4> 5> 6> 7> 8> 9> 10> (7 rows affected)
1> 2> 3> 4> 5> 6> 7> 8> 9> 10> (382 rows affected)
1> 2> 3> 4> 5> 6> 7> 8> 9> 10> (100 rows affected)
1> 2> 3> 4> 5> 6> 7> 8> 9> 10> (971 rows affected)
1> 2> 3> 4> 5> 6> 7> (2783 rows affected)
1> 2> 3> 4> 5> 6> 7> 8> 9> 10> (273 rows affected)
1> 2> 3> 4> 5> 6> 7> 8> 9> 10> (302 rows affected)
1> 2> 3> 4> 5> 6> 7> 8> 9> 10> (264 rows affected)
1> 2> 3> 4> 5> 6> 7> 8> 9> 10> (732 rows affected)
1> 2> 3> 4> 5> 6> 7> 8> 9> 10> (15 rows affected)
1> 2> 3> 4> 5> 6> 7> (1576 rows affected)
1> 2> 3> 4> 5> 6> 7> 8> 9> 10> (745 rows affected)
1> 2> 3> 4> 5> 6> 7> 8> 9> 10> (0 rows affected)
1> 2> 3> 4> 5> 6> 7> 8> 9> 10> (155 rows affected)
1> 2> 3> 4> 5> 6> 7> 8> 9> 10> (141 rows affected)
1> 2> 3> 4> 5> 6> 7> 8> 9> 10> (122 rows affected)
1> 2> 3> 4> 5> 6> 7> (18 rows affected)
1> 2> 3> 4> 5> 6> 7> (90 rows affected)
1> 2> 3> 1> 2> 3> 4> 5> 6> 7> 8> 9> 10> 11> 12> 13> 14> 15> 16> 17> 18> 19> 20> 21> 22> 23> 24> 25> 26> 27> 28> 29> 30> 31> 32> 33> 34> 35> 36> 37> (24 rows affected)
(12 rows affected)
(1 row affected)

------------------------------------------------------------------------------
------------------------------
3. tblMktDef_MRBIChina
------------------------------------------------------------------------------
------------------------------
1> 2> 3> 4> 5> 6> 7> 8> 9> 10> 11> 12> 13> 14> 15> 16> 17> 18> 19> 20> 21> 22> 23> 24> 25> 26> 27> 28> 29> 30> 31> 32> 33> 34> 35> 36> 37> 38> (100 rows affected)
1> 2> 3> 4> 5> 6> 7> 8> 9> 10> 11> 12> 13> 14> 15> 16> 17> 18> 19> 20> 21> (18 rows affected)
1> 2> 1> 2> 3> 4> 5> 6> 7> 8> 9> 10> 11> 12> 13> 14> 15> 16> 17> 18> 19> 20> 21> 22> 23> (18 rows affected)
1> 2> 3> 4> 5> 6> 7> 8> 9> 10> 11> 12> 13> 14> 15> 16> 17> 18> 19> 20> 21> (1451 rows affected)
1> 2> 3> 4> 5> 6> 7> 8> 9> 10> 11> 12> 13> 14> 15> 16> 17> 18> 19> 20> 21> 22> 23> 24> 25> 26> (920 rows affected)
1> 2> 3> 4> 5> 6> 7> 8> 9> 10> 11> 12> 13> 14> 15> 16> 17> 18> 19> 20> 21> (122 rows affected)
1> 2> 3> 4> 5> 6> 7> 8> 9> 10> 11> 12> 13> 14> 15> 16> 17> 18> (122 rows affected)
1> 2> 3> 4> 5> 6> 7> 8> 9> 10> 11> 12> 13> 14> 15> 16> 17> 18> 19> 20> 21> 22> 23> 24> 25> 26> (107 rows affected)
1> 2> 3> 4> 5> 6> 7> 8> 9> 10> 11> 12> 13> 14> 15> 16> 17> 18> 19> 20> 21> 22> 23> (122 rows affected)
1> 2> (18 rows affected)
1> 2> (30 rows affected)
1> 2> (74 rows affected)
1> 2> 3> 4> 5> 6> 7> 8> 9> 10> 11> 12> 13> 14> 15> 16> 17> 18> 19> (2004 rows affected)
1> 2> 3> 4> 5> 6> 7> 8> 9> 10> 11> 12> 13> 14> 15> (99 rows affected)
1> 2> 3> 4> 5> 1> 2> 3> 4> 5> 6> 7> 8> 9> 10> 11> 12> 13> 14> 15> 16> 17> 18> 19> 20> 21> 22> 23> 24> 25> 26> 27> (198 rows affected)
1> 2> 3> 4> (198 rows affected)
1> 2> 3> 4> 5> 6> 7> 8> 9> 10> 11> 12> 13> 14> 15> 16> 17> 18> 19> 20> 21> 22> 23> (99 rows affected)
1> 2> (28 rows affected)
1> 2> (54 rows affected)
1> 2> (14 rows affected)
1> 2> (1 row affected)
1> 2> (2 rows affected)
1> 2> 3> 4> 5> 6> 7> 8> 9> 10> 11> 12> 13> 14> 15> 16> 17> 18> 19> 20> 21> (23 rows affected)
1> 2> 3> 4> 5> 6> 7> 8> 9> 10> 11> 12> 13> 14> 15> 16> 17> 18> 19> 20> 21> 22> 23> 24> 25> 26> 27> 28> 29> 30> 31> 32> 33> 34> 35> (66 rows affected)
(1045 rows affected)
1> 2> 3> 4> 5> 6> 7> 8> 9> 10> 11> 12> 13> 14> 15> 16> (929 rows affected)
1> 2> 3> 4> 5> 6> 7> 8> 9> 10> 11> 12> 13> 14> 15> (116 rows affected)
1> 2> 3> 4> 5> 6> 7> 8> 9> 10> 11> 12> 13> 14> 15> 16> 17> 18> 19> 20> (0 rows affected)
1> 2> 3> 4> 5> 6> 7> 8> 9> 10> 11> 12> 13> 14> 15> 16> 17> (15 rows affected)
1> 2> 3> 4> 5> 6> 7> 8> 9> 10> 11> 12> 13> 14> 15> 16> (266 rows affected)
1> 2> 3> 4> 5> 6> 7> 8> 9> 10> 11> 12> 13> 14> 15> 16> 17> 18> 19> 20> 21> 22> 23> 24> (244 rows affected)
1> 2> 3> 4> 5> 6> 7> 8> 9> 10> 11> 12> 13> 14> 15> 16> 17> 18> 19> 20> 21> 22> 23> 24> 25> 26> 27> 28> 29> 30> 31> 32> 33> (1858 rows affected)
1> 2> 3> 4> 5> 6> 7> 8> 9> 10> 11> 12> 13> 14> 15> 16> 17> 18> 19> (1858 rows affected)
(326 rows affected)
1> 2> 3> 4> 5> 6> 7> 8> 9> 10> 11> 12> 13> 14> 15> 16> 17> 18> 19> 20> 21> (897 rows affected)
1> 2> 3> 4> 5> 6> 7> 8> 9> 10> 11> 12> 13> 14> 15> 16> 17> 18> 19> 20> 21> 22> 23> (929 rows affected)
1> 2> 3> 4> 5> 6> 7> 8> 1> 2> 3> 4> 5> 6> 7> 8> 9> 10> 11> 12> 13> 14> 15> 16> 17> 18> 19> 20> 21> 22> 23> 24> 25> 26> 27> 28> 29> 30> 31> 32> 33> (4484 rows affected)
1> 2> 3> 4> (4484 rows affected)
1> 2> 1> 2> 3> 4> 5> 6> 7> 8> 9> 10> 11> 12> 13> 14> 15> 16> 17> 18> 19> 20> (2227 rows affected)
1> 2> 3> 4> 5> 6> 7> 8> (0 rows affected)
1> 2> 3> 4> 5> 6> 7> 8> 9> 10> (2227 rows affected)
1> 2> 3> 4> 5> 6> 7> 8> 9> 10> 11> 12> 13> 14> 15> 16> 17> 18> 19> 20> 21> (1561 rows affected)
1> 2> 3> 4> 5> 6> 7> 8> 9> 10> 11> 12> 13> 14> 15> 16> 17> 18> 19> 20> (681 rows affected)
1> 2> 3> 4> 5> 6> 7> 8> 9> 10> 11> 12> 13> 14> 15> 16> 17> 18> 19> 20> 21> 22> 23> 24> 25> (24 rows affected)
1> 2> 3> 4> 5> 6> 7> 8> 9> 10> 11> 12> 13> 14> 15> 16> 17> 18> 19> 20> 21> 22> 23> 24> 25> 26> 27> 28> 29> 30> 31> 32> 33> 34> 35> 36> 37> 38> 39> 40> 41> 42> 43> 44> 45> 46> 47> 48> 49> 50> 51> 52> 53> 54> 55> (24 rows affected)
1> 2> 3> 4> 5> 6> 7> 8> 9> 10> 11> 12> 13> 14> 15> 16> 17> 18> 19> 20> 21> 22> 23> 24> 25> 26> 27> 28> 29> 30> 31> 32> 33> 34> 35> 36> 37> 38> 39> 40> 41> 42> 43> 44> 45> 46> 47> 48> 49> 50> 51> 52> 53> 54> 55> 56> 57> 58> 59> 60> 61> 62> (12 rows affected)
1> 2> 3> 4> 5> 6> 7> 8> 9> 10> 11> 12> 13> 14> 15> 16> 17> 18> 19> 20> 21> 22> 23> 24> 25> 26> 27> 28> 29> 30> 31> 32> 33> 34> 35> 36> 37> 38> 39> 40> 41> 42> 43> 44> 45> 46> (12 rows affected)
1> 2> 3> 4> 5> 6> 7> 8> 9> 10> 11> 12> 13> 14> 15> 16> 17> 18> 19> 20> 21> 22> 23> 24> 25> 26> 27> 1> 2> 3> 4> 5> 6> 7> 8> 9> 10> 11> 12> 13> 14> 15> 16> 17> 18> 19> (2 rows affected)
(16 rows affected)
(8 rows affected)
(14 rows affected)
(8 rows affected)
(8 rows affected)
(8 rows affected)
(8 rows affected)
1> 2> 3> 4> 5> 6> 7> 8> 9> 10> 11> 12> 13> 14> 15> 16> 17> 18> 19> 20> 21> 22> 23> 24> 25> 26> 27> 28> 29> 30> 31> 32> 33> 34> 35> 36> 37> 38> 39> 40> 41> 42> (732 rows affected)
1> 2> 3> 4> 5> 6> 7> 8> 9> 10> 11> 12> 13> 14> 15> 16> 17> 18> 19> 20> 21> 22> 23> 24> 25> 26> 27> 28> 29> 30> 31> 32> 33> 34> 35> 36> 37> 38> 39> 40> 41> 42> (732 rows affected)
1> 2> 3> 4> 5> 6> 7> 8> 9> 10> 11> 12> 13> 14> 15> 16> 17> 18> 19> 20> 21> 22> 23> 24> 25> (90 rows affected)
1> 2> 3> 4> 5> 6> 7> 8> 9> 10> 11> 12> 13> 14> 15> 16> 17> 18> 19> 20> (90 rows affected)
1> 2> 3> 4> 5> 6> 7> 8> 9> 10> 11> 12> 13> 14> 15> 16> 17> 18> 19> 20> 21> 22> 23> 24> 25> (90 rows affected)
1> 2> 3> 4> 5> 6> 7> 8> 9> 10> 11> 12> 13> 14> 15> 16> 17> 18> 19> 20> 21> 22> 23> 24> 25> 26> 27> 28> 29> 30> 31> 32> (90 rows affected)
1> 2> 3> 4> (33 rows affected)
1> 2> 3> 4> 5> (22943 rows affected)
1> 2> 3> 1> 2> 3> 4> 5> 6> 7> 8> 9> 10> 11> 12> 13> 14> 15> 16> 17> 18> (22941 rows affected)
(3076 rows affected)
1> 2> 3> 4> 5> 6> 7> 8> 9> 10> 11> 12> 13> 14> 15> 16> 17> 18> 19> 20> 21> 22> 23> 24> 25> 26> 27> 28> 29> 30> 31> 32> 33> 34> 35> 36> 37> 38> 39> 40> 41> (1 row affected)

------------------------------------------------------------------------------
------------------------------
4. tblMktDef_MRBIChina_Mole
------------------------------------------------------------------------------
------------------------------
1> 2> 3> 4> 5> 6> 7> (326 rows affected)
1> 2> 3> 4> 5> 6> 7> 8> 9> 10> 11> 12> 13> 14> (326 rows affected)
1> 2> 3> 4> 5> 6> 7> (28 rows affected)
1> 2> 3> 4> 5> 6> 7> 8> 9> 10> 11> 12> 13> 14> 15> 16> 17> 18> 19> 20> 21> (28 rows affected)
(266 rows affected)
1> 2> 3> 4> 5> 6> 7> (266 rows affected)
1> 2> 3> 4> 5> 6> 7> 8> 9> 10> 11> 12> 13> 14> 15> 16> 17> 18> 19> (731 rows affected)
1> 2> 3> 4> 5> 6> 7> (731 rows affected)
1> 2> 3> 4> 5> 6> 7> 8> (74 rows affected)
1> 2> 3> 4> 5> 6> 7> 8> 9> 10> 11> 12> (74 rows affected)
1> 2> 3> 4> 5> 6> 7> 8> (23 rows affected)
1> 2> 3> 4> 5> 6> 7> 8> 9> 10> 11> 12> (23 rows affected)
1> 2> 3> 4> 5> 6> 7> 8> 9> 10> 11> 12> 13> 14> 15> 16> 17> 18> (1 row affected)

------------------------------------------------------------------------------
------------------------------
5. tblMktDef_GlobalTA
------------------------------------------------------------------------------
------------------------------
1> 2> 3> 4> 5> 6> 7> (15682 rows affected)
1> 2> 3> 4> 5> 6> 7> (84073 rows affected)
1> 2> (412 rows affected)
1> 2> 3> 4> 5> 6> 7> (52 rows affected)
1> 2> 3> 4> 5> 6> 7> 8> 9> 10> 11> 12> 13> (1 row affected)

------------------------------------------------------------------------------
------------------------------
6. tblMktDef_BMSFocused10Mkt
------------------------------------------------------------------------------
------------------------------
1> 2> 3> 4> 5> 6> 7> 8> 9> 10> 11> 12> 13> 14> 15> 16> 17> 18> 19> 20> 21> 22> 23> 24> 25> 26> 27> 28> 29> 30> 31> 32> 33> 34> 35> 36> 37> 38> 39> 40> 41> 42> 43> 44> 45> 46> 47> 48> 49> 50> 51> 52> 53> 54> 55> 56> 57> 58> 59> 60> 61> 62> 63> 64> 65> 66> 67> 68> 69> 70> 71> 72> 73> 74> 75> 76> 77> 78> 79> 80> 81> 82> 83> 84> 85> 86> 87> 88> 89> 90> 91> 92> 93> 94> 95> 96> 97> 98> 99> 100> 101> 102> 103> 104> 105> 106> 107> 108> 109> 110> 111> 112> 113> 114> 115> 116> 117> 118> 119> 120> 121> 122> 123> 124> 125> 126> 127> (2659 rows affected)
(1280 rows affected)
(1234 rows affected)
(1 row affected)
(28 rows affected)
1> 2> 