1> 2> 1> 2> 3> 4> 5> 6> 7> 8> 9> 10> 11> 12> 13> 14> 15> 16> 17> 18> 19> 20> 21> 22> 23> 24> 25> 26> 27> (1 row affected)
1> 2> 3> 4> 5> 6> 7> 8> 9> 10> 11> 12> 13> 14> 15> 16> 17> 18> 19> 20> 21> 22> 23> 24> 25> 26> 27> 28> 29> 30> 31> 32> 33> 34> 
insert into MID_C150_RegionData  
SELECT 
'Sales' as Type
,[mkt]
,[mktname]
,[Market]
,[prod]
,[Productname]
,[Moneytype]
,[Region]
, sum([R3M00]) [R3M00],sum([R3M01]) [R3M01],sum([R3M02]) [R3M02],sum([R3M03])
[R3M03],sum([R3M04]) [R3M04],sum([R3M05]) [R3M05],sum([R3M06])
[R3M06],sum([R3M07]) [R3M07],sum([R3M08]) [R3M08],sum([R3M09])
[R3M09],sum([R3M10]) [R3M10],sum([R3M11]) [R3M11],sum([R3M12])
[R3M12],sum([R3M13]) [R3M13],sum([R3M14]) [R3M14],sum([R3M15])
[R3M15],sum([R3M16]) [R3M16],sum([R3M17]) [R3M17],sum([R3M18])
[R3M18],sum([R3M19]) [R3M19],sum([R3M20]) [R3M20],sum([R3M21])
[R3M21],sum([R3M22]) [R3M22],sum([R3M23]) [R3M23],sum([R3M24])
[R3M24],sum([R3M25]) [R3M25],sum([R3M26]) [R3M26],sum([R3M27])
[R3M27],sum([R3M28]) [R3M28],sum([R3M29]) [R3M29],sum([R3M30])
[R3M30],sum([R3M31]) [R3M31],sum([R3M32]) [R3M32],sum([R3M33])
[R3M33],sum([R3M34]) [R3M34],sum([R3M35]) [R3M35],sum([R3M36])
[R3M36],sum([R3M37]) [R3M37],sum([R3M38]) [R3M38],sum([R3M39])
[R3M39],sum([R3M40]) [R3M40],sum([R3M41]) [R3M41],sum([R3M42])
[R3M42],sum([R3M43]) [R3M43],sum([R3M44]) [R3M44],sum([R3M45]) [R3M45]
, sum([MTH00]) [MTH00],sum([MTH01]) [MTH01],sum([MTH02]) [MTH02],sum([MTH03])
[MTH03],sum([MTH04]) [MTH04],sum([MTH05]) [MTH05],sum([MTH06])
[MTH06],sum([MTH07]) [MTH07],sum([MTH08]) [MTH08],sum([MTH09])
[MTH09],sum([MTH10]) [MTH10],sum([MTH11]) [MTH11],sum([MTH12])
[MTH12],sum([MTH13]) [MTH13],sum([MTH14]) [MTH14],sum([MTH15])
[MTH15],sum([MTH16]) [MTH16],sum([MTH17]) [MTH17],sum([MTH18])
[MTH18],sum([MTH19]) [MTH19],sum([MTH20]) [MTH20],sum([MTH21])
[MTH21],sum([MTH22]) [MTH22],sum([MTH23]) [MTH23],sum([MTH24])
[MTH24],sum([MTH25]) [MTH25],sum([MTH26]) [MTH26],sum([MTH27])
[MTH27],sum([MTH28]) [MTH28],sum([MTH29]) [MTH29],sum([MTH30])
[MTH30],sum([MTH31]) [MTH31],sum([MTH32]) [MTH32],sum([MTH33])
[MTH33],sum([MTH34]) [MTH34],sum([MTH35]) [MTH35],sum([MTH36])
[MTH36],sum([MTH37]) [MTH37],sum([MTH38]) [MTH38],sum([MTH39])
[MTH39],sum([MTH40]) [MTH40],sum([MTH41]) [MTH41],sum([MTH42])
[MTH42],sum([MTH43]) [MTH43],sum([MTH44]) [MTH44],sum([MTH45])
[MTH45],sum([MTH46]) [MTH46],sum([MTH47]) [MTH47],sum([MTH48]) [MTH48]
, sum([MAT00]) [MAT00],sum([MAT01]) [MAT01],sum([MAT02]) [MAT02],sum([MAT03])
[MAT03],sum([MAT04]) [MAT04],sum([MAT05]) [MAT05],sum([MAT06])
[MAT06],sum([MAT07]) [MAT07],sum([MAT08]) [MAT08],sum([MAT09])
[MAT09],sum([MAT10]) [MAT10],sum([MAT11]) [MAT11],sum([MAT12])
[MAT12],sum([MAT13]) [MAT13],sum([MAT14]) [MAT14],sum([MAT15])
[MAT15],sum([MAT16]) [MAT16],sum([MAT17]) [MAT17],sum([MAT18])
[MAT18],sum([MAT19]) [MAT19],sum([MAT20]) [MAT20],sum([MAT21])
[MAT21],sum([MAT22]) [MAT22],sum([MAT23]) [MAT23],sum([MAT24])
[MAT24],sum([MAT25]) [MAT25],sum([MAT26]) [MAT26],sum([MAT27])
[MAT27],sum([MAT28]) [MAT28],sum([MAT29]) [MAT29],sum([MAT30])
[MAT30],sum([MAT31]) [MAT31],sum([MAT32]) [MAT32],sum([MAT33])
[MAT33],sum([MAT34]) [MAT34],sum([MAT35]) [MAT35],sum([MAT36])
[MAT36],sum([MAT37]) [MAT37],sum([MAT38]) [MAT38],sum([MAT39])
[MAT39],sum([MAT40]) [MAT40],sum([MAT41]) [MAT41],sum([MAT42])
[MAT42],sum([MAT43]) [MAT43],sum([MAT44]) [MAT44],sum([MAT45])
[MAT45],sum([MAT46]) [MAT46],sum([MAT47]) [MAT47],sum([MAT48]) [MAT48]
, sum([YTD00]) [YTD00],sum([YTD01]) [YTD01],sum([YTD02]) [YTD02],sum([YTD03])
[YTD03],sum([YTD04]) [YTD04],sum([YTD05]) [YTD05],sum([YTD06])
[YTD06],sum([YTD07]) [YTD07],sum([YTD08]) [YTD08],sum([YTD09])
[YTD09],sum([YTD10]) [YTD10],sum([YTD11]) [YTD11],sum([YTD12])
[YTD12],sum([YTD13]) [YTD13],sum([YTD14]) [YTD14],sum([YTD15])
[YTD15],sum([YTD16]) [YTD16],sum([YTD17]) [YTD17],sum([YTD18])
[YTD18],sum([YTD19]) [YTD19],sum([YTD20]) [YTD20],sum([YTD21])
[YTD21],sum([YTD22]) [YTD22],sum([YTD23]) [YTD23],sum([YTD24])
[YTD24],sum([YTD25]) [YTD25],sum([YTD26]) [YTD26],sum([YTD27])
[YTD27],sum([YTD28]) [YTD28],sum([YTD29]) [YTD29],sum([YTD30])
[YTD30],sum([YTD31]) [YTD31],sum([YTD32]) [YTD32],sum([YTD33])
[YTD33],sum([YTD34]) [YTD34],sum([YTD35]) [YTD35],sum([YTD36])
[YTD36],sum([YTD37]) [YTD37],sum([YTD38]) [YTD38],sum([YTD39])
[YTD39],sum([YTD40]) [YTD40],sum([YTD41]) [YTD41],sum([YTD42])
[YTD42],sum([YTD43]) [YTD43],sum([YTD44]) [YTD44],sum([YTD45])
[YTD45],sum([YTD46]) [YTD46],sum([YTD47]) [YTD47],sum([YTD48]) [YTD48]
, sum([QTR00]) [QTR00],sum([QTR01]) [QTR01],sum([QTR02]) [QTR02],sum([QTR03])
[QTR03],sum([QTR04]) [QTR04],sum([QTR05]) [QTR05],sum([QTR06])
[QTR06],sum([QTR07]) [QTR07],sum([QTR08]) [QTR08],sum([QTR09])
[QTR09],sum([QTR10]) [QTR10],sum([QTR11]) [QTR11],sum([QTR12])
[QTR12],sum([QTR13]) [QTR13],sum([QTR14]) [QTR14],sum([QTR15])
[QTR15],sum([QTR16]) [QTR16],sum([QTR17]) [QTR17],sum([QTR18])
[QTR18],sum([QTR19]) [QTR19]
FROM [TempRegionCityDashboard]
where (mkt='ONCFCS' and mktname='Oncology Focused Brands' and Market='Taxol'
and [Lev]='City' and [Molecule]='N' and  [Class]='N' and [Moneytype]<>'PN')
or (mkt='Platinum' and mktname='Platinum Market' and Market='Paraplatin' and
[Lev]='City' and [Molecule]='N' and  [Class]='N' and [Moneytype]<>'UN')
group by 
[Molecule]
,[Class]
,[mkt]
,[mktname]
,[Market]
,[prod]
,[Productname]
,[Moneytype]
,[Region]
(0 rows affected)
1> 2> 3> 4> 5> 6> 7> 8> 9> 10> 11> 12> 13> 14> 15> 16> 17> 18> 19> 20> 21> 22> 23> 24> 25> 26> 27> 28> 29> 30> 31> 32> 33> 34> 35> 36> 37> 38> 39> 40> 41> 42> 43> 44> 45> 46> 47> 48> 49> 50> 51> 52> 53> 54> 55> 56> 57> 58> 59> 60> 61> 62> 63> 64> 65> 66> 67> 68> 69> 70> 71> 72> 73> 74> 75> 76> 77> 78> 79> 80> 81> 82> 83> 84> 85> 86> 87> 88> 89> 90> 91> 92> 93> 94> 95> 96> 97> 98> 99> 100> 101> 102> 103> 104> 105> 106> 107> 108> 109> 110> 111> 112> 113> 114> 115> 116> 117> 118> 119> 120> 121> 122> 123> 124> 125> 126> 127> 128> 129> 130> 131> 132> 133> 134> 135> 136> 137> 138> 139> 140> 141> 142> 143> 144> 145> 146> 147> 148> 149> 150> 151> 152> 153> 154> 155> 156> 157> 158> 159> 160> 161> 162> 163> 164> 165> 166> 167> 168> 169> 170> 171> 172> 173> 174> 175> 176> 177> 178> 179> 180> 181> 182> 183> 184> 185> 186> 187> 188> 189> 190> 191> 192> 193> 194> 195> 196> 197> 198> 199> 200> 201> 202> 203> 204> 205> 206> 207> 208> 209> 210> 211> 212> 213> 214> 215> 216> 217> 218> 219> 220> 221> 222> 223> 224> 225> 226> 227> 228> 229> 230> 231> 232> 233> 234> 235> 236> 237> 238> 239> 240> 241> 242> 243> 244> 245> 246> 247> 248> 249> 250> 251> 252> 253> 254> 255> 256> 257> 258> 259> 260> 261> 262> 263> (0 rows affected)
1> 2> 3> 4> 5> 6> 7> 8> 9> 10> 11> 12> 13> 14> 15> 16> 17> 18> 19> 20> 21> 22> 23> 24> 25> 26> 27> 28> 29> 30> 31> 32> 33> 34> 35> 36> 37> 38> 39> 40> 41> 42> 43> 44> 45> 46> 47> 48> 49> 50> 51> 52> 53> 54> 55> 56> 57> 58> 59> 60> 61> 62> 63> 64> 65> 66> 67> 68> 69> 70> 71> 72> 73> 74> 75> 76> 77> 78> 79> 80> 81> 82> 83> 84> 85> 86> 87> 88> 89> 90> 91> 92> 93> 94> 95> 96> 97> 98> 99> 100> 101> 102> 103> 104> 105> 106> 107> 108> 109> 110> 111> 112> 113> 114> 115> 116> 117> 118> 119> 120> 121> 122> 123> 124> 125> 126> 127> 128> 129> 130> 131> 132> 133> 134> 135> 136> 137> 138> 139> 140> 141> 142> 143> 144> 145> 146> 147> 148> 149> 150> 151> 152> 153> 154> 155> 156> 157> 158> 159> 160> 161> 162> 163> 164> 165> 166> 167> 168> 169> 170> 171> 172> 173> 174> 175> 176> 177> 178> 179> 180> 181> 182> 183> 184> 185> 186> 187> 188> 189> 190> 191> 192> 193> 194> 195> 196> 197> 198> 199> 200> 201> 202> 203> 204> 205> 206> 207> 208> 209> 210> 211> 212> 213> 214> 215> 216> 217> 218> 219> 220> 221> 222> 223> 224> 225> 226> 227> 228> 229> 230> 231> 232> 233> 234> 235> 236> 237> 238> 239> 240> 241> 242> 243> 244> 245> 246> 247> 248> 249> 250> 251> 252> 253> 254> 255> 256> 257> 258> 259> 260> 261> 262> 263> 264> 265> 266> 267> 268> 269> 270> 271> (0 rows affected)
1> 2> 3> 4> 5> 6> 7> 8> 9> 10> 11> 12> 13> 14> 15> 16> 17> 18> 19> 20> 21> 22> 23> 24> 25> 26> 27> 28> 29> 30> 31> 32> 33> 34> 35> 36> 37> 38> 39> 40> 41> 42> 43> 44> 45> 46> 47> 48> 49> 50> 51> 52> 53> 54> 55> 56> 57> 58> 59> 60> 61> 62> 63> 64> 65> 66> 67> 68> 69> 70> 71> 72> 73> 74> 75> 76> 77> 78> 79> 80> 81> 82> 83> 84> 85> 86> 87> 88> 89> 90> 91> 92> 93> 94> 95> 96> 97> 98> 99> 100> 101> 102> 103> 104> 105> 106> 107> 108> 109> 110> 111> 112> 113> 114> 115> 116> 117> 118> 119> 120> 121> 122> 123> 124> 125> 126> 127> 128> 129> 130> 131> 132> 133> 134> 135> 136> 137> 138> 139> 140> 141> 142> 143> 144> 145> 146> 147> 148> 149> 150> 151> 152> 153> 154> 155> 156> 157> 158> 159> 160> 161> 162> 163> 164> 165> 166> 167> 168> 169> 170> 171> 172> 173> 174> 175> 176> 177> 178> 179> 180> 181> 182> 183> 184> 185> 186> 187> 188> 189> 190> 191> 192> 193> 194> 195> 196> 197> 198> 199> 200> 201> 202> 203> 204> 205> 206> 207> 208> 209> 210> 211> 212> 213> 214> 215> 216> 217> 218> 219> 220> 221> 222> 223> 224> 225> 226> 227> 228> 229> 230> 231> 232> 233> 234> 235> 236> 237> 238> 239> 240> 241> 242> 243> 244> 245> 246> 247> 248> 249> 250> 251> 252> 253> 254> 255> 256> 257> 258> 259> 260> 261> 262> 263> 264> 265> (0 rows affected)
1> 2> 3> 4> 5> 6> 7> 8> 9> 10> 11> 12> 13> 14> 1> 2> 3> 4> 5> 6> 7> 8> (0 rows affected)
1> 2> 3> 4> 5> 6> 7> 8> (0 rows affected)
1> 2> 3> 4> 5> 6> 7> 8> (0 rows affected)
1> 2> 3> 4> 5> 6> 7> 8> (0 rows affected)
1> 2> 3> 4> (0 rows affected)
1> 2> 3> (0 rows affected)
1> 2> 3> 4> 5> 6> 7> 8> 9> 10> 11> 12> 13> 14> 15> 16> 17> 18> (0 rows affected)
1> 2> 3> 4> 5> 6> 7> 8> 9> 10> 11> 12> 13> 14> 15> 16> 17> 18> 19> 20> 21> 22> 23> 24> 25> 26> 27> (0 rows affected)
1> 2> 3> 4> 5> 6> 7> 8> 9> 10> 11> 12> 13> 14> 15> 16> 17> 18> 19> 20> 21> 22> 23> 24> 25> 26> 27> 28> 29> 30> 31> 32> 33> (0 rows affected)
1> 2> 3> 4> 5> 6> 7> 8> 9> 10> (0 rows affected)
1> 2> 3> 4> 5> 6> 7> 8> 9> 10> (0 rows affected)
1> 2> 3> 4> (0 rows affected)
1> 2> 3> 4> 5> 6> (0 rows affected)
1> 2> 3> 4> 5> 6> 7> 8> 9> (0 rows affected)
1> 2> 3> 4> 5> 6> 7> 8> 9> 10> 11> 12> 13> 14> 15> 16> 17> 18> 19> 20> 21> 22> 23> 24> 25> 26> 27> 28> 29> 30> 31> 32> 33> 34> 35> 36> 37> 38> 39> 40> 41> 42> 43> 44> 45> 46> 47> 48> 49> 50> 51> 52> 53> 54> 55> 56> 57> 58> 59> 60> 61> 62> 63> 64> 65> 66> 67> 68> 69> 70> (0 rows affected)
(0 rows affected)
(0 rows affected)
(0 rows affected)
(0 rows affected)
(0 rows affected)
(1 row affected)
