1> 2> 3> 4> 5> 6> 7> 8> 1> 2> 3> 4> 5> 6> 7> 8> 9> 10> 11> 12> (1 row affected)
1> 2> 3> 4> 5> 1> 2> 3> 4> 5> 6> 7> 8> 9> 10> 11> 12> 13> 14> 15> 16> 17> 18> 19> 20> 21> 22> 23> 24> 25> 26> 27> 28> 29> 30> 31> 32> 33> 34> 35> 36> 37> 38> 39> 40> 41> 42> 43> 44> 45> 46> 47> 48> 49> 50> 51> 52> 53> 54> 55> 56> 57> 58> 59> (0 rows affected)
(81 rows affected)
MAT00

		update [output_stage]
		set Y=B.MAT00 from [output_stage] A inner join dbo.[OurputKey10TAVSTotalMkt]
B
		on A.TimeFrame=B.Period and A.Currency=B.MoneyType and A.X='MAT00'
		and a.LinkChartCode = 'C020' and A.Series=B.market
(21 rows affected)
MAT12

		update [output_stage]
		set Y=B.MAT12 from [output_stage] A inner join dbo.[OurputKey10TAVSTotalMkt]
B
		on A.TimeFrame=B.Period and A.Currency=B.MoneyType and A.X='MAT12'
		and a.LinkChartCode = 'C020' and A.Series=B.market
(15 rows affected)
MAT24

		update [output_stage]
		set Y=B.MAT24 from [output_stage] A inner join dbo.[OurputKey10TAVSTotalMkt]
B
		on A.TimeFrame=B.Period and A.Currency=B.MoneyType and A.X='MAT24'
		and a.LinkChartCode = 'C020' and A.Series=B.market
(15 rows affected)
MAT36

		update [output_stage]
		set Y=B.MAT36 from [output_stage] A inner join dbo.[OurputKey10TAVSTotalMkt]
B
		on A.TimeFrame=B.Period and A.Currency=B.MoneyType and A.X='MAT36'
		and a.LinkChartCode = 'C020' and A.Series=B.market
(15 rows affected)
MAT48

		update [output_stage]
		set Y=B.MAT48 from [output_stage] A inner join dbo.[OurputKey10TAVSTotalMkt]
B
		on A.TimeFrame=B.Period and A.Currency=B.MoneyType and A.X='MAT48'
		and a.LinkChartCode = 'C020' and A.Series=B.market
(15 rows affected)
1> 2> 3> 4> (81 rows affected)
1> 2> 3> 4> 5> 6> 7> 8> 9> 10> 11> 12> 13> 14> 15> 16> 17> 18> 19> 20> 21> 22> 23> 24> 25> 26> 27> 28> 29> 30> 31> 32> 33> 34> 35> 36> 37> 38> 39> 40> 41> 42> 43> 44> 45> 46> 47> 48> (240 rows affected)
MAT00

		update [output_stage]
		set Y=B.MAT00 from [output_stage] A inner join dbo.OutputTop10TAPerformance
B
		on A.TimeFrame=B.Period and A.Currency=B.MoneyType and A.X=B.atc3_des
		and a.LinkChartCode = 'C030' and A.Series='MAT00'
(60 rows affected)
MAT00Growth

		update [output_stage]
		set Y=B.MAT00Growth from [output_stage] A inner join
dbo.OutputTop10TAPerformance B
		on A.TimeFrame=B.Period and A.Currency=B.MoneyType and A.X=B.atc3_des
		and a.LinkChartCode = 'C030' and A.Series='MAT00Growth'
(60 rows affected)
MAT12

		update [output_stage]
		set Y=B.MAT12 from [output_stage] A inner join dbo.OutputTop10TAPerformance
B
		on A.TimeFrame=B.Period and A.Currency=B.MoneyType and A.X=B.atc3_des
		and a.LinkChartCode = 'C030' and A.Series='MAT12'
(60 rows affected)
MAT12Growth

		update [output_stage]
		set Y=B.MAT12Growth from [output_stage] A inner join
dbo.OutputTop10TAPerformance B
		on A.TimeFrame=B.Period and A.Currency=B.MoneyType and A.X=B.atc3_des
		and a.LinkChartCode = 'C030' and A.Series='MAT12Growth'
(60 rows affected)
1> 2> 3> 4> 5> 6> 7> 8> 9> 10> 11> 12> 13> 14> 15> 16> 17> 18> 19> 20> 21> 22> 23> 24> 25> 26> 27> 28> 29> 30> 31> 32> 33> 34> 35> 36> 37> 38> 39> 40> 41> 42> 43> 44> 45> 46> 47> 48> 49> 50> 51> 52> 53> 54> (0 rows affected)
(455 rows affected)
ChangeRank

		update [output_stage]
		set Y=B.ChangeRank from [output_stage] A inner join
dbo.OutputKeyMNCsPerformance B
		on A.TimeFrame=B.Period and A.Currency=B.MoneyType and A.X=B.Corp_des
		and a.LinkChartCode = 'C040' and A.Series='ChangeRank'
(65 rows affected)
CurrRank

		update [output_stage]
		set Y=B.CurrRank from [output_stage] A inner join
dbo.OutputKeyMNCsPerformance B
		on A.TimeFrame=B.Period and A.Currency=B.MoneyType and A.X=B.Corp_des
		and a.LinkChartCode = 'C040' and A.Series='CurrRank'
(65 rows affected)
MAT00

		update [output_stage]
		set Y=B.MAT00 from [output_stage] A inner join dbo.OutputKeyMNCsPerformance
B
		on A.TimeFrame=B.Period and A.Currency=B.MoneyType and A.X=B.Corp_des
		and a.LinkChartCode = 'C040' and A.Series='MAT00'
(65 rows affected)
MAT00Growth

		update [output_stage]
		set Y=B.MAT00Growth from [output_stage] A inner join
dbo.OutputKeyMNCsPerformance B
		on A.TimeFrame=B.Period and A.Currency=B.MoneyType and A.X=B.Corp_des
		and a.LinkChartCode = 'C040' and A.Series='MAT00Growth'
(65 rows affected)
MAT12

		update [output_stage]
		set Y=B.MAT12 from [output_stage] A inner join dbo.OutputKeyMNCsPerformance
B
		on A.TimeFrame=B.Period and A.Currency=B.MoneyType and A.X=B.Corp_des
		and a.LinkChartCode = 'C040' and A.Series='MAT12'
(65 rows affected)
Share

		update [output_stage]
		set Y=B.Share from [output_stage] A inner join dbo.OutputKeyMNCsPerformance
B
		on A.TimeFrame=B.Period and A.Currency=B.MoneyType and A.X=B.Corp_des
		and a.LinkChartCode = 'C040' and A.Series='Share'
(65 rows affected)
ShareTotal

		update [output_stage]
		set Y=B.ShareTotal from [output_stage] A inner join
dbo.OutputKeyMNCsPerformance B
		on A.TimeFrame=B.Period and A.Currency=B.MoneyType and A.X=B.Corp_des
		and a.LinkChartCode = 'C040' and A.Series='ShareTotal'
(65 rows affected)
1> 2> 3> 4> (455 rows affected)
1> 2> 3> 4> 5> 6> 7> 8> 9> 10> 11> 12> 13> 14> 15> 16> 17> 18> 19> 20> 21> 22> 23> 24> 25> 26> 27> 28> 29> 30> 31> 32> 33> 34> 35> 36> 37> 38> 39> 40> 41> 42> 43> 44> 45> 46> 47> 48> 49> (434 rows affected)
ChangeRank

		update [output_stage]
		set Y=B.ChangeRank from [output_stage] A inner join
dbo.OutputKeyMNCsProdPerformance B
		on A.TimeFrame=B.Period and A.Currency=B.MoneyType and A.X=B.Prod_des and
A.Xidx=B.[CurrRank]
		and a.LinkChartCode = 'C050' and A.Series='ChangeRank'
(62 rows affected)
CurrRank

		update [output_stage]
		set Y=B.CurrRank from [output_stage] A inner join
dbo.OutputKeyMNCsProdPerformance B
		on A.TimeFrame=B.Period and A.Currency=B.MoneyType and A.X=B.Prod_des and
A.Xidx=B.[CurrRank]
		and a.LinkChartCode = 'C050' and A.Series='CurrRank'
(62 rows affected)
MAT00

		update [output_stage]
		set Y=B.MAT00 from [output_stage] A inner join
dbo.OutputKeyMNCsProdPerformance B
		on A.TimeFrame=B.Period and A.Currency=B.MoneyType and A.X=B.Prod_des and
A.Xidx=B.[CurrRank]
		and a.LinkChartCode = 'C050' and A.Series='MAT00'
(62 rows affected)
MAT00Growth

		update [output_stage]
		set Y=B.MAT00Growth from [output_stage] A inner join
dbo.OutputKeyMNCsProdPerformance B
		on A.TimeFrame=B.Period and A.Currency=B.MoneyType and A.X=B.Prod_des and
A.Xidx=B.[CurrRank]
		and a.LinkChartCode = 'C050' and A.Series='MAT00Growth'
(62 rows affected)
MAT12

		update [output_stage]
		set Y=B.MAT12 from [output_stage] A inner join
dbo.OutputKeyMNCsProdPerformance B
		on A.TimeFrame=B.Period and A.Currency=B.MoneyType and A.X=B.Prod_des and
A.Xidx=B.[CurrRank]
		and a.LinkChartCode = 'C050' and A.Series='MAT12'
(62 rows affected)
Share

		update [output_stage]
		set Y=B.Share from [output_stage] A inner join
dbo.OutputKeyMNCsProdPerformance B
		on A.TimeFrame=B.Period and A.Currency=B.MoneyType and A.X=B.Prod_des and
A.Xidx=B.[CurrRank]
		and a.LinkChartCode = 'C050' and A.Series='Share'
(62 rows affected)
ShareTotal

		update [output_stage]
		set Y=B.ShareTotal from [output_stage] A inner join
dbo.OutputKeyMNCsProdPerformance B
		on A.TimeFrame=B.Period and A.Currency=B.MoneyType and A.X=B.Prod_des and
A.Xidx=B.[CurrRank]
		and a.LinkChartCode = 'C050' and A.Series='ShareTotal'
(62 rows affected)
1> 2> 3> 4> (434 rows affected)
1> 2> 3> 4> 5> 6> 7> 8> 9> 10> 11> 12> 13> 14> 15> 16> 17> 18> 19> 20> 21> 22> 23> 24> 25> 26> 27> 28> 29> 30> 31> 32> 33> 34> 35> 36> 37> 38> 39> 40> 41> 42> 43> 44> 45> 46> 47> 48> 49> 50> 51> 52> 53> (115 rows affected)
(0 rows affected)
(294 rows affected)
Avg.Growth

		update [output_stage]
		set Y=B.[Avg.Growth] from [output_stage] A inner join
dbo.OutputCityPerformance B
		on A.TimeFrame=B.Period and A.Currency=B.MoneyType and A.X=B.Audi_des
		and a.LinkChartCode = 'C060' and A.Series='Avg.Growth'
(42 rows affected)
ChangeRank

		update [output_stage]
		set Y=B.[ChangeRank] from [output_stage] A inner join
dbo.OutputCityPerformance B
		on A.TimeFrame=B.Period and A.Currency=B.MoneyType and A.X=B.Audi_des
		and a.LinkChartCode = 'C060' and A.Series='ChangeRank'
(42 rows affected)
Contribution

		update [output_stage]
		set Y=B.[Contribution] from [output_stage] A inner join
dbo.OutputCityPerformance B
		on A.TimeFrame=B.Period and A.Currency=B.MoneyType and A.X=B.Audi_des
		and a.LinkChartCode = 'C060' and A.Series='Contribution'
(42 rows affected)
CurrRank

		update [output_stage]
		set Y=B.[CurrRank] from [output_stage] A inner join
dbo.OutputCityPerformance B
		on A.TimeFrame=B.Period and A.Currency=B.MoneyType and A.X=B.Audi_des
		and a.LinkChartCode = 'C060' and A.Series='CurrRank'
(42 rows affected)
Growth

		update [output_stage]
		set Y=B.[Growth] from [output_stage] A inner join dbo.OutputCityPerformance
B
		on A.TimeFrame=B.Period and A.Currency=B.MoneyType and A.X=B.Audi_des
		and a.LinkChartCode = 'C060' and A.Series='Growth'
(42 rows affected)
MAT00

		update [output_stage]
		set Y=B.[MAT00] from [output_stage] A inner join dbo.OutputCityPerformance
B
		on A.TimeFrame=B.Period and A.Currency=B.MoneyType and A.X=B.Audi_des
		and a.LinkChartCode = 'C060' and A.Series='MAT00'
(42 rows affected)
TotalContribution

		update [output_stage]
		set Y=B.[TotalContribution] from [output_stage] A inner join
dbo.OutputCityPerformance B
		on A.TimeFrame=B.Period and A.Currency=B.MoneyType and A.X=B.Audi_des
		and a.LinkChartCode = 'C060' and A.Series='TotalContribution'
(42 rows affected)
1> 2> 3> 4> 5> 6> 7> 8> 9> 10> 11> 12> 13> 14> 15> 16> 17> 18> 19> 20> 21> 22> 23> 24> 25> 26> 27> 28> 29> 30> 31> 32> 33> 34> 35> 36> 37> 38> 39> 40> 41> 42> 43> 44> 45> 46> 47> 48> 49> 50> 51> 52> 53> 54> 55> (0 rows affected)
(294 rows affected)
Avg.Growth

		update [output_stage]
		set Y=B.[Avg.Growth] from [output_stage] A inner join
dbo.OutputCityPerformance_BMS10TA B
		on A.TimeFrame=B.Period and A.Currency=B.MoneyType and A.X=B.Audi_des
		and a.LinkChartCode = 'C070' and A.Series='Avg.Growth'
(42 rows affected)
ChangeRank

		update [output_stage]
		set Y=B.[ChangeRank] from [output_stage] A inner join
dbo.OutputCityPerformance_BMS10TA B
		on A.TimeFrame=B.Period and A.Currency=B.MoneyType and A.X=B.Audi_des
		and a.LinkChartCode = 'C070' and A.Series='ChangeRank'
(42 rows affected)
Contribution

		update [output_stage]
		set Y=B.[Contribution] from [output_stage] A inner join
dbo.OutputCityPerformance_BMS10TA B
		on A.TimeFrame=B.Period and A.Currency=B.MoneyType and A.X=B.Audi_des
		and a.LinkChartCode = 'C070' and A.Series='Contribution'
(42 rows affected)
CurrRank

		update [output_stage]
		set Y=B.[CurrRank] from [output_stage] A inner join
dbo.OutputCityPerformance_BMS10TA B
		on A.TimeFrame=B.Period and A.Currency=B.MoneyType and A.X=B.Audi_des
		and a.LinkChartCode = 'C070' and A.Series='CurrRank'
(42 rows affected)
Growth

		update [output_stage]
		set Y=B.[Growth] from [output_stage] A inner join
dbo.OutputCityPerformance_BMS10TA B
		on A.TimeFrame=B.Period and A.Currency=B.MoneyType and A.X=B.Audi_des
		and a.LinkChartCode = 'C070' and A.Series='Growth'
(42 rows affected)
MAT00

		update [output_stage]
		set Y=B.[MAT00] from [output_stage] A inner join
dbo.OutputCityPerformance_BMS10TA B
		on A.TimeFrame=B.Period and A.Currency=B.MoneyType and A.X=B.Audi_des
		and a.LinkChartCode = 'C070' and A.Series='MAT00'
(42 rows affected)
TotalContribution

		update [output_stage]
		set Y=B.[TotalContribution] from [output_stage] A inner join
dbo.OutputCityPerformance_BMS10TA B
		on A.TimeFrame=B.Period and A.Currency=B.MoneyType and A.X=B.Audi_des
		and a.LinkChartCode = 'C070' and A.Series='TotalContribution'
(42 rows affected)
1> 2> 3> (72 rows affected)
1> 2> 3> 4> 5> 6> 7> 8> 9> 10> 11> 12> 13> 14> 15> 16> 17> 18> 19> 20> 21> 22> 23> 24> 25> 26> 27> 28> 29> 30> 31> 32> 33> 34> 35> 36> 37> 38> 39> 40> 41> (144 rows affected)
(36 rows affected)
(36 rows affected)
(36 rows affected)
(36 rows affected)
1> 2> 3> 4> 5> 6> 7> 8> 9> 10> 11> 12> 13> 14> 15> 16> 17> 18> 19> 20> 21> 22> 23> 24> 25> 26> 27> 28> 29> 30> 31> 32> 33> 34> 35> 36> 37> 38> 39> 40> 41> 42> 43> 44> 45> 46> 47> 48> 49> 50> 51> 52> 53> (280 rows affected)
ChangeRank

		update [output_stage]
		set Y=B.ChangeRank from [output_stage] A inner join
dbo.OutputKeyMNCsPerformance_HKAPI B
		on A.TimeFrame=B.Period and A.Currency=B.MoneyType and A.X=B.Corp_des
		and a.LinkChartCode = 'C100' and A.Series='ChangeRank'
(40 rows affected)
CurrRank

		update [output_stage]
		set Y=B.CurrRank from [output_stage] A inner join
dbo.OutputKeyMNCsPerformance_HKAPI B
		on A.TimeFrame=B.Period and A.Currency=B.MoneyType and A.X=B.Corp_des
		and a.LinkChartCode = 'C100' and A.Series='CurrRank'
(40 rows affected)
MAT00

		update [output_stage]
		set Y=B.MAT00 from [output_stage] A inner join
dbo.OutputKeyMNCsPerformance_HKAPI B
		on A.TimeFrame=B.Period and A.Currency=B.MoneyType and A.X=B.Corp_des
		and a.LinkChartCode = 'C100' and A.Series='MAT00'
(40 rows affected)
MAT00Growth

		update [output_stage]
		set Y=B.MAT00Growth from [output_stage] A inner join
dbo.OutputKeyMNCsPerformance_HKAPI B
		on A.TimeFrame=B.Period and A.Currency=B.MoneyType and A.X=B.Corp_des
		and a.LinkChartCode = 'C100' and A.Series='MAT00Growth'
(40 rows affected)
MAT12

		update [output_stage]
		set Y=B.MAT12 from [output_stage] A inner join
dbo.OutputKeyMNCsPerformance_HKAPI B
		on A.TimeFrame=B.Period and A.Currency=B.MoneyType and A.X=B.Corp_des
		and a.LinkChartCode = 'C100' and A.Series='MAT12'
(40 rows affected)
Share

		update [output_stage]
		set Y=B.Share from [output_stage] A inner join
dbo.OutputKeyMNCsPerformance_HKAPI B
		on A.TimeFrame=B.Period and A.Currency=B.MoneyType and A.X=B.Corp_des
		and a.LinkChartCode = 'C100' and A.Series='Share'
(40 rows affected)
ShareTotal

		update [output_stage]
		set Y=B.ShareTotal from [output_stage] A inner join
dbo.OutputKeyMNCsPerformance_HKAPI B
		on A.TimeFrame=B.Period and A.Currency=B.MoneyType and A.X=B.Corp_des
		and a.LinkChartCode = 'C100' and A.Series='ShareTotal'
(40 rows affected)
1> 2> 3> 4> 5> 6> 7> 8> 9> 10> 11> 12> 13> 14> 15> 16> 17> 18> 19> 20> 21> 22> 23> 24> 25> 26> 27> 28> 29> 30> 31> 32> 33> 34> 35> 36> 37> 38> 39> 40> 41> 42> 43> 44> 45> 46> 47> 48> 49> 50> 51> 52> (294 rows affected)
ChangeRank

		update [output_stage]
		set Y=B.ChangeRank from [output_stage] A inner join
dbo.OutputKeyMNCsProdPerformance_HKAPI B
		on A.TimeFrame=B.Period and A.Currency=B.MoneyType and A.X=B.Prod_des
		and a.LinkChartCode = 'C110' and A.Series='ChangeRank'
(42 rows affected)
CurrRank

		update [output_stage]
		set Y=B.CurrRank from [output_stage] A inner join
dbo.OutputKeyMNCsProdPerformance_HKAPI B
		on A.TimeFrame=B.Period and A.Currency=B.MoneyType and A.X=B.Prod_des
		and a.LinkChartCode = 'C110' and A.Series='CurrRank'
(42 rows affected)
MAT00

		update [output_stage]
		set Y=B.MAT00 from [output_stage] A inner join
dbo.OutputKeyMNCsProdPerformance_HKAPI B
		on A.TimeFrame=B.Period and A.Currency=B.MoneyType and A.X=B.Prod_des
		and a.LinkChartCode = 'C110' and A.Series='MAT00'
(42 rows affected)
MAT00Growth

		update [output_stage]
		set Y=B.MAT00Growth from [output_stage] A inner join
dbo.OutputKeyMNCsProdPerformance_HKAPI B
		on A.TimeFrame=B.Period and A.Currency=B.MoneyType and A.X=B.Prod_des
		and a.LinkChartCode = 'C110' and A.Series='MAT00Growth'
(42 rows affected)
MAT12

		update [output_stage]
		set Y=B.MAT12 from [output_stage] A inner join
dbo.OutputKeyMNCsProdPerformance_HKAPI B
		on A.TimeFrame=B.Period and A.Currency=B.MoneyType and A.X=B.Prod_des
		and a.LinkChartCode = 'C110' and A.Series='MAT12'
(42 rows affected)
Share

		update [output_stage]
		set Y=B.Share from [output_stage] A inner join
dbo.OutputKeyMNCsProdPerformance_HKAPI B
		on A.TimeFrame=B.Period and A.Currency=B.MoneyType and A.X=B.Prod_des
		and a.LinkChartCode = 'C110' and A.Series='Share'
(42 rows affected)
ShareTotal

		update [output_stage]
		set Y=B.ShareTotal from [output_stage] A inner join
dbo.OutputKeyMNCsProdPerformance_HKAPI B
		on A.TimeFrame=B.Period and A.Currency=B.MoneyType and A.X=B.Prod_des
		and a.LinkChartCode = 'C110' and A.Series='ShareTotal'
(42 rows affected)
1> 2> (74 rows affected)
1> 2> 3> 4> (2255 rows affected)
1> 2> 3> 4> (256 rows affected)
1> 2> 3> 4> (244 rows affected)
1> 2> 3> 4> (516 rows affected)
1> 2> 3> 4> (2255 rows affected)
1> 2> 3> 4> (2255 rows affected)
1> 2> 3> 4> (2255 rows affected)
1> 2> 3> 4> 5> 6> 7> (244 rows affected)
1> 2> 3> 4> 5> 6> 7> (256 rows affected)
1> 2> 3> 4> 5> 6> 7> 8> (504 rows affected)
1> 2> 3> 4> 5> 6> 7> 8> 9> 10> 11> (2011 rows affected)
1> 2> 3> 4> 5> 6> 7> 8> 9> (2011 rows affected)
1> 2> 3> 4> 5> 6> 7> 8> (2255 rows affected)
1> 2> 3> 4> 5> 6> 7> 8> 9> (0 rows affected)
1> 2> 3> 4> 5> 6> 7> 8> 9> 10> 11> 12> 13> 14> 15> 16> 17> 18> 19> 20> 21> 22> 23> 24> 25> 26> 27> 28> 29> 30> 31> 32> 33> 34> 35> 36> 37> 38> 39> 40> 41> 42> 43> 44> 45> 46> 47> 48> 49> 50> 51> 52> 53> 54> 55> 56> 57> 58> 59> 60> 61> 62> 63> 64> 65> 66> 67> 68> 69> (3456 rows affected)
(288 rows affected)
(288 rows affected)
(288 rows affected)
(288 rows affected)
(288 rows affected)
(288 rows affected)
(288 rows affected)
(288 rows affected)
(288 rows affected)
(288 rows affected)
(288 rows affected)
(288 rows affected)
1> 2> 3> 4> 5> 6> 7> (432 rows affected)
(3456 rows affected)
1> 2> 3> (3456 rows affected)
1> 2> 3> 4> (3456 rows affected)
1> 2> 3> 4> 5> (3456 rows affected)
1> 2> (1344 rows affected)
1> 2> 3> 4> 5> 6> 7> 8> 9> 10> 11> 12> (960 rows affected)
1> 2> 3> 4> 5> 6> 7> 8> 9> (960 rows affected)
1> 2> 3> 4> 5> 6> 7> 8> 9> 10> 11> 12> 13> 14> 15> 16> 17> (1152 rows affected)
1> 2> 3> 4> 5> 6> 7> 8> 9> 10> 11> 12> 13> 14> 15> 16> (1152 rows affected)
1> 2> 3> 4> 5> 6> 7> (1848 rows affected)
1> 2> 3> 4> 5> 6> 7> (264 rows affected)
1> 2> 3> 4> 5> 6> 7> 8> 9> 10> 11> 12> 13> 14> 15> 16> 17> 18> (0 rows affected)
(0 rows affected)
1> 2> 3> 4> 5> 6> 7> 8> 9> 10> 11> 12> 13> 14> 15> 16> 17> 18> 19> 20> 21> 22> 23> 24> 25> 26> 27> 28> 29> 30> 31> 32> 33> 34> 35> 36> 37> 38> 39> 40> 41> 42> 43> 44> 45> 46> 47> 48> 49> 50> 51> 52> 53> 54> 55> 56> 57> 58> 59> 60> 61> 62> 63> 64> 65> 66> 67> 68> 69> 70> 71> 72> 73> 74> 75> 76> 77> 78> 79> 80> 81> 82> 83> 84> 85> 86> 87> 88> 89> 90> 91> 92> 93> 94> 95> 96> 97> (16425 rows affected)
(459 rows affected)
MAT05
(657 rows affected)
MAT01
(657 rows affected)
MAT07
(657 rows affected)
MAT12
(708 rows affected)
MAT21
(708 rows affected)
MAT02
(657 rows affected)
MAT11
(657 rows affected)
MAT15
(708 rows affected)
MAT09
(708 rows affected)
MAT18
(708 rows affected)
MAT04
(657 rows affected)
MAT23
(657 rows affected)
MAT00
(708 rows affected)
MAT06
(708 rows affected)
MAT13
(657 rows affected)
MAT20
(657 rows affected)
MAT03
(708 rows affected)
MAT24
(708 rows affected)
MAT16
(657 rows affected)
MAT19
(657 rows affected)
MAT10
(657 rows affected)
MAT14
(657 rows affected)
MAT22
(657 rows affected)
MAT08
(657 rows affected)
MAT17
(657 rows affected)
1> 2> 3> 4> 5> 6> 7> 8> 9> 10> 11> 12> 13> 14> 15> 16> 17> 18> 19> 20> 21> 22> 23> 24> 25> 26> 27> 28> 29> 30> 31> 32> 33> 34> 35> 36> 37> 38> 39> 40> 41> 42> 43> 44> 45> 46> 47> 48> 49> 50> 51> 52> 53> 54> 55> 56> 57> 58> 59> 60> 61> 62> 63> 64> 65> 66> 67> (600 rows affected)
MAT00
(24 rows affected)
MAT01
(24 rows affected)
MAT02
(24 rows affected)
MAT03
(24 rows affected)
MAT04
(24 rows affected)
MAT05
(24 rows affected)
MAT06
(24 rows affected)
MAT07
(24 rows affected)
MAT08
(24 rows affected)
MAT09
(24 rows affected)
MAT10
(24 rows affected)
MAT11
(24 rows affected)
MAT12
(24 rows affected)
MAT13
(24 rows affected)
MAT14
(24 rows affected)
MAT15
(24 rows affected)
MAT16
(24 rows affected)
MAT17
(24 rows affected)
MAT18
(24 rows affected)
MAT19
(24 rows affected)
MAT20
(24 rows affected)
MAT21
(24 rows affected)
MAT22
(24 rows affected)
MAT23
(24 rows affected)
MAT24
(24 rows affected)
1> 2> 3> 4> 5> (17484 rows affected)
1> 2> 3> 4> (17484 rows affected)
1> 2> 3> 4> (17484 rows affected)
1> 1> 2> 3> 4> 5> 6> 7> 8> 9> 10> 11> 12> 13> 14> (17484 rows affected)
1> 2> 3> 4> 5> 6> 7> 8> 9> 10> 11> 12> 13> 14> 15> 16> 17> 18> 19> 20> 21> 22> 23> 24> 25> 26> 27> 28> 29> 30> 31> 32> 33> 34> 35> 36> 37> 38> 39> 40> 41> 42> 43> 44> 45> 46> 47> 48> 49> 50> 51> 52> 53> 54> 55> 56> 57> 58> 59> 60> 61> 62> 63> 64> 65> 66> 67> 68> 69> 70> 71> 72> 73> 74> (0 rows affected)
(126 rows affected)
MAT12
(24 rows affected)
MAT00
(30 rows affected)
MAT48
(24 rows affected)
MAT36
(24 rows affected)
MAT24
(24 rows affected)
1> 2> 3> 4> (126 rows affected)
1> 2> 3> 4> 5> 6> 7> 8> 9> 10> (63 rows affected)
1> 2> 3> 4> 5> 6> 7> 8> 9> 10> (63 rows affected)
1> 2> 3> 4> 5> 6> 7> 8> 9> 10> 11> 12> 13> 14> 15> 16> 17> 18> 19> 20> 21> 22> 23> 24> 25> 26> 27> 28> 29> 30> 31> 32> 33> 34> 35> 36> 37> 38> 39> 40> 41> 42> 43> 44> 45> 46> 47> 48> 49> 50> 51> 52> 53> 54> 55> 56> 57> 58> 59> 60> 61> 62> 63> 64> 65> 66> 67> 68> 69> 70> 71> 72> 73> 74> 75> 76> 77> 78> 79> 80> 81> 82> 83> 84> 85> 86> 87> 88> 89> 90> 91> 92> 93> 94> (0 rows affected)
(24 rows affected)
MAT12

			update [output_stage]
			set Y=B.MAT12 from [output_stage] A inner join dbo.OutputCMLChina_HKAPI
B
			on A.TimeFrame=B.Period and A.Currency=B.MoneyType and A.X='MAT12'
			and a.LinkChartCode = 'C210' and A.Series=B.Product
(6 rows affected)
MAT00

			update [output_stage]
			set Y=B.MAT00 from [output_stage] A inner join dbo.OutputCMLChina_HKAPI
B
			on A.TimeFrame=B.Period and A.Currency=B.MoneyType and A.X='MAT00'
			and a.LinkChartCode = 'C210' and A.Series=B.Product
(6 rows affected)
MAT36

			update [output_stage]
			set Y=B.MAT36 from [output_stage] A inner join dbo.OutputCMLChina_HKAPI
B
			on A.TimeFrame=B.Period and A.Currency=B.MoneyType and A.X='MAT36'
			and a.LinkChartCode = 'C210' and A.Series=B.Product
(6 rows affected)
MAT24

			update [output_stage]
			set Y=B.MAT24 from [output_stage] A inner join dbo.OutputCMLChina_HKAPI
B
			on A.TimeFrame=B.Period and A.Currency=B.MoneyType and A.X='MAT24'
			and a.LinkChartCode = 'C210' and A.Series=B.Product
(6 rows affected)
(30 rows affected)
Qtr00

			update [output_stage]
			set Y=B.Qtr00 from [output_stage] A inner join dbo.OutputCMLChina_HKAPI
B
			on A.TimeFrame=B.Period and A.Currency=B.MoneyType and A.X=B.Product
			and a.LinkChartCode = 'C210' and a.isshow='D' and A.Series='Qtr00'
(6 rows affected)
Qtr01

			update [output_stage]
			set Y=B.Qtr01 from [output_stage] A inner join dbo.OutputCMLChina_HKAPI
B
			on A.TimeFrame=B.Period and A.Currency=B.MoneyType and A.X=B.Product
			and a.LinkChartCode = 'C210' and a.isshow='D' and A.Series='Qtr01'
(6 rows affected)
Qtr02

			update [output_stage]
			set Y=B.Qtr02 from [output_stage] A inner join dbo.OutputCMLChina_HKAPI
B
			on A.TimeFrame=B.Period and A.Currency=B.MoneyType and A.X=B.Product
			and a.LinkChartCode = 'C210' and a.isshow='D' and A.Series='Qtr02'
(6 rows affected)
Qtr03

			update [output_stage]
			set Y=B.Qtr03 from [output_stage] A inner join dbo.OutputCMLChina_HKAPI
B
			on A.TimeFrame=B.Period and A.Currency=B.MoneyType and A.X=B.Product
			and a.LinkChartCode = 'C210' and a.isshow='D' and A.Series='Qtr03'
(6 rows affected)
Qtr04

			update [output_stage]
			set Y=B.Qtr04 from [output_stage] A inner join dbo.OutputCMLChina_HKAPI
B
			on A.TimeFrame=B.Period and A.Currency=B.MoneyType and A.X=B.Product
			and a.LinkChartCode = 'C210' and a.isshow='D' and A.Series='Qtr04'
(6 rows affected)
1> 2> 3> 4> 5> 6> 7> 8> 9> 10> 11> 12> 13> 14> 15> (54 rows affected)
1> 2> 3> 4> 5> 6> 7> 8> 9> 10> 11> 12> 13> 14> (54 rows affected)
1> 2> 3> (180 rows affected)
1> 2> 3> 4> (180 rows affected)
1> 2> 3> 4> (180 rows affected)
1> 2> 3> 4> 5> 6> 7> 8> 9> 10> 11> 12> 13> 14> 15> 16> 17> 18> 19> 20> 21> 22> 23> 24> 25> 26> 27> 28> 29> 30> 31> 32> 33> 34> 35> 36> 37> 38> 39> 40> 41> 42> 43> 44> 45> 46> 47> 48> 49> 50> 51> 52> 53> 54> 55> 56> 57> 58> 59> 60> 61> 62> 63> 64> 65> (0 rows affected)
(30 rows affected)
Qtr00

			update [output_stage]
			set Y=B.Qtr00 from [output_stage] A inner join dbo.OutputCMLChina_HKAPI
B
			on A.Currency=B.MoneyType and A.X='Qtr00'
			and a.LinkChartCode = 'C220' and A.Series=B.Product
(6 rows affected)
Qtr03

			update [output_stage]
			set Y=B.Qtr03 from [output_stage] A inner join dbo.OutputCMLChina_HKAPI
B
			on A.Currency=B.MoneyType and A.X='Qtr03'
			and a.LinkChartCode = 'C220' and A.Series=B.Product
(6 rows affected)
Qtr04

			update [output_stage]
			set Y=B.Qtr04 from [output_stage] A inner join dbo.OutputCMLChina_HKAPI
B
			on A.Currency=B.MoneyType and A.X='Qtr04'
			and a.LinkChartCode = 'C220' and A.Series=B.Product
(6 rows affected)
Qtr01

			update [output_stage]
			set Y=B.Qtr01 from [output_stage] A inner join dbo.OutputCMLChina_HKAPI
B
			on A.Currency=B.MoneyType and A.X='Qtr01'
			and a.LinkChartCode = 'C220' and A.Series=B.Product
(6 rows affected)
Qtr02

			update [output_stage]
			set Y=B.Qtr02 from [output_stage] A inner join dbo.OutputCMLChina_HKAPI
B
			on A.Currency=B.MoneyType and A.X='Qtr02'
			and a.LinkChartCode = 'C220' and A.Series=B.Product
(6 rows affected)
(30 rows affected)
1> 2> 3> 4> (30 rows affected)
1> 2> 3> 4> (30 rows affected)
1> 2> 3> 4> (30 rows affected)
1> 2> 3> 4> 5> 6> 7> 8> 9> 10> 11> 12> 13> 14> 15> 16> 17> 18> 19> 20> 21> 22> 23> 24> 25> 26> 27> 28> 29> 30> 31> 32> 33> 34> 35> 36> 37> 38> 39> 40> 41> 42> 43> 44> 45> 46> 47> 48> 49> 50> 51> 52> 53> 54> 55> 56> 57> 58> 59> 60> 61> 62> 63> 64> 65> 66> 67> (0 rows affected)
insert into [output_stage] (isshow,TimeFrame,LinkChartCode,Product, Series,
SeriesIdx,Currency, X, XIdx,lev,geo)
select isshow,A.Period, 'D021' as Code,
Market,B.Audi_des,B.Audi_cod,MoneyType,a.Series,a.SeriesIdx, 'Region' as
lev,B.region
from (
select  'MQT' as Period,'R3M00' as Series,'Y' as isshow,19 as SeriesIdx union
all
select  'MTH' as Period,'MTH00' as Series,'Y' as isshow,19 as SeriesIdx union
all

select  'MQT' as Period,'R3M01' as Series,'Y' as isshow,18 as SeriesIdx union
all
select  'MTH' as Period,'MTH01' as Series,'Y' as isshow,18 as SeriesIdx union
all

select  'MQT' as Period,'R3M02' as Series,'Y' as isshow,17 as SeriesIdx union
all
select  'MTH' as Period,'MTH02' as Series,'Y' as isshow,17 as SeriesIdx union
all

select  'MQT' as Period,'R3M03' as Series,'Y' as isshow,16 as SeriesIdx union
all
select  'MTH' as Period,'MTH03' as Series,'Y' as isshow,16 as SeriesIdx union
all

select  'MQT' as Period,'R3M04' as Series,'Y' as isshow,15 as SeriesIdx union
all
select  'MTH' as Period,'MTH04' as Series,'Y' as isshow,15 as SeriesIdx union
all

select  'MQT' as Period,'R3M05' as Series,'Y' as isshow,14 as SeriesIdx union
all
select  'MTH' as Period,'MTH05' as Series,'Y' as isshow,14 as SeriesIdx union
all

select  'MQT' as Period,'R3M06' as Series,'Y' as isshow,13 as SeriesIdx union
all
select  'MTH' as Period,'MTH06' as Series,'Y' as isshow,13 as SeriesIdx union
all

select  'MQT' as Period,'R3M07' as Series,'Y' as isshow,12 as SeriesIdx union
all
select  'MTH' as Period,'MTH07' as Series,'Y' as isshow,12 as SeriesIdx union
all

select  'MQT' as Period,'R3M08' as Series,'Y' as isshow,11 as SeriesIdx union
all
select  'MTH' as Period,'MTH08' as Series,'Y' as isshow,11 as SeriesIdx union
all

select  'MQT' as Period,'R3M09' as Series,'Y' as isshow,10 as SeriesIdx union
all
select  'MTH' as Period,'MTH09' as Series,'Y' as isshow,10 as SeriesIdx union
all

select  'MQT' as Period,'R3M10' as Series,'Y' as isshow,9 as SeriesIdx union
all
select  'MTH' as Period,'MTH10' as Series,'Y' as isshow,9 as SeriesIdx union
all

select  'MQT' as Period,'R3M11' as Series,'Y' as isshow,8 as SeriesIdx union
all
select  'MTH' as Period,'MTH11' as Series,'Y' as isshow,8 as SeriesIdx  Union
all
select  'YTD' as Period,'YTD00' as series,'D' as ishow,21 as SeriesIdx union
all
select  'YTD' as Period,'YTD12' as series,'D' as ishow,20 as SeriesIdx) a,
(
select distinct MoneyType,mkt,Market,Prod,Productname,Audi_cod,Audi_des,region

from  dbo.OutputGeoHBVSummaryT1 where Class='N' and Mkt<>'DPP4' and mkt <>
'Eliquis NOAC' and Market<>'Paraplatin'
union all
select distinct MoneyType,mkt,Market,Prod,Productname,Audi_cod,Audi_des,region

from  dbo.OutputGeoHBVSummaryT1 where Class='N' and Mkt<>'DPP4' and mkt <>
'Eliquis NOAC' and Market='Paraplatin' and prod='100'
) b
(5824 rows affected)
R3M09

		update [output_stage]
		set Y=B.[R3M09] from [output_stage] A inner join dbo.OutputGeoHBVSummaryT1
B
		on A.Product=B.Market and A.X='R3M09' and A.currency=b.Moneytype
		and a.LinkChartCode = 'D021' and A.Series=B.Audi_des and A.geo=B.region and
B.Class='N' and Mkt<>'DPP4'
		
(224 rows affected)
R3M02

		update [output_stage]
		set Y=B.[R3M02] from [output_stage] A inner join dbo.OutputGeoHBVSummaryT1
B
		on A.Product=B.Market and A.X='R3M02' and A.currency=b.Moneytype
		and a.LinkChartCode = 'D021' and A.Series=B.Audi_des and A.geo=B.region and
B.Class='N' and Mkt<>'DPP4'
		
(224 rows affected)
MTH01

		update [output_stage]
		set Y=B.[MTH01] from [output_stage] A inner join dbo.OutputGeoHBVSummaryT1
B
		on A.Product=B.Market and A.X='MTH01' and A.currency=b.Moneytype
		and a.LinkChartCode = 'D021' and A.Series=B.Audi_des and A.geo=B.region and
B.Class='N' and Mkt<>'DPP4'
		
(224 rows affected)
MTH05

		update [output_stage]
		set Y=B.[MTH05] from [output_stage] A inner join dbo.OutputGeoHBVSummaryT1
B
		on A.Product=B.Market and A.X='MTH05' and A.currency=b.Moneytype
		and a.LinkChartCode = 'D021' and A.Series=B.Audi_des and A.geo=B.region and
B.Class='N' and Mkt<>'DPP4'
		
(224 rows affected)
R3M11

		update [output_stage]
		set Y=B.[R3M11] from [output_stage] A inner join dbo.OutputGeoHBVSummaryT1
B
		on A.Product=B.Market and A.X='R3M11' and A.currency=b.Moneytype
		and a.LinkChartCode = 'D021' and A.Series=B.Audi_des and A.geo=B.region and
B.Class='N' and Mkt<>'DPP4'
		
(224 rows affected)
MTH06

		update [output_stage]
		set Y=B.[MTH06] from [output_stage] A inner join dbo.OutputGeoHBVSummaryT1
B
		on A.Product=B.Market and A.X='MTH06' and A.currency=b.Moneytype
		and a.LinkChartCode = 'D021' and A.Series=B.Audi_des and A.geo=B.region and
B.Class='N' and Mkt<>'DPP4'
		
(224 rows affected)
MTH03

		update [output_stage]
		set Y=B.[MTH03] from [output_stage] A inner join dbo.OutputGeoHBVSummaryT1
B
		on A.Product=B.Market and A.X='MTH03' and A.currency=b.Moneytype
		and a.LinkChartCode = 'D021' and A.Series=B.Audi_des and A.geo=B.region and
B.Class='N' and Mkt<>'DPP4'
		
(224 rows affected)
MTH00

		update [output_stage]
		set Y=B.[MTH00] from [output_stage] A inner join dbo.OutputGeoHBVSummaryT1
B
		on A.Product=B.Market and A.X='MTH00' and A.currency=b.Moneytype
		and a.LinkChartCode = 'D021' and A.Series=B.Audi_des and A.geo=B.region and
B.Class='N' and Mkt<>'DPP4'
		
(224 rows affected)
R3M04

		update [output_stage]
		set Y=B.[R3M04] from [output_stage] A inner join dbo.OutputGeoHBVSummaryT1
B
		on A.Product=B.Market and A.X='R3M04' and A.currency=b.Moneytype
		and a.LinkChartCode = 'D021' and A.Series=B.Audi_des and A.geo=B.region and
B.Class='N' and Mkt<>'DPP4'
		
(224 rows affected)
MTH04

		update [output_stage]
		set Y=B.[MTH04] from [output_stage] A inner join dbo.OutputGeoHBVSummaryT1
B
		on A.Product=B.Market and A.X='MTH04' and A.currency=b.Moneytype
		and a.LinkChartCode = 'D021' and A.Series=B.Audi_des and A.geo=B.region and
B.Class='N' and Mkt<>'DPP4'
		
(224 rows affected)
R3M01

		update [output_stage]
		set Y=B.[R3M01] from [output_stage] A inner join dbo.OutputGeoHBVSummaryT1
B
		on A.Product=B.Market and A.X='R3M01' and A.currency=b.Moneytype
		and a.LinkChartCode = 'D021' and A.Series=B.Audi_des and A.geo=B.region and
B.Class='N' and Mkt<>'DPP4'
		
(224 rows affected)
R3M10

		update [output_stage]
		set Y=B.[R3M10] from [output_stage] A inner join dbo.OutputGeoHBVSummaryT1
B
		on A.Product=B.Market and A.X='R3M10' and A.currency=b.Moneytype
		and a.LinkChartCode = 'D021' and A.Series=B.Audi_des and A.geo=B.region and
B.Class='N' and Mkt<>'DPP4'
		
(224 rows affected)
MTH09

		update [output_stage]
		set Y=B.[MTH09] from [output_stage] A inner join dbo.OutputGeoHBVSummaryT1
B
		on A.Product=B.Market and A.X='MTH09' and A.currency=b.Moneytype
		and a.LinkChartCode = 'D021' and A.Series=B.Audi_des and A.geo=B.region and
B.Class='N' and Mkt<>'DPP4'
		
(224 rows affected)
R3M08

		update [output_stage]
		set Y=B.[R3M08] from [output_stage] A inner join dbo.OutputGeoHBVSummaryT1
B
		on A.Product=B.Market and A.X='R3M08' and A.currency=b.Moneytype
		and a.LinkChartCode = 'D021' and A.Series=B.Audi_des and A.geo=B.region and
B.Class='N' and Mkt<>'DPP4'
		
(224 rows affected)
MTH07

		update [output_stage]
		set Y=B.[MTH07] from [output_stage] A inner join dbo.OutputGeoHBVSummaryT1
B
		on A.Product=B.Market and A.X='MTH07' and A.currency=b.Moneytype
		and a.LinkChartCode = 'D021' and A.Series=B.Audi_des and A.geo=B.region and
B.Class='N' and Mkt<>'DPP4'
		
(224 rows affected)
R3M05

		update [output_stage]
		set Y=B.[R3M05] from [output_stage] A inner join dbo.OutputGeoHBVSummaryT1
B
		on A.Product=B.Market and A.X='R3M05' and A.currency=b.Moneytype
		and a.LinkChartCode = 'D021' and A.Series=B.Audi_des and A.geo=B.region and
B.Class='N' and Mkt<>'DPP4'
		
(224 rows affected)
R3M06

		update [output_stage]
		set Y=B.[R3M06] from [output_stage] A inner join dbo.OutputGeoHBVSummaryT1
B
		on A.Product=B.Market and A.X='R3M06' and A.currency=b.Moneytype
		and a.LinkChartCode = 'D021' and A.Series=B.Audi_des and A.geo=B.region and
B.Class='N' and Mkt<>'DPP4'
		
(224 rows affected)
MTH02

		update [output_stage]
		set Y=B.[MTH02] from [output_stage] A inner join dbo.OutputGeoHBVSummaryT1
B
		on A.Product=B.Market and A.X='MTH02' and A.currency=b.Moneytype
		and a.LinkChartCode = 'D021' and A.Series=B.Audi_des and A.geo=B.region and
B.Class='N' and Mkt<>'DPP4'
		
(224 rows affected)
R3M03

		update [output_stage]
		set Y=B.[R3M03] from [output_stage] A inner join dbo.OutputGeoHBVSummaryT1
B
		on A.Product=B.Market and A.X='R3M03' and A.currency=b.Moneytype
		and a.LinkChartCode = 'D021' and A.Series=B.Audi_des and A.geo=B.region and
B.Class='N' and Mkt<>'DPP4'
		
(224 rows affected)
YTD12

		update [output_stage]
		set Y=B.[YTD12] from [output_stage] A inner join dbo.OutputGeoHBVSummaryT1
B
		on A.Product=B.Market and A.X='YTD12' and A.currency=b.Moneytype
		and a.LinkChartCode = 'D021' and A.Series=B.Audi_des and A.geo=B.region and
B.Class='N' and Mkt<>'DPP4'
		
(224 rows affected)
MTH10

		update [output_stage]
		set Y=B.[MTH10] from [output_stage] A inner join dbo.OutputGeoHBVSummaryT1
B
		on A.Product=B.Market and A.X='MTH10' and A.currency=b.Moneytype
		and a.LinkChartCode = 'D021' and A.Series=B.Audi_des and A.geo=B.region and
B.Class='N' and Mkt<>'DPP4'
		
(224 rows affected)
R3M00

		update [output_stage]
		set Y=B.[R3M00] from [output_stage] A inner join dbo.OutputGeoHBVSummaryT1
B
		on A.Product=B.Market and A.X='R3M00' and A.currency=b.Moneytype
		and a.LinkChartCode = 'D021' and A.Series=B.Audi_des and A.geo=B.region and
B.Class='N' and Mkt<>'DPP4'
		
(224 rows affected)
MTH11

		update [output_stage]
		set Y=B.[MTH11] from [output_stage] A inner join dbo.OutputGeoHBVSummaryT1
B
		on A.Product=B.Market and A.X='MTH11' and A.currency=b.Moneytype
		and a.LinkChartCode = 'D021' and A.Series=B.Audi_des and A.geo=B.region and
B.Class='N' and Mkt<>'DPP4'
		
(224 rows affected)
MTH08

		update [output_stage]
		set Y=B.[MTH08] from [output_stage] A inner join dbo.OutputGeoHBVSummaryT1
B
		on A.Product=B.Market and A.X='MTH08' and A.currency=b.Moneytype
		and a.LinkChartCode = 'D021' and A.Series=B.Audi_des and A.geo=B.region and
B.Class='N' and Mkt<>'DPP4'
		
(224 rows affected)
R3M07

		update [output_stage]
		set Y=B.[R3M07] from [output_stage] A inner join dbo.OutputGeoHBVSummaryT1
B
		on A.Product=B.Market and A.X='R3M07' and A.currency=b.Moneytype
		and a.LinkChartCode = 'D021' and A.Series=B.Audi_des and A.geo=B.region and
B.Class='N' and Mkt<>'DPP4'
		
(224 rows affected)
YTD00

		update [output_stage]
		set Y=B.[YTD00] from [output_stage] A inner join dbo.OutputGeoHBVSummaryT1
B
		on A.Product=B.Market and A.X='YTD00' and A.currency=b.Moneytype
		and a.LinkChartCode = 'D021' and A.Series=B.Audi_des and A.geo=B.region and
B.Class='N' and Mkt<>'DPP4'
		
(224 rows affected)
1> 2> 3> (2352 rows affected)
1> 2> 3> 4> 5> 6> 7> 8> 9> 10> 11> 12> 13> 14> 15> 16> 17> 18> 19> 20> 21> 22> 23> 24> 25> 26> 27> 28> 29> 30> 31> 32> 33> 34> 35> 36> 37> 38> 39> 40> 41> 42> 43> 44> 45> 46> 47> 48> 49> 50> 51> 52> 53> 54> 55> insert into [output_stage] (isshow,TimeFrame,LinkChartCode,Product, Series,
SeriesIdx,Currency, X, XIdx,lev,geo)
select isshow,A.Period, 'D041' as Code,
Market,B.Audi_des,B.Audi_cod,MoneyType,a.Series,a.SeriesIdx, 'Region' as
lev,B.region
from (select  'MQT' as Period,'R3M00' as Series,'Y' as isshow,19 as SeriesIdx
union all
select  'MQT' as Period,'R3M01' as Series,'Y' as isshow,18 as SeriesIdx union
all
select  'MQT' as Period,'R3M02' as Series,'Y' as isshow,17 as SeriesIdx union
all
select  'MQT' as Period,'R3M03' as Series,'Y' as isshow,16 as SeriesIdx union
all
select  'MQT' as Period,'R3M04' as Series,'Y' as isshow,15 as SeriesIdx union
all
select  'MQT' as Period,'R3M05' as Series,'Y' as isshow,14 as SeriesIdx union
all
select  'MQT' as Period,'R3M06' as Series,'Y' as isshow,13 as SeriesIdx union
all
select  'MQT' as Period,'R3M07' as Series,'Y' as isshow,12 as SeriesIdx union
all
select  'MQT' as Period,'R3M08' as Series,'Y' as isshow,11 as SeriesIdx union
all
select  'MQT' as Period,'R3M09' as Series,'Y' as isshow,10 as SeriesIdx union
all
select  'MQT' as Period,'R3M10' as Series,'Y' as isshow,9 as SeriesIdx union
all
select  'MQT' as Period,'R3M11' as Series,'Y' as isshow,8 as SeriesIdx  Union
all
select  'YTD' as Period,'YTD00' as series,'D' as ishow,21 as SeriesIdx union
all
select  'YTD' as Period,'YTD12' as series,'D' as ishow,20 as SeriesIdx) a,
(
	select distinct
MoneyType,mkt,Market,Prod,Productname,Audi_cod,Audi_des,region from
dbo.OutputGeoHBVSummaryT1 where Class='N' and Mkt='DPP4'
) b
(392 rows affected)
R3M09

		update [output_stage]
		set Y=B.[R3M09] from [output_stage] A inner join dbo.OutputGeoHBVSummaryT1
B
		on A.Product=B.Market and A.X='R3M09' and A.currency=b.Moneytype
		and a.LinkChartCode = 'D041' and A.Series=B.Audi_des and A.geo=B.region and
B.Class='N' and Mkt='DPP4'
(28 rows affected)
R3M02

		update [output_stage]
		set Y=B.[R3M02] from [output_stage] A inner join dbo.OutputGeoHBVSummaryT1
B
		on A.Product=B.Market and A.X='R3M02' and A.currency=b.Moneytype
		and a.LinkChartCode = 'D041' and A.Series=B.Audi_des and A.geo=B.region and
B.Class='N' and Mkt='DPP4'
(28 rows affected)
R3M11

		update [output_stage]
		set Y=B.[R3M11] from [output_stage] A inner join dbo.OutputGeoHBVSummaryT1
B
		on A.Product=B.Market and A.X='R3M11' and A.currency=b.Moneytype
		and a.LinkChartCode = 'D041' and A.Series=B.Audi_des and A.geo=B.region and
B.Class='N' and Mkt='DPP4'
(28 rows affected)
R3M04

		update [output_stage]
		set Y=B.[R3M04] from [output_stage] A inner join dbo.OutputGeoHBVSummaryT1
B
		on A.Product=B.Market and A.X='R3M04' and A.currency=b.Moneytype
		and a.LinkChartCode = 'D041' and A.Series=B.Audi_des and A.geo=B.region and
B.Class='N' and Mkt='DPP4'
(28 rows affected)
R3M01

		update [output_stage]
		set Y=B.[R3M01] from [output_stage] A inner join dbo.OutputGeoHBVSummaryT1
B
		on A.Product=B.Market and A.X='R3M01' and A.currency=b.Moneytype
		and a.LinkChartCode = 'D041' and A.Series=B.Audi_des and A.geo=B.region and
B.Class='N' and Mkt='DPP4'
(28 rows affected)
R3M10

		update [output_stage]
		set Y=B.[R3M10] from [output_stage] A inner join dbo.OutputGeoHBVSummaryT1
B
		on A.Product=B.Market and A.X='R3M10' and A.currency=b.Moneytype
		and a.LinkChartCode = 'D041' and A.Series=B.Audi_des and A.geo=B.region and
B.Class='N' and Mkt='DPP4'
(28 rows affected)
R3M08

		update [output_stage]
		set Y=B.[R3M08] from [output_stage] A inner join dbo.OutputGeoHBVSummaryT1
B
		on A.Product=B.Market and A.X='R3M08' and A.currency=b.Moneytype
		and a.LinkChartCode = 'D041' and A.Series=B.Audi_des and A.geo=B.region and
B.Class='N' and Mkt='DPP4'
(28 rows affected)
R3M05

		update [output_stage]
		set Y=B.[R3M05] from [output_stage] A inner join dbo.OutputGeoHBVSummaryT1
B
		on A.Product=B.Market and A.X='R3M05' and A.currency=b.Moneytype
		and a.LinkChartCode = 'D041' and A.Series=B.Audi_des and A.geo=B.region and
B.Class='N' and Mkt='DPP4'
(28 rows affected)
R3M06

		update [output_stage]
		set Y=B.[R3M06] from [output_stage] A inner join dbo.OutputGeoHBVSummaryT1
B
		on A.Product=B.Market and A.X='R3M06' and A.currency=b.Moneytype
		and a.LinkChartCode = 'D041' and A.Series=B.Audi_des and A.geo=B.region and
B.Class='N' and Mkt='DPP4'
(28 rows affected)
R3M03

		update [output_stage]
		set Y=B.[R3M03] from [output_stage] A inner join dbo.OutputGeoHBVSummaryT1
B
		on A.Product=B.Market and A.X='R3M03' and A.currency=b.Moneytype
		and a.LinkChartCode = 'D041' and A.Series=B.Audi_des and A.geo=B.region and
B.Class='N' and Mkt='DPP4'
(28 rows affected)
YTD12

		update [output_stage]
		set Y=B.[YTD12] from [output_stage] A inner join dbo.OutputGeoHBVSummaryT1
B
		on A.Product=B.Market and A.X='YTD12' and A.currency=b.Moneytype
		and a.LinkChartCode = 'D041' and A.Series=B.Audi_des and A.geo=B.region and
B.Class='N' and Mkt='DPP4'
(28 rows affected)
R3M00

		update [output_stage]
		set Y=B.[R3M00] from [output_stage] A inner join dbo.OutputGeoHBVSummaryT1
B
		on A.Product=B.Market and A.X='R3M00' and A.currency=b.Moneytype
		and a.LinkChartCode = 'D041' and A.Series=B.Audi_des and A.geo=B.region and
B.Class='N' and Mkt='DPP4'
(28 rows affected)
R3M07

		update [output_stage]
		set Y=B.[R3M07] from [output_stage] A inner join dbo.OutputGeoHBVSummaryT1
B
		on A.Product=B.Market and A.X='R3M07' and A.currency=b.Moneytype
		and a.LinkChartCode = 'D041' and A.Series=B.Audi_des and A.geo=B.region and
B.Class='N' and Mkt='DPP4'
(28 rows affected)
YTD00

		update [output_stage]
		set Y=B.[YTD00] from [output_stage] A inner join dbo.OutputGeoHBVSummaryT1
B
		on A.Product=B.Market and A.X='YTD00' and A.currency=b.Moneytype
		and a.LinkChartCode = 'D041' and A.Series=B.Audi_des and A.geo=B.region and
B.Class='N' and Mkt='DPP4'
(28 rows affected)
1> 2> 3> 4> 5> 6> 7> 8> 9> 10> 11> 12> 13> 14> 15> 16> 17> 18> 19> 20> 21> 22> 23> 24> 25> 26> 27> 28> 29> 30> 31> 32> 33> 34> 35> 36> 37> 38> 39> 40> 41> 42> 43> 44> 45> 46> 47> 48> 49> 50> 51> 52> 53> 54> 55> (0 rows affected)
insert into [output_stage] (isshow,TimeFrame,LinkChartCode,Product, Series,
SeriesIdx,Currency, X, XIdx,lev,geo)
select isshow,A.Period, 'D031' as Code,
Market,B.Audi_des,B.Audi_cod,MoneyType,a.Series,a.SeriesIdx, 'Region' as
lev,B.region
from (select  'MQT' as Period,'R3M00' as Series,'Y' as isshow,19 as SeriesIdx
union all
select  'MQT' as Period,'R3M01' as Series,'Y' as isshow,18 as SeriesIdx union
all
select  'MQT' as Period,'R3M02' as Series,'Y' as isshow,17 as SeriesIdx union
all
select  'MQT' as Period,'R3M03' as Series,'Y' as isshow,16 as SeriesIdx union
all
select  'MQT' as Period,'R3M04' as Series,'Y' as isshow,15 as SeriesIdx union
all
select  'MQT' as Period,'R3M05' as Series,'Y' as isshow,14 as SeriesIdx union
all
select  'MQT' as Period,'R3M06' as Series,'Y' as isshow,13 as SeriesIdx union
all
select  'MQT' as Period,'R3M07' as Series,'Y' as isshow,12 as SeriesIdx union
all
select  'MQT' as Period,'R3M08' as Series,'Y' as isshow,11 as SeriesIdx union
all
select  'MQT' as Period,'R3M09' as Series,'Y' as isshow,10 as SeriesIdx union
all
select  'MQT' as Period,'R3M10' as Series,'Y' as isshow,9 as SeriesIdx union
all
select  'MQT' as Period,'R3M11' as Series,'Y' as isshow,8 as SeriesIdx  Union
all
select  'YTD' as Period,'YTD00' as series,'D' as ishow,21 as SeriesIdx union
all
select  'YTD' as Period,'YTD12' as series,'D' as ishow,20 as SeriesIdx) a,
(
	select distinct
MoneyType,mkt,Market,Prod,Productname,Audi_cod,Audi_des,region from
dbo.OutputGeoHBVSummaryT1 where Class='Y'
) b
(784 rows affected)
R3M09

		update [output_stage]
		set Y=B.[R3M09] from [output_stage] A inner join dbo.OutputGeoHBVSummaryT1
B
		on A.Product=B.Market and A.X='R3M09' and A.currency=b.Moneytype
		and a.LinkChartCode = 'D031' and A.Series=B.Audi_des and A.geo=B.region and
B.Class='Y'
(56 rows affected)
R3M02

		update [output_stage]
		set Y=B.[R3M02] from [output_stage] A inner join dbo.OutputGeoHBVSummaryT1
B
		on A.Product=B.Market and A.X='R3M02' and A.currency=b.Moneytype
		and a.LinkChartCode = 'D031' and A.Series=B.Audi_des and A.geo=B.region and
B.Class='Y'
(56 rows affected)
R3M11

		update [output_stage]
		set Y=B.[R3M11] from [output_stage] A inner join dbo.OutputGeoHBVSummaryT1
B
		on A.Product=B.Market and A.X='R3M11' and A.currency=b.Moneytype
		and a.LinkChartCode = 'D031' and A.Series=B.Audi_des and A.geo=B.region and
B.Class='Y'
(56 rows affected)
R3M04

		update [output_stage]
		set Y=B.[R3M04] from [output_stage] A inner join dbo.OutputGeoHBVSummaryT1
B
		on A.Product=B.Market and A.X='R3M04' and A.currency=b.Moneytype
		and a.LinkChartCode = 'D031' and A.Series=B.Audi_des and A.geo=B.region and
B.Class='Y'
(56 rows affected)
R3M01

		update [output_stage]
		set Y=B.[R3M01] from [output_stage] A inner join dbo.OutputGeoHBVSummaryT1
B
		on A.Product=B.Market and A.X='R3M01' and A.currency=b.Moneytype
		and a.LinkChartCode = 'D031' and A.Series=B.Audi_des and A.geo=B.region and
B.Class='Y'
(56 rows affected)
R3M10

		update [output_stage]
		set Y=B.[R3M10] from [output_stage] A inner join dbo.OutputGeoHBVSummaryT1
B
		on A.Product=B.Market and A.X='R3M10' and A.currency=b.Moneytype
		and a.LinkChartCode = 'D031' and A.Series=B.Audi_des and A.geo=B.region and
B.Class='Y'
(56 rows affected)
R3M08

		update [output_stage]
		set Y=B.[R3M08] from [output_stage] A inner join dbo.OutputGeoHBVSummaryT1
B
		on A.Product=B.Market and A.X='R3M08' and A.currency=b.Moneytype
		and a.LinkChartCode = 'D031' and A.Series=B.Audi_des and A.geo=B.region and
B.Class='Y'
(56 rows affected)
R3M05

		update [output_stage]
		set Y=B.[R3M05] from [output_stage] A inner join dbo.OutputGeoHBVSummaryT1
B
		on A.Product=B.Market and A.X='R3M05' and A.currency=b.Moneytype
		and a.LinkChartCode = 'D031' and A.Series=B.Audi_des and A.geo=B.region and
B.Class='Y'
(56 rows affected)
R3M06

		update [output_stage]
		set Y=B.[R3M06] from [output_stage] A inner join dbo.OutputGeoHBVSummaryT1
B
		on A.Product=B.Market and A.X='R3M06' and A.currency=b.Moneytype
		and a.LinkChartCode = 'D031' and A.Series=B.Audi_des and A.geo=B.region and
B.Class='Y'
(56 rows affected)
R3M03

		update [output_stage]
		set Y=B.[R3M03] from [output_stage] A inner join dbo.OutputGeoHBVSummaryT1
B
		on A.Product=B.Market and A.X='R3M03' and A.currency=b.Moneytype
		and a.LinkChartCode = 'D031' and A.Series=B.Audi_des and A.geo=B.region and
B.Class='Y'
(56 rows affected)
YTD12

		update [output_stage]
		set Y=B.[YTD12] from [output_stage] A inner join dbo.OutputGeoHBVSummaryT1
B
		on A.Product=B.Market and A.X='YTD12' and A.currency=b.Moneytype
		and a.LinkChartCode = 'D031' and A.Series=B.Audi_des and A.geo=B.region and
B.Class='Y'
(56 rows affected)
R3M00

		update [output_stage]
		set Y=B.[R3M00] from [output_stage] A inner join dbo.OutputGeoHBVSummaryT1
B
		on A.Product=B.Market and A.X='R3M00' and A.currency=b.Moneytype
		and a.LinkChartCode = 'D031' and A.Series=B.Audi_des and A.geo=B.region and
B.Class='Y'
(56 rows affected)
R3M07

		update [output_stage]
		set Y=B.[R3M07] from [output_stage] A inner join dbo.OutputGeoHBVSummaryT1
B
		on A.Product=B.Market and A.X='R3M07' and A.currency=b.Moneytype
		and a.LinkChartCode = 'D031' and A.Series=B.Audi_des and A.geo=B.region and
B.Class='Y'
(56 rows affected)
YTD00

		update [output_stage]
		set Y=B.[YTD00] from [output_stage] A inner join dbo.OutputGeoHBVSummaryT1
B
		on A.Product=B.Market and A.X='YTD00' and A.currency=b.Moneytype
		and a.LinkChartCode = 'D031' and A.Series=B.Audi_des and A.geo=B.region and
B.Class='Y'
(56 rows affected)
1> 2> 3> (4648 rows affected)
1> 2> 3> 4> (4648 rows affected)
1> 2> 3> 4> (4648 rows affected)
1> 2> 3> 4> 5> 6> 7> (448 rows affected)
1> 2> 3> 4> 5> 6> 7> 8> 9> 10> 11> 12> 13> 14> 15> 16> 17> 18> 19> 20> 21> 22> 23> 24> 25> 26> 27> (3864 rows affected)
1> 2> 3> 4> 5> 6> 7> 8> 9> 10> 11> 12> 13> 14> 15> 16> 17> 18> 19> 20> 21> 22> 23> 24> 25> 26> 27> (336 rows affected)
1> 2> 3> 4> 5> 6> 7> (0 rows affected)
1> 2> 3> 4> 5> 6> 7> 8> 9> 10> 11> 12> 13> 14> 15> 16> 17> 18> 19> 20> 21> 22> 23> 24> 25> 26> 27> 28> 29> 30> 31> 32> 33> 34> 35> 36> 37> 38> 39> 40> 41> 42> 43> 44> 45> 46> 47> 48> 49> 50> 51> 52> 53> 54> 55> 56> 57> 58> 59> 60> 61> 62> 63> 64> 65> 66> 67> 68> 69> 70> 71> 72> 73> 74> 75> 76> 77> 78> 79> 80> 81> 82> 83> 84> 85> 86> 87> 88> 89> 90> 91> 92> 93> 94> 95> 96> 97> 98> 99> 100> 101> 102> 103> 104> 105> 106> 107> 108> 109> 110> 111> 112> 113> 114> 115> 116> 117> 118> 119> 120> 121> 122> 123> 124> 125> 126> 127> 128> 129> 130> 131> 132> 133> 134> 135> 136> 137> 138> 139> 140> 141> 142> 143> 144> 145> 146> 147> 148> 149> 150> 151> 152> (8400 rows affected)
(2100 rows affected)
(2100 rows affected)
(2100 rows affected)
(2100 rows affected)
(4256 rows affected)
(1064 rows affected)
(1064 rows affected)
(1064 rows affected)
(1064 rows affected)
1> 2> 3> 4> 5> 6> 7> 8> 9> 10> 11> 12> 13> 14> 15> 16> 17> 18> 19> 20> 21> 22> 23> 24> 25> 26> 27> 28> 29> 30> 31> 32> 33> 34> 35> 36> 37> 38> 39> 40> 41> 42> 43> 44> 45> 46> 47> 48> 49> 50> 51> 52> 53> 54> 55> 56> 57> 58> 59> 60> 61> 62> 63> 64> 65> 66> 67> 68> 69> 70> 71> 72> 73> 74> 75> 76> 77> 78> 79> 80> 81> 82> 83> 84> 85> 86> 87> 88> 89> 90> 91> 92> 93> 94> 95> 96> (0 rows affected)
(336 rows affected)
(112 rows affected)
(112 rows affected)
(112 rows affected)
(336 rows affected)
(112 rows affected)
(112 rows affected)
(112 rows affected)
1> 2> 3> 4> 5> 6> 7> 8> 9> 10> 11> 12> 13> 14> 15> 16> 17> 18> 19> 20> 21> 22> 23> 24> 25> 26> 27> 28> 29> 30> 31> 32> 33> 34> 35> 36> 37> 38> 39> 40> 41> 42> 43> 44> 45> 46> 47> 48> 49> 50> 51> 52> 53> 54> 55> 56> 57> 58> 59> 60> 61> 62> 63> 64> (0 rows affected)
(1176 rows affected)
(392 rows affected)
(392 rows affected)
(392 rows affected)
(336 rows affected)
(112 rows affected)
(112 rows affected)
(112 rows affected)
1> 2> 3> 4> 5> 6> 7> 8> 9> 10> 11> 12> 13> 14> 15> 16> 17> 18> 19> 20> 21> 22> 23> 24> 25> 26> 27> 28> 29> 30> 31> 32> 33> 34> 35> 36> 37> 38> 39> 40> 41> 42> 43> 44> 45> 46> 47> 48> 49> 50> 51> 52> 53> 54> 55> 56> 57> 58> 59> 60> 61> 62> 63> 64> 65> 66> 67> 68> 69> 70> 71> 72> 73> 74> 75> 76> 77> 78> 79> 80> 81> 82> 83> 84> 85> 86> 87> 88> 89> 90> 91> 92> 93> 94> 95> 96> 97> 98> 99> 100> 101> 102> 103> 104> 105> 106> 107> 108> 109> 110> 111> 112> 113> 114> 115> 116> 117> 118> 119> 120> 121> 122> 123> 124> 125> 126> 127> (0 rows affected)
(6216 rows affected)
(1554 rows affected)
(1554 rows affected)
(1554 rows affected)
(1554 rows affected)
(3256 rows affected)
(814 rows affected)
(814 rows affected)
(814 rows affected)
(814 rows affected)
1> 2> 3> 4> 5> 6> 7> 8> 9> 10> 11> 12> 13> 14> 15> 16> 17> 18> 19> 20> 21> 22> 23> 24> 25> 26> 27> 28> 29> 30> 31> 32> 33> 34> 35> 36> 37> 38> 39> 40> 41> 42> 43> 44> 45> 46> 47> 48> 49> 50> 51> 52> 53> 54> 55> 56> 57> 58> 59> 60> 61> 62> 63> 64> 65> 66> 67> 68> 69> 70> 71> 72> 73> 74> 75> 76> 77> 78> 79> 80> 81> 82> 83> 84> 85> 86> 87> 88> 89> 90> 91> 92> 93> (0 rows affected)
(280 rows affected)
(140 rows affected)
(140 rows affected)
(240 rows affected)
(120 rows affected)
(120 rows affected)
1> 2> 3> 4> 5> 6> 7> 8> 9> 10> 11> 12> 13> 14> 15> 16> 17> 18> 19> 20> 21> 22> 23> 24> 25> 26> 27> 28> 29> 30> 31> (8424 rows affected)
1> 2> 3> (24832 rows affected)
1> 2> 3> 4> (24832 rows affected)
1> 2> 3> 4> (24832 rows affected)
1> 2> 3> 4> (3584 rows affected)
1> 2> 3> 4> (16408 rows affected)
1> 2> 3> 4> 1> 2> 3> 4> 5> 6> 7> 8> 9> 10> (1912 rows affected)
1> 2> 3> 4> 5> (1872 rows affected)
1> 2> 3> 4> 5> 6> 7> 8> 9> 10> 11> 12> (16128 rows affected)
1> 2> 3> (1872 rows affected)
1> 2> 3> 4> 5> 6> 7> 8> 9> 10> 11> 12> 13> 14> 15> 16> 17> 18> 19> 20> 21> 22> 23> 24> 25> 26> 27> 28> 29> 30> 31> 32> 33> 34> 35> 36> 37> 38> 39> 40> 41> 42> 43> 44> 45> 46> 47> 48> 49> 50> 51> 52> 53> 54> 55> 56> (0 rows affected)
(19327 rows affected)
R3M02

			update [output_stage]
			set Y=B.R3M02 from [output_stage] A inner join
dbo.OutputCityPerformanceByBrand_For_OtherETV B
			on case B.Chart when 'Volume Trend' then 'Y' else 'N' end=A.isshow and
A.Currency=B.MoneyType and A.X='R3M02'and B.Chart in('Volume Trend','CAGR')
and B.Class='N' and B.molecule='N' and B.Mkt NOT in('DPP4','Eliquis NOAC')
			and a.LinkChartCode = 'D081' and A.Series=B.Productname and
A.ParentGeo=B.region and A.geo=B.audi_des
(1757 rows affected)
YTD24

			update [output_stage]
			set Y=B.YTD24 from [output_stage] A inner join
dbo.OutputCityPerformanceByBrand_For_OtherETV B
			on case B.Chart when 'Volume Trend' then 'Y' else 'N' end=A.isshow and
A.Currency=B.MoneyType and A.X='YTD24'and B.Chart in('Volume Trend','CAGR')
and B.Class='N' and B.molecule='N' and B.Mkt NOT in('DPP4','Eliquis NOAC')
			and a.LinkChartCode = 'D081' and A.Series=B.Productname and
A.ParentGeo=B.region and A.geo=B.audi_des
(1757 rows affected)
R3M04

			update [output_stage]
			set Y=B.R3M04 from [output_stage] A inner join
dbo.OutputCityPerformanceByBrand_For_OtherETV B
			on case B.Chart when 'Volume Trend' then 'Y' else 'N' end=A.isshow and
A.Currency=B.MoneyType and A.X='R3M04'and B.Chart in('Volume Trend','CAGR')
and B.Class='N' and B.molecule='N' and B.Mkt NOT in('DPP4','Eliquis NOAC')
			and a.LinkChartCode = 'D081' and A.Series=B.Productname and
A.ParentGeo=B.region and A.geo=B.audi_des
(1757 rows affected)
R3M01

			update [output_stage]
			set Y=B.R3M01 from [output_stage] A inner join
dbo.OutputCityPerformanceByBrand_For_OtherETV B
			on case B.Chart when 'Volume Trend' then 'Y' else 'N' end=A.isshow and
A.Currency=B.MoneyType and A.X='R3M01'and B.Chart in('Volume Trend','CAGR')
and B.Class='N' and B.molecule='N' and B.Mkt NOT in('DPP4','Eliquis NOAC')
			and a.LinkChartCode = 'D081' and A.Series=B.Productname and
A.ParentGeo=B.region and A.geo=B.audi_des
(1757 rows affected)
R3M05

			update [output_stage]
			set Y=B.R3M05 from [output_stage] A inner join
dbo.OutputCityPerformanceByBrand_For_OtherETV B
			on case B.Chart when 'Volume Trend' then 'Y' else 'N' end=A.isshow and
A.Currency=B.MoneyType and A.X='R3M05'and B.Chart in('Volume Trend','CAGR')
and B.Class='N' and B.molecule='N' and B.Mkt NOT in('DPP4','Eliquis NOAC')
			and a.LinkChartCode = 'D081' and A.Series=B.Productname and
A.ParentGeo=B.region and A.geo=B.audi_des
(1757 rows affected)
R3M03

			update [output_stage]
			set Y=B.R3M03 from [output_stage] A inner join
dbo.OutputCityPerformanceByBrand_For_OtherETV B
			on case B.Chart when 'Volume Trend' then 'Y' else 'N' end=A.isshow and
A.Currency=B.MoneyType and A.X='R3M03'and B.Chart in('Volume Trend','CAGR')
and B.Class='N' and B.molecule='N' and B.Mkt NOT in('DPP4','Eliquis NOAC')
			and a.LinkChartCode = 'D081' and A.Series=B.Productname and
A.ParentGeo=B.region and A.geo=B.audi_des
(1757 rows affected)
YTD12

			update [output_stage]
			set Y=B.YTD12 from [output_stage] A inner join
dbo.OutputCityPerformanceByBrand_For_OtherETV B
			on case B.Chart when 'Volume Trend' then 'Y' else 'N' end=A.isshow and
A.Currency=B.MoneyType and A.X='YTD12'and B.Chart in('Volume Trend','CAGR')
and B.Class='N' and B.molecule='N' and B.Mkt NOT in('DPP4','Eliquis NOAC')
			and a.LinkChartCode = 'D081' and A.Series=B.Productname and
A.ParentGeo=B.region and A.geo=B.audi_des
(1757 rows affected)
R3M00

			update [output_stage]
			set Y=B.R3M00 from [output_stage] A inner join
dbo.OutputCityPerformanceByBrand_For_OtherETV B
			on case B.Chart when 'Volume Trend' then 'Y' else 'N' end=A.isshow and
A.Currency=B.MoneyType and A.X='R3M00'and B.Chart in('Volume Trend','CAGR')
and B.Class='N' and B.molecule='N' and B.Mkt NOT in('DPP4','Eliquis NOAC')
			and a.LinkChartCode = 'D081' and A.Series=B.Productname and
A.ParentGeo=B.region and A.geo=B.audi_des
(1757 rows affected)
YTD36

			update [output_stage]
			set Y=B.YTD36 from [output_stage] A inner join
dbo.OutputCityPerformanceByBrand_For_OtherETV B
			on case B.Chart when 'Volume Trend' then 'Y' else 'N' end=A.isshow and
A.Currency=B.MoneyType and A.X='YTD36'and B.Chart in('Volume Trend','CAGR')
and B.Class='N' and B.molecule='N' and B.Mkt NOT in('DPP4','Eliquis NOAC')
			and a.LinkChartCode = 'D081' and A.Series=B.Productname and
A.ParentGeo=B.region and A.geo=B.audi_des
(1757 rows affected)
YTD48

			update [output_stage]
			set Y=B.YTD48 from [output_stage] A inner join
dbo.OutputCityPerformanceByBrand_For_OtherETV B
			on case B.Chart when 'Volume Trend' then 'Y' else 'N' end=A.isshow and
A.Currency=B.MoneyType and A.X='YTD48'and B.Chart in('Volume Trend','CAGR')
and B.Class='N' and B.molecule='N' and B.Mkt NOT in('DPP4','Eliquis NOAC')
			and a.LinkChartCode = 'D081' and A.Series=B.Productname and
A.ParentGeo=B.region and A.geo=B.audi_des
(1757 rows affected)
YTD00

			update [output_stage]
			set Y=B.YTD00 from [output_stage] A inner join
dbo.OutputCityPerformanceByBrand_For_OtherETV B
			on case B.Chart when 'Volume Trend' then 'Y' else 'N' end=A.isshow and
A.Currency=B.MoneyType and A.X='YTD00'and B.Chart in('Volume Trend','CAGR')
and B.Class='N' and B.molecule='N' and B.Mkt NOT in('DPP4','Eliquis NOAC')
			and a.LinkChartCode = 'D081' and A.Series=B.Productname and
A.ParentGeo=B.region and A.geo=B.audi_des
(1757 rows affected)
1> 2> (6993 rows affected)
1> 2> 3> 4> 5> 6> 7> 8> 9> 10> 11> 12> 13> 14> 15> 16> 17> 18> 19> 20> 21> 22> 23> 24> 25> 26> 27> 28> 29> 30> 31> 32> 33> 34> 35> 36> 37> 38> 39> 40> 41> 42> 43> 44> 45> 46> 47> 48> 49> (0 rows affected)
(588 rows affected)
R3M02

			update [output_stage]
			set Y=B.R3M02 from [output_stage] A inner join
dbo.OutputCityPerformanceByBrand B
			on case B.Chart when 'Volume Trend' then 'Y' else 'N' end=A.isshow and
A.Currency=B.MoneyType and A.X='R3M02'and B.Chart in('Volume Trend','CAGR')
and B.Class='N' and B.molecule='N' and B.Mkt='DPP4'
			and a.LinkChartCode = 'D101' and A.Series=B.Productname and
A.ParentGeo=B.region and A.geo=B.audi_des
(98 rows affected)
R3M04

			update [output_stage]
			set Y=B.R3M04 from [output_stage] A inner join
dbo.OutputCityPerformanceByBrand B
			on case B.Chart when 'Volume Trend' then 'Y' else 'N' end=A.isshow and
A.Currency=B.MoneyType and A.X='R3M04'and B.Chart in('Volume Trend','CAGR')
and B.Class='N' and B.molecule='N' and B.Mkt='DPP4'
			and a.LinkChartCode = 'D101' and A.Series=B.Productname and
A.ParentGeo=B.region and A.geo=B.audi_des
(98 rows affected)
R3M01

			update [output_stage]
			set Y=B.R3M01 from [output_stage] A inner join
dbo.OutputCityPerformanceByBrand B
			on case B.Chart when 'Volume Trend' then 'Y' else 'N' end=A.isshow and
A.Currency=B.MoneyType and A.X='R3M01'and B.Chart in('Volume Trend','CAGR')
and B.Class='N' and B.molecule='N' and B.Mkt='DPP4'
			and a.LinkChartCode = 'D101' and A.Series=B.Productname and
A.ParentGeo=B.region and A.geo=B.audi_des
(98 rows affected)
R3M05

			update [output_stage]
			set Y=B.R3M05 from [output_stage] A inner join
dbo.OutputCityPerformanceByBrand B
			on case B.Chart when 'Volume Trend' then 'Y' else 'N' end=A.isshow and
A.Currency=B.MoneyType and A.X='R3M05'and B.Chart in('Volume Trend','CAGR')
and B.Class='N' and B.molecule='N' and B.Mkt='DPP4'
			and a.LinkChartCode = 'D101' and A.Series=B.Productname and
A.ParentGeo=B.region and A.geo=B.audi_des
(98 rows affected)
R3M03

			update [output_stage]
			set Y=B.R3M03 from [output_stage] A inner join
dbo.OutputCityPerformanceByBrand B
			on case B.Chart when 'Volume Trend' then 'Y' else 'N' end=A.isshow and
A.Currency=B.MoneyType and A.X='R3M03'and B.Chart in('Volume Trend','CAGR')
and B.Class='N' and B.molecule='N' and B.Mkt='DPP4'
			and a.LinkChartCode = 'D101' and A.Series=B.Productname and
A.ParentGeo=B.region and A.geo=B.audi_des
(98 rows affected)
R3M00

			update [output_stage]
			set Y=B.R3M00 from [output_stage] A inner join
dbo.OutputCityPerformanceByBrand B
			on case B.Chart when 'Volume Trend' then 'Y' else 'N' end=A.isshow and
A.Currency=B.MoneyType and A.X='R3M00'and B.Chart in('Volume Trend','CAGR')
and B.Class='N' and B.molecule='N' and B.Mkt='DPP4'
			and a.LinkChartCode = 'D101' and A.Series=B.Productname and
A.ParentGeo=B.region and A.geo=B.audi_des
(98 rows affected)
1> 2> (210 rows affected)
1> 2> 3> 4> 5> 6> 7> 8> 9> 10> 11> 12> 13> 14> 15> 16> 17> 18> 19> 20> 21> 22> 23> 24> 25> 26> 27> 28> 29> 30> 31> 32> 33> 34> 35> 36> 37> 38> 39> 40> 41> 42> 43> 44> 45> 46> 47> 48> 49> 50> 51> 52> 53> 54> (0 rows affected)
(6776 rows affected)
R3M02

			update [output_stage]
			set Y=B.R3M02 from [output_stage] A inner join
dbo.OutputCityPerformanceByBrand B
			on case B.Chart when 'Volume Trend' then 'Y' else 'N' end=A.isshow and
A.Currency=B.MoneyType and A.X='R3M02'and ((B.Chart in('Volume Trend','CAGR')
and (B.Class='Y' or B.molecule='Y')))
			and a.LinkChartCode = 'D091' and A.Series=B.Productname and
A.ParentGeo=B.region and A.geo=B.audi_des
(616 rows affected)
YTD24

			update [output_stage]
			set Y=B.YTD24 from [output_stage] A inner join
dbo.OutputCityPerformanceByBrand B
			on case B.Chart when 'Volume Trend' then 'Y' else 'N' end=A.isshow and
A.Currency=B.MoneyType and A.X='YTD24'and ((B.Chart in('Volume Trend','CAGR')
and (B.Class='Y' or B.molecule='Y')))
			and a.LinkChartCode = 'D091' and A.Series=B.Productname and
A.ParentGeo=B.region and A.geo=B.audi_des
(616 rows affected)
R3M04

			update [output_stage]
			set Y=B.R3M04 from [output_stage] A inner join
dbo.OutputCityPerformanceByBrand B
			on case B.Chart when 'Volume Trend' then 'Y' else 'N' end=A.isshow and
A.Currency=B.MoneyType and A.X='R3M04'and ((B.Chart in('Volume Trend','CAGR')
and (B.Class='Y' or B.molecule='Y')))
			and a.LinkChartCode = 'D091' and A.Series=B.Productname and
A.ParentGeo=B.region and A.geo=B.audi_des
(616 rows affected)
R3M01

			update [output_stage]
			set Y=B.R3M01 from [output_stage] A inner join
dbo.OutputCityPerformanceByBrand B
			on case B.Chart when 'Volume Trend' then 'Y' else 'N' end=A.isshow and
A.Currency=B.MoneyType and A.X='R3M01'and ((B.Chart in('Volume Trend','CAGR')
and (B.Class='Y' or B.molecule='Y')))
			and a.LinkChartCode = 'D091' and A.Series=B.Productname and
A.ParentGeo=B.region and A.geo=B.audi_des
(616 rows affected)
R3M05

			update [output_stage]
			set Y=B.R3M05 from [output_stage] A inner join
dbo.OutputCityPerformanceByBrand B
			on case B.Chart when 'Volume Trend' then 'Y' else 'N' end=A.isshow and
A.Currency=B.MoneyType and A.X='R3M05'and ((B.Chart in('Volume Trend','CAGR')
and (B.Class='Y' or B.molecule='Y')))
			and a.LinkChartCode = 'D091' and A.Series=B.Productname and
A.ParentGeo=B.region and A.geo=B.audi_des
(616 rows affected)
R3M03

			update [output_stage]
			set Y=B.R3M03 from [output_stage] A inner join
dbo.OutputCityPerformanceByBrand B
			on case B.Chart when 'Volume Trend' then 'Y' else 'N' end=A.isshow and
A.Currency=B.MoneyType and A.X='R3M03'and ((B.Chart in('Volume Trend','CAGR')
and (B.Class='Y' or B.molecule='Y')))
			and a.LinkChartCode = 'D091' and A.Series=B.Productname and
A.ParentGeo=B.region and A.geo=B.audi_des
(616 rows affected)
YTD12

			update [output_stage]
			set Y=B.YTD12 from [output_stage] A inner join
dbo.OutputCityPerformanceByBrand B
			on case B.Chart when 'Volume Trend' then 'Y' else 'N' end=A.isshow and
A.Currency=B.MoneyType and A.X='YTD12'and ((B.Chart in('Volume Trend','CAGR')
and (B.Class='Y' or B.molecule='Y')))
			and a.LinkChartCode = 'D091' and A.Series=B.Productname and
A.ParentGeo=B.region and A.geo=B.audi_des
(616 rows affected)
R3M00

			update [output_stage]
			set Y=B.R3M00 from [output_stage] A inner join
dbo.OutputCityPerformanceByBrand B
			on case B.Chart when 'Volume Trend' then 'Y' else 'N' end=A.isshow and
A.Currency=B.MoneyType and A.X='R3M00'and ((B.Chart in('Volume Trend','CAGR')
and (B.Class='Y' or B.molecule='Y')))
			and a.LinkChartCode = 'D091' and A.Series=B.Productname and
A.ParentGeo=B.region and A.geo=B.audi_des
(616 rows affected)
YTD36

			update [output_stage]
			set Y=B.YTD36 from [output_stage] A inner join
dbo.OutputCityPerformanceByBrand B
			on case B.Chart when 'Volume Trend' then 'Y' else 'N' end=A.isshow and
A.Currency=B.MoneyType and A.X='YTD36'and ((B.Chart in('Volume Trend','CAGR')
and (B.Class='Y' or B.molecule='Y')))
			and a.LinkChartCode = 'D091' and A.Series=B.Productname and
A.ParentGeo=B.region and A.geo=B.audi_des
(616 rows affected)
YTD48

			update [output_stage]
			set Y=B.YTD48 from [output_stage] A inner join
dbo.OutputCityPerformanceByBrand B
			on case B.Chart when 'Volume Trend' then 'Y' else 'N' end=A.isshow and
A.Currency=B.MoneyType and A.X='YTD48'and ((B.Chart in('Volume Trend','CAGR')
and (B.Class='Y' or B.molecule='Y')))
			and a.LinkChartCode = 'D091' and A.Series=B.Productname and
A.ParentGeo=B.region and A.geo=B.audi_des
(616 rows affected)
YTD00

			update [output_stage]
			set Y=B.YTD00 from [output_stage] A inner join
dbo.OutputCityPerformanceByBrand B
			on case B.Chart when 'Volume Trend' then 'Y' else 'N' end=A.isshow and
A.Currency=B.MoneyType and A.X='YTD00'and ((B.Chart in('Volume Trend','CAGR')
and (B.Class='Y' or B.molecule='Y')))
			and a.LinkChartCode = 'D091' and A.Series=B.Productname and
A.ParentGeo=B.region and A.geo=B.audi_des
(616 rows affected)
1> 2> (2520 rows affected)
1> 2> 3> 4> 5> 6> 7> 8> 9> 10> 11> 12> 13> 14> 15> 16> 17> 18> 19> 20> 21> 22> 23> 24> 25> 26> 27> 28> 29> 30> 31> 32> 33> 34> 35> 36> 37> 38> 39> 40> 41> 42> 43> 44> 45> 46> 47> 48> 49> 50> 51> 52> 53> (0 rows affected)
(20944 rows affected)
R3M02

			update [output_stage]
			set Y=B.R3M02 from [output_stage] A inner join
dbo.OutputCityPerformanceByBrand_For_OtherETV B
			on A.Currency=B.MoneyType and A.X='R3M02'and B.Chart='Market Share Trend'
and B.Class='N' and  B.molecule='N' and B.mkt NOT in('DPP4','Eliquis NOAC')
			and a.LinkChartCode = 'D082' and A.Series=B.Productname and
A.ParentGeo=B.region and A.geo=B.audi_des
(1904 rows affected)
YTD24

			update [output_stage]
			set Y=B.YTD24 from [output_stage] A inner join
dbo.OutputCityPerformanceByBrand_For_OtherETV B
			on A.Currency=B.MoneyType and A.X='YTD24'and B.Chart='Market Share Trend'
and B.Class='N' and  B.molecule='N' and B.mkt NOT in('DPP4','Eliquis NOAC')
			and a.LinkChartCode = 'D082' and A.Series=B.Productname and
A.ParentGeo=B.region and A.geo=B.audi_des
(1904 rows affected)
R3M04

			update [output_stage]
			set Y=B.R3M04 from [output_stage] A inner join
dbo.OutputCityPerformanceByBrand_For_OtherETV B
			on A.Currency=B.MoneyType and A.X='R3M04'and B.Chart='Market Share Trend'
and B.Class='N' and  B.molecule='N' and B.mkt NOT in('DPP4','Eliquis NOAC')
			and a.LinkChartCode = 'D082' and A.Series=B.Productname and
A.ParentGeo=B.region and A.geo=B.audi_des
(1904 rows affected)
R3M01

			update [output_stage]
			set Y=B.R3M01 from [output_stage] A inner join
dbo.OutputCityPerformanceByBrand_For_OtherETV B
			on A.Currency=B.MoneyType and A.X='R3M01'and B.Chart='Market Share Trend'
and B.Class='N' and  B.molecule='N' and B.mkt NOT in('DPP4','Eliquis NOAC')
			and a.LinkChartCode = 'D082' and A.Series=B.Productname and
A.ParentGeo=B.region and A.geo=B.audi_des
(1904 rows affected)
R3M05

			update [output_stage]
			set Y=B.R3M05 from [output_stage] A inner join
dbo.OutputCityPerformanceByBrand_For_OtherETV B
			on A.Currency=B.MoneyType and A.X='R3M05'and B.Chart='Market Share Trend'
and B.Class='N' and  B.molecule='N' and B.mkt NOT in('DPP4','Eliquis NOAC')
			and a.LinkChartCode = 'D082' and A.Series=B.Productname and
A.ParentGeo=B.region and A.geo=B.audi_des
(1904 rows affected)
R3M03

			update [output_stage]
			set Y=B.R3M03 from [output_stage] A inner join
dbo.OutputCityPerformanceByBrand_For_OtherETV B
			on A.Currency=B.MoneyType and A.X='R3M03'and B.Chart='Market Share Trend'
and B.Class='N' and  B.molecule='N' and B.mkt NOT in('DPP4','Eliquis NOAC')
			and a.LinkChartCode = 'D082' and A.Series=B.Productname and
A.ParentGeo=B.region and A.geo=B.audi_des
(1904 rows affected)
YTD12

			update [output_stage]
			set Y=B.YTD12 from [output_stage] A inner join
dbo.OutputCityPerformanceByBrand_For_OtherETV B
			on A.Currency=B.MoneyType and A.X='YTD12'and B.Chart='Market Share Trend'
and B.Class='N' and  B.molecule='N' and B.mkt NOT in('DPP4','Eliquis NOAC')
			and a.LinkChartCode = 'D082' and A.Series=B.Productname and
A.ParentGeo=B.region and A.geo=B.audi_des
(1904 rows affected)
R3M00

			update [output_stage]
			set Y=B.R3M00 from [output_stage] A inner join
dbo.OutputCityPerformanceByBrand_For_OtherETV B
			on A.Currency=B.MoneyType and A.X='R3M00'and B.Chart='Market Share Trend'
and B.Class='N' and  B.molecule='N' and B.mkt NOT in('DPP4','Eliquis NOAC')
			and a.LinkChartCode = 'D082' and A.Series=B.Productname and
A.ParentGeo=B.region and A.geo=B.audi_des
(1904 rows affected)
YTD36

			update [output_stage]
			set Y=B.YTD36 from [output_stage] A inner join
dbo.OutputCityPerformanceByBrand_For_OtherETV B
			on A.Currency=B.MoneyType and A.X='YTD36'and B.Chart='Market Share Trend'
and B.Class='N' and  B.molecule='N' and B.mkt NOT in('DPP4','Eliquis NOAC')
			and a.LinkChartCode = 'D082' and A.Series=B.Productname and
A.ParentGeo=B.region and A.geo=B.audi_des
(1904 rows affected)
YTD48

			update [output_stage]
			set Y=B.YTD48 from [output_stage] A inner join
dbo.OutputCityPerformanceByBrand_For_OtherETV B
			on A.Currency=B.MoneyType and A.X='YTD48'and B.Chart='Market Share Trend'
and B.Class='N' and  B.molecule='N' and B.mkt NOT in('DPP4','Eliquis NOAC')
			and a.LinkChartCode = 'D082' and A.Series=B.Productname and
A.ParentGeo=B.region and A.geo=B.audi_des
(1904 rows affected)
YTD00

			update [output_stage]
			set Y=B.YTD00 from [output_stage] A inner join
dbo.OutputCityPerformanceByBrand_For_OtherETV B
			on A.Currency=B.MoneyType and A.X='YTD00'and B.Chart='Market Share Trend'
and B.Class='N' and  B.molecule='N' and B.mkt NOT in('DPP4','Eliquis NOAC')
			and a.LinkChartCode = 'D082' and A.Series=B.Productname and
A.ParentGeo=B.region and A.geo=B.audi_des
(1904 rows affected)
1> 2> 3> 4> 5> 6> 7> 8> 9> 10> 11> 12> 13> 14> 15> 16> 17> 18> 19> 20> 21> 22> 23> 24> 25> 26> 27> 28> 29> 30> 31> 32> 33> 34> 35> 36> 37> 38> 39> 40> 41> 42> 43> 44> 45> 46> 47> 48> 49> (0 rows affected)
(504 rows affected)
R3M02

			update [output_stage]
			set Y=B.R3M02 from [output_stage] A inner join
dbo.OutputCityPerformanceByBrand B
			on A.Currency=B.MoneyType and A.X='R3M02'and B.Chart='Market Share Trend'
and B.Class='N' and  B.molecule='N' and B.Mkt='DPP4'
			and a.LinkChartCode = 'D102' and A.Series=B.Productname and
A.ParentGeo=B.region and A.geo=B.audi_des
(84 rows affected)
R3M04

			update [output_stage]
			set Y=B.R3M04 from [output_stage] A inner join
dbo.OutputCityPerformanceByBrand B
			on A.Currency=B.MoneyType and A.X='R3M04'and B.Chart='Market Share Trend'
and B.Class='N' and  B.molecule='N' and B.Mkt='DPP4'
			and a.LinkChartCode = 'D102' and A.Series=B.Productname and
A.ParentGeo=B.region and A.geo=B.audi_des
(84 rows affected)
R3M01

			update [output_stage]
			set Y=B.R3M01 from [output_stage] A inner join
dbo.OutputCityPerformanceByBrand B
			on A.Currency=B.MoneyType and A.X='R3M01'and B.Chart='Market Share Trend'
and B.Class='N' and  B.molecule='N' and B.Mkt='DPP4'
			and a.LinkChartCode = 'D102' and A.Series=B.Productname and
A.ParentGeo=B.region and A.geo=B.audi_des
(84 rows affected)
R3M05

			update [output_stage]
			set Y=B.R3M05 from [output_stage] A inner join
dbo.OutputCityPerformanceByBrand B
			on A.Currency=B.MoneyType and A.X='R3M05'and B.Chart='Market Share Trend'
and B.Class='N' and  B.molecule='N' and B.Mkt='DPP4'
			and a.LinkChartCode = 'D102' and A.Series=B.Productname and
A.ParentGeo=B.region and A.geo=B.audi_des
(84 rows affected)
R3M03

			update [output_stage]
			set Y=B.R3M03 from [output_stage] A inner join
dbo.OutputCityPerformanceByBrand B
			on A.Currency=B.MoneyType and A.X='R3M03'and B.Chart='Market Share Trend'
and B.Class='N' and  B.molecule='N' and B.Mkt='DPP4'
			and a.LinkChartCode = 'D102' and A.Series=B.Productname and
A.ParentGeo=B.region and A.geo=B.audi_des
(84 rows affected)
R3M00

			update [output_stage]
			set Y=B.R3M00 from [output_stage] A inner join
dbo.OutputCityPerformanceByBrand B
			on A.Currency=B.MoneyType and A.X='R3M00'and B.Chart='Market Share Trend'
and B.Class='N' and  B.molecule='N' and B.Mkt='DPP4'
			and a.LinkChartCode = 'D102' and A.Series=B.Productname and
A.ParentGeo=B.region and A.geo=B.audi_des
(84 rows affected)
1> 2> 3> 4> 5> 6> 7> 8> 9> 10> 11> 12> 13> 14> 15> 16> 17> 18> 19> 20> 21> 22> 23> 24> 25> 26> 27> 28> 29> 30> 31> 32> 33> 34> 35> 36> 37> 38> 39> 40> 41> 42> 43> 44> 45> 46> 47> 48> 49> 50> 51> 52> 53> 54> (0 rows affected)
(6468 rows affected)
R3M02

			update [output_stage]
			set Y=B.R3M02 from [output_stage] A inner join
dbo.OutputCityPerformanceByBrand B
			on A.Currency=B.MoneyType and A.X='R3M02'and B.Chart='Market Share Trend'
and (B.Class='Y' or  B.molecule='Y')
			and a.LinkChartCode = 'D092' and A.Series=B.Productname and
A.ParentGeo=B.region and A.geo=B.audi_des
(588 rows affected)
YTD24

			update [output_stage]
			set Y=B.YTD24 from [output_stage] A inner join
dbo.OutputCityPerformanceByBrand B
			on A.Currency=B.MoneyType and A.X='YTD24'and B.Chart='Market Share Trend'
and (B.Class='Y' or  B.molecule='Y')
			and a.LinkChartCode = 'D092' and A.Series=B.Productname and
A.ParentGeo=B.region and A.geo=B.audi_des
(588 rows affected)
R3M04

			update [output_stage]
			set Y=B.R3M04 from [output_stage] A inner join
dbo.OutputCityPerformanceByBrand B
			on A.Currency=B.MoneyType and A.X='R3M04'and B.Chart='Market Share Trend'
and (B.Class='Y' or  B.molecule='Y')
			and a.LinkChartCode = 'D092' and A.Series=B.Productname and
A.ParentGeo=B.region and A.geo=B.audi_des
(588 rows affected)
R3M01

			update [output_stage]
			set Y=B.R3M01 from [output_stage] A inner join
dbo.OutputCityPerformanceByBrand B
			on A.Currency=B.MoneyType and A.X='R3M01'and B.Chart='Market Share Trend'
and (B.Class='Y' or  B.molecule='Y')
			and a.LinkChartCode = 'D092' and A.Series=B.Productname and
A.ParentGeo=B.region and A.geo=B.audi_des
(588 rows affected)
R3M05

			update [output_stage]
			set Y=B.R3M05 from [output_stage] A inner join
dbo.OutputCityPerformanceByBrand B
			on A.Currency=B.MoneyType and A.X='R3M05'and B.Chart='Market Share Trend'
and (B.Class='Y' or  B.molecule='Y')
			and a.LinkChartCode = 'D092' and A.Series=B.Productname and
A.ParentGeo=B.region and A.geo=B.audi_des
(588 rows affected)
R3M03

			update [output_stage]
			set Y=B.R3M03 from [output_stage] A inner join
dbo.OutputCityPerformanceByBrand B
			on A.Currency=B.MoneyType and A.X='R3M03'and B.Chart='Market Share Trend'
and (B.Class='Y' or  B.molecule='Y')
			and a.LinkChartCode = 'D092' and A.Series=B.Productname and
A.ParentGeo=B.region and A.geo=B.audi_des
(588 rows affected)
YTD12

			update [output_stage]
			set Y=B.YTD12 from [output_stage] A inner join
dbo.OutputCityPerformanceByBrand B
			on A.Currency=B.MoneyType and A.X='YTD12'and B.Chart='Market Share Trend'
and (B.Class='Y' or  B.molecule='Y')
			and a.LinkChartCode = 'D092' and A.Series=B.Productname and
A.ParentGeo=B.region and A.geo=B.audi_des
(588 rows affected)
R3M00

			update [output_stage]
			set Y=B.R3M00 from [output_stage] A inner join
dbo.OutputCityPerformanceByBrand B
			on A.Currency=B.MoneyType and A.X='R3M00'and B.Chart='Market Share Trend'
and (B.Class='Y' or  B.molecule='Y')
			and a.LinkChartCode = 'D092' and A.Series=B.Productname and
A.ParentGeo=B.region and A.geo=B.audi_des
(588 rows affected)
YTD36

			update [output_stage]
			set Y=B.YTD36 from [output_stage] A inner join
dbo.OutputCityPerformanceByBrand B
			on A.Currency=B.MoneyType and A.X='YTD36'and B.Chart='Market Share Trend'
and (B.Class='Y' or  B.molecule='Y')
			and a.LinkChartCode = 'D092' and A.Series=B.Productname and
A.ParentGeo=B.region and A.geo=B.audi_des
(588 rows affected)
YTD48

			update [output_stage]
			set Y=B.YTD48 from [output_stage] A inner join
dbo.OutputCityPerformanceByBrand B
			on A.Currency=B.MoneyType and A.X='YTD48'and B.Chart='Market Share Trend'
and (B.Class='Y' or  B.molecule='Y')
			and a.LinkChartCode = 'D092' and A.Series=B.Productname and
A.ParentGeo=B.region and A.geo=B.audi_des
(588 rows affected)
YTD00

			update [output_stage]
			set Y=B.YTD00 from [output_stage] A inner join
dbo.OutputCityPerformanceByBrand B
			on A.Currency=B.MoneyType and A.X='YTD00'and B.Chart='Market Share Trend'
and (B.Class='Y' or  B.molecule='Y')
			and a.LinkChartCode = 'D092' and A.Series=B.Productname and
A.ParentGeo=B.region and A.geo=B.audi_des
(588 rows affected)
1> 2> 3> 4> 5> 6> 7> 8> 9> 10> 11> 12> 13> 14> 15> 16> 17> 18> 19> 20> 21> 22> 23> 24> 25> 26> 27> 28> 29> 30> 31> 32> 33> 34> 35> 36> 37> 38> 39> 40> 41> 42> 43> 44> 45> 46> 47> 48> 49> 50> 51> 52> (0 rows affected)
(14476 rows affected)
R3M02

			update [output_stage]
			set Y=B.R3M02 from [output_stage] A inner join
dbo.OutputCityPerformanceByBrand_For_OtherETV B
			on A.Currency=B.MoneyType and A.X='R3M02'and B.Chart='Growth Trend' and
B.Class='N' and  B.molecule='N' and B.Mkt NOT in('DPP4','Eliquis NOAC')
			and a.LinkChartCode = 'D083' and A.Series=B.Productname and
A.ParentGeo=B.region and A.geo=B.audi_des
(1316 rows affected)
YTD24

			update [output_stage]
			set Y=B.YTD24 from [output_stage] A inner join
dbo.OutputCityPerformanceByBrand_For_OtherETV B
			on A.Currency=B.MoneyType and A.X='YTD24'and B.Chart='Growth Trend' and
B.Class='N' and  B.molecule='N' and B.Mkt NOT in('DPP4','Eliquis NOAC')
			and a.LinkChartCode = 'D083' and A.Series=B.Productname and
A.ParentGeo=B.region and A.geo=B.audi_des
(1316 rows affected)
R3M04

			update [output_stage]
			set Y=B.R3M04 from [output_stage] A inner join
dbo.OutputCityPerformanceByBrand_For_OtherETV B
			on A.Currency=B.MoneyType and A.X='R3M04'and B.Chart='Growth Trend' and
B.Class='N' and  B.molecule='N' and B.Mkt NOT in('DPP4','Eliquis NOAC')
			and a.LinkChartCode = 'D083' and A.Series=B.Productname and
A.ParentGeo=B.region and A.geo=B.audi_des
(1316 rows affected)
R3M01

			update [output_stage]
			set Y=B.R3M01 from [output_stage] A inner join
dbo.OutputCityPerformanceByBrand_For_OtherETV B
			on A.Currency=B.MoneyType and A.X='R3M01'and B.Chart='Growth Trend' and
B.Class='N' and  B.molecule='N' and B.Mkt NOT in('DPP4','Eliquis NOAC')
			and a.LinkChartCode = 'D083' and A.Series=B.Productname and
A.ParentGeo=B.region and A.geo=B.audi_des
(1316 rows affected)
R3M05

			update [output_stage]
			set Y=B.R3M05 from [output_stage] A inner join
dbo.OutputCityPerformanceByBrand_For_OtherETV B
			on A.Currency=B.MoneyType and A.X='R3M05'and B.Chart='Growth Trend' and
B.Class='N' and  B.molecule='N' and B.Mkt NOT in('DPP4','Eliquis NOAC')
			and a.LinkChartCode = 'D083' and A.Series=B.Productname and
A.ParentGeo=B.region and A.geo=B.audi_des
(1316 rows affected)
R3M03

			update [output_stage]
			set Y=B.R3M03 from [output_stage] A inner join
dbo.OutputCityPerformanceByBrand_For_OtherETV B
			on A.Currency=B.MoneyType and A.X='R3M03'and B.Chart='Growth Trend' and
B.Class='N' and  B.molecule='N' and B.Mkt NOT in('DPP4','Eliquis NOAC')
			and a.LinkChartCode = 'D083' and A.Series=B.Productname and
A.ParentGeo=B.region and A.geo=B.audi_des
(1316 rows affected)
YTD12

			update [output_stage]
			set Y=B.YTD12 from [output_stage] A inner join
dbo.OutputCityPerformanceByBrand_For_OtherETV B
			on A.Currency=B.MoneyType and A.X='YTD12'and B.Chart='Growth Trend' and
B.Class='N' and  B.molecule='N' and B.Mkt NOT in('DPP4','Eliquis NOAC')
			and a.LinkChartCode = 'D083' and A.Series=B.Productname and
A.ParentGeo=B.region and A.geo=B.audi_des
(1316 rows affected)
R3M00

			update [output_stage]
			set Y=B.R3M00 from [output_stage] A inner join
dbo.OutputCityPerformanceByBrand_For_OtherETV B
			on A.Currency=B.MoneyType and A.X='R3M00'and B.Chart='Growth Trend' and
B.Class='N' and  B.molecule='N' and B.Mkt NOT in('DPP4','Eliquis NOAC')
			and a.LinkChartCode = 'D083' and A.Series=B.Productname and
A.ParentGeo=B.region and A.geo=B.audi_des
(1316 rows affected)
YTD36

			update [output_stage]
			set Y=B.YTD36 from [output_stage] A inner join
dbo.OutputCityPerformanceByBrand_For_OtherETV B
			on A.Currency=B.MoneyType and A.X='YTD36'and B.Chart='Growth Trend' and
B.Class='N' and  B.molecule='N' and B.Mkt NOT in('DPP4','Eliquis NOAC')
			and a.LinkChartCode = 'D083' and A.Series=B.Productname and
A.ParentGeo=B.region and A.geo=B.audi_des
(1316 rows affected)
YTD48

			update [output_stage]
			set Y=B.YTD48 from [output_stage] A inner join
dbo.OutputCityPerformanceByBrand_For_OtherETV B
			on A.Currency=B.MoneyType and A.X='YTD48'and B.Chart='Growth Trend' and
B.Class='N' and  B.molecule='N' and B.Mkt NOT in('DPP4','Eliquis NOAC')
			and a.LinkChartCode = 'D083' and A.Series=B.Productname and
A.ParentGeo=B.region and A.geo=B.audi_des
(1316 rows affected)
YTD00

			update [output_stage]
			set Y=B.YTD00 from [output_stage] A inner join
dbo.OutputCityPerformanceByBrand_For_OtherETV B
			on A.Currency=B.MoneyType and A.X='YTD00'and B.Chart='Growth Trend' and
B.Class='N' and  B.molecule='N' and B.Mkt NOT in('DPP4','Eliquis NOAC')
			and a.LinkChartCode = 'D083' and A.Series=B.Productname and
A.ParentGeo=B.region and A.geo=B.audi_des
(1316 rows affected)
1> 2> 3> 4> 5> 6> 7> 8> 9> 10> 11> 12> 13> 14> 15> 16> 17> 18> 19> 20> 21> 22> 23> 24> 25> 26> 27> 28> 29> 30> 31> 32> 33> 34> 35> 36> 37> 38> 39> 40> 41> 42> 43> 44> 45> 46> (672 rows affected)
R3M02

			update [output_stage]
			set Y=B.R3M02 from [output_stage] A inner join
dbo.OutputCityPerformanceByBrand B
			on A.Currency=B.MoneyType and A.X='R3M02'and B.Chart='Growth Trend' and
B.Class='N' and  B.molecule='N' and B.Mkt='DPP4'
			and a.LinkChartCode = 'D103' and A.Series=B.Productname and
A.ParentGeo=B.region and A.geo=B.audi_des
(112 rows affected)
R3M04

			update [output_stage]
			set Y=B.R3M04 from [output_stage] A inner join
dbo.OutputCityPerformanceByBrand B
			on A.Currency=B.MoneyType and A.X='R3M04'and B.Chart='Growth Trend' and
B.Class='N' and  B.molecule='N' and B.Mkt='DPP4'
			and a.LinkChartCode = 'D103' and A.Series=B.Productname and
A.ParentGeo=B.region and A.geo=B.audi_des
(112 rows affected)
R3M01

			update [output_stage]
			set Y=B.R3M01 from [output_stage] A inner join
dbo.OutputCityPerformanceByBrand B
			on A.Currency=B.MoneyType and A.X='R3M01'and B.Chart='Growth Trend' and
B.Class='N' and  B.molecule='N' and B.Mkt='DPP4'
			and a.LinkChartCode = 'D103' and A.Series=B.Productname and
A.ParentGeo=B.region and A.geo=B.audi_des
(112 rows affected)
R3M05

			update [output_stage]
			set Y=B.R3M05 from [output_stage] A inner join
dbo.OutputCityPerformanceByBrand B
			on A.Currency=B.MoneyType and A.X='R3M05'and B.Chart='Growth Trend' and
B.Class='N' and  B.molecule='N' and B.Mkt='DPP4'
			and a.LinkChartCode = 'D103' and A.Series=B.Productname and
A.ParentGeo=B.region and A.geo=B.audi_des
(112 rows affected)
R3M03

			update [output_stage]
			set Y=B.R3M03 from [output_stage] A inner join
dbo.OutputCityPerformanceByBrand B
			on A.Currency=B.MoneyType and A.X='R3M03'and B.Chart='Growth Trend' and
B.Class='N' and  B.molecule='N' and B.Mkt='DPP4'
			and a.LinkChartCode = 'D103' and A.Series=B.Productname and
A.ParentGeo=B.region and A.geo=B.audi_des
(112 rows affected)
R3M00

			update [output_stage]
			set Y=B.R3M00 from [output_stage] A inner join
dbo.OutputCityPerformanceByBrand B
			on A.Currency=B.MoneyType and A.X='R3M00'and B.Chart='Growth Trend' and
B.Class='N' and  B.molecule='N' and B.Mkt='DPP4'
			and a.LinkChartCode = 'D103' and A.Series=B.Productname and
A.ParentGeo=B.region and A.geo=B.audi_des
(112 rows affected)
1> 2> 3> 4> 5> 6> 7> 8> 9> 10> 11> 12> 13> 14> 15> 16> 17> 18> 19> 20> 21> 22> 23> 24> 25> 26> 27> 28> 29> 30> 31> 32> 33> 34> 35> 36> 37> 38> 39> 40> 41> 42> 43> 44> 45> 46> 47> 48> 49> 50> 51> (0 rows affected)
(7084 rows affected)
R3M02

			update [output_stage]
			set Y=B.R3M02 from [output_stage] A inner join
dbo.OutputCityPerformanceByBrand B
			on A.Currency=B.MoneyType and A.X='R3M02'and B.Chart='Growth Trend' and
(B.Class='Y' or  B.molecule='Y')
			and a.LinkChartCode = 'D093' and A.Series=B.Productname and
A.ParentGeo=B.region and A.geo=B.audi_des
(644 rows affected)
YTD24

			update [output_stage]
			set Y=B.YTD24 from [output_stage] A inner join
dbo.OutputCityPerformanceByBrand B
			on A.Currency=B.MoneyType and A.X='YTD24'and B.Chart='Growth Trend' and
(B.Class='Y' or  B.molecule='Y')
			and a.LinkChartCode = 'D093' and A.Series=B.Productname and
A.ParentGeo=B.region and A.geo=B.audi_des
(644 rows affected)
R3M04

			update [output_stage]
			set Y=B.R3M04 from [output_stage] A inner join
dbo.OutputCityPerformanceByBrand B
			on A.Currency=B.MoneyType and A.X='R3M04'and B.Chart='Growth Trend' and
(B.Class='Y' or  B.molecule='Y')
			and a.LinkChartCode = 'D093' and A.Series=B.Productname and
A.ParentGeo=B.region and A.geo=B.audi_des
(644 rows affected)
R3M01

			update [output_stage]
			set Y=B.R3M01 from [output_stage] A inner join
dbo.OutputCityPerformanceByBrand B
			on A.Currency=B.MoneyType and A.X='R3M01'and B.Chart='Growth Trend' and
(B.Class='Y' or  B.molecule='Y')
			and a.LinkChartCode = 'D093' and A.Series=B.Productname and
A.ParentGeo=B.region and A.geo=B.audi_des
(644 rows affected)
R3M05

			update [output_stage]
			set Y=B.R3M05 from [output_stage] A inner join
dbo.OutputCityPerformanceByBrand B
			on A.Currency=B.MoneyType and A.X='R3M05'and B.Chart='Growth Trend' and
(B.Class='Y' or  B.molecule='Y')
			and a.LinkChartCode = 'D093' and A.Series=B.Productname and
A.ParentGeo=B.region and A.geo=B.audi_des
(644 rows affected)
R3M03

			update [output_stage]
			set Y=B.R3M03 from [output_stage] A inner join
dbo.OutputCityPerformanceByBrand B
			on A.Currency=B.MoneyType and A.X='R3M03'and B.Chart='Growth Trend' and
(B.Class='Y' or  B.molecule='Y')
			and a.LinkChartCode = 'D093' and A.Series=B.Productname and
A.ParentGeo=B.region and A.geo=B.audi_des
(644 rows affected)
YTD12

			update [output_stage]
			set Y=B.YTD12 from [output_stage] A inner join
dbo.OutputCityPerformanceByBrand B
			on A.Currency=B.MoneyType and A.X='YTD12'and B.Chart='Growth Trend' and
(B.Class='Y' or  B.molecule='Y')
			and a.LinkChartCode = 'D093' and A.Series=B.Productname and
A.ParentGeo=B.region and A.geo=B.audi_des
(644 rows affected)
R3M00

			update [output_stage]
			set Y=B.R3M00 from [output_stage] A inner join
dbo.OutputCityPerformanceByBrand B
			on A.Currency=B.MoneyType and A.X='R3M00'and B.Chart='Growth Trend' and
(B.Class='Y' or  B.molecule='Y')
			and a.LinkChartCode = 'D093' and A.Series=B.Productname and
A.ParentGeo=B.region and A.geo=B.audi_des
(644 rows affected)
YTD36

			update [output_stage]
			set Y=B.YTD36 from [output_stage] A inner join
dbo.OutputCityPerformanceByBrand B
			on A.Currency=B.MoneyType and A.X='YTD36'and B.Chart='Growth Trend' and
(B.Class='Y' or  B.molecule='Y')
			and a.LinkChartCode = 'D093' and A.Series=B.Productname and
A.ParentGeo=B.region and A.geo=B.audi_des
(644 rows affected)
YTD48

			update [output_stage]
			set Y=B.YTD48 from [output_stage] A inner join
dbo.OutputCityPerformanceByBrand B
			on A.Currency=B.MoneyType and A.X='YTD48'and B.Chart='Growth Trend' and
(B.Class='Y' or  B.molecule='Y')
			and a.LinkChartCode = 'D093' and A.Series=B.Productname and
A.ParentGeo=B.region and A.geo=B.audi_des
(644 rows affected)
YTD00

			update [output_stage]
			set Y=B.YTD00 from [output_stage] A inner join
dbo.OutputCityPerformanceByBrand B
			on A.Currency=B.MoneyType and A.X='YTD00'and B.Chart='Growth Trend' and
(B.Class='Y' or  B.molecule='Y')
			and a.LinkChartCode = 'D093' and A.Series=B.Productname and
A.ParentGeo=B.region and A.geo=B.audi_des
(644 rows affected)
1> 2> 3> 4> 5> 6> 7> 8> 9> 10> 11> 12> 13> 14> 15> 16> 17> 18> 19> 20> 21> 22> 23> 24> 25> 26> 27> 28> 29> 30> 31> 32> 33> 34> 35> 36> 37> 38> 39> 40> 41> 42> 43> (0 rows affected)
(3416 rows affected)
R3M00

			update [output_stage]
			set Y=B.R3M00 from [output_stage] A inner join
dbo.OutputCityPerformanceByBrand_For_OtherETV B
			on A.Currency=B.MoneyType and A.Series='R3M00'and B.Chart='Share of Growth
Trend' and B.Class='N' and  B.molecule='N' and B.Mkt NOT in('DPP4','Eliquis
NOAC')
			and a.LinkChartCode = 'D084' and A.X=B.Productname and A.ParentGeo=B.region
and A.geo=B.audi_des
(1708 rows affected)
YTD00

			update [output_stage]
			set Y=B.YTD00 from [output_stage] A inner join
dbo.OutputCityPerformanceByBrand_For_OtherETV B
			on A.Currency=B.MoneyType and A.Series='YTD00'and B.Chart='Share of Growth
Trend' and B.Class='N' and  B.molecule='N' and B.Mkt NOT in('DPP4','Eliquis
NOAC')
			and a.LinkChartCode = 'D084' and A.X=B.Productname and A.ParentGeo=B.region
and A.geo=B.audi_des
(1708 rows affected)
1> 2> 3> 4> 5> 6> 7> 8> 9> 10> 11> 12> 13> 14> 15> 16> 17> 18> 19> 20> 21> 22> 23> 24> 25> 26> 27> 28> 29> 30> 31> 32> 33> 34> 35> 36> 37> 38> 39> 40> 41> 42> (84 rows affected)
R3M00

			update [output_stage]
			set Y=B.R3M00 from [output_stage] A inner join
dbo.OutputCityPerformanceByBrand B
			on A.Currency=B.MoneyType and A.Series='R3M00'and B.Chart='Share of Growth
Trend' and B.Class='N' and  B.molecule='N' and B.Mkt='DPP4'
			and a.LinkChartCode = 'D104' and A.X=B.Productname and A.ParentGeo=B.region
and A.geo=B.audi_des
(84 rows affected)
1> 2> 3> 4> 5> 6> 7> 8> 9> 10> 11> 12> 13> 14> 15> 16> 17> 18> 19> 20> 21> 22> 23> 24> 25> 26> 27> 28> 29> 30> 31> 32> 33> 34> 35> 36> 37> 38> 39> 40> 41> 42> (0 rows affected)
(1120 rows affected)
R3M00

			update [output_stage]
			set Y=B.R3M00 from [output_stage] A inner join
dbo.OutputCityPerformanceByBrand B
			on A.Currency=B.MoneyType and A.Series='R3M00'and B.Chart='Share of Growth
Trend' and (B.Class='Y' or  B.molecule='Y')
			and a.LinkChartCode = 'D094' and A.X=B.Productname and A.ParentGeo=B.region
and A.geo=B.audi_des
(560 rows affected)
YTD00

			update [output_stage]
			set Y=B.YTD00 from [output_stage] A inner join
dbo.OutputCityPerformanceByBrand B
			on A.Currency=B.MoneyType and A.Series='YTD00'and B.Chart='Share of Growth
Trend' and (B.Class='Y' or  B.molecule='Y')
			and a.LinkChartCode = 'D094' and A.X=B.Productname and A.ParentGeo=B.region
and A.geo=B.audi_des
(560 rows affected)
1> 2> 3> 4> (71736 rows affected)
1> 2> 3> 4> (71736 rows affected)
1> 2> 3> 4> (71736 rows affected)
1> 2> 3> 4> 5> 6> 7> 8> 9> 10> 11> 12> 13> 14> 15> 16> (71736 rows affected)
1> 2> 3> (4620 rows affected)
1> 2> 3> 4> (924 rows affected)
1> 2> 3> 4> 5> (4463 rows affected)
1> 2> 3> 4> 5> 6> 7> 8> 9> 10> 11> 12> 13> 14> 15> 16> 17> 18> 19> 20> 21> 22> 23> 24> 25> 26> 27> 28> 29> 30> 31> 32> 33> 34> 35> 36> 37> 38> 39> 40> 41> 42> (0 rows affected)
(120 rows affected)
(120 rows affected)
(120 rows affected)
(0 rows affected)
1> 2> 3> 4> 5> 6> 7> 8> 9> 10> 11> 12> 13> 14> 15> 16> 17> 18> 19> 20> 21> 22> 23> 24> 25> 26> 27> 28> 29> 30> 31> 32> 33> 34> 35> 36> 37> 38> 39> (0 rows affected)
(80 rows affected)
(80 rows affected)
(80 rows affected)
(0 rows affected)
1> 2> 3> 4> 5> 6> 7> 8> 9> 10> 11> 12> 13> 14> 15> 16> 17> 18> 19> 20> 21> 22> 23> 24> 25> 26> 27> 28> 29> 30> 31> 32> 33> 34> (0 rows affected)
(120 rows affected)
(120 rows affected)
(0 rows affected)
1> 2> 3> 4> 5> 6> 7> 8> 9> 10> 11> 12> 13> 14> 15> 16> 17> 18> 19> 20> 21> 22> 23> 24> 25> 26> 27> 28> 29> (0 rows affected)
(80 rows affected)
(80 rows affected)
(0 rows affected)
1> 2> 3> 4> 1> 2> 3> 4> 5> 6> 7> 8> 9> 10> 11> 12> 13> 14> (120433 rows affected)
(1 row affected)
