1> 2> 1> 2> 3> 4> 5> 6> (1 row affected)
(55048 rows affected)
1> 2> 3> 4> 5> 6> 7> 8> 9> 10> 11> 12> 13> 14> 15> 16> 17> 18> 19> 20> 21> 22> 23> 24> 25> 26> 27> 28> 29> 30> 31> 32> 33> 34> 35> 36> 37> 38> 39> 40> 41> 42> 43> 44> (55048 rows affected)
(0 rows affected)
(0 rows affected)
(0 rows affected)
1> 2> 3> 4> 5> 6> 7> 8> 9> 10> 11> 12> 13> 14> 15> 16> 17> 18> 19> 20> 21> 22> 23> 24> 25> 26> 27> 28> 29> 30> 31> 32> 33> 34> 35> 36> 37> 38> 39> 40> 41> 42> 43> 44> 45> 46> 47> 48> 49> 50> 51> 52> 53> 54> (0 rows affected)
(0 rows affected)
(0 rows affected)
(4284 rows affected)
(1456 rows affected)
1> 2> 3> 4> 5> 6> 7> 8> 9> 10> 11> 12> 13> 14> 15> 16> 17> 18> (112 rows affected)
(296 rows affected)
(126 rows affected)
(0 rows affected)
(117 rows affected)
(0 rows affected)
1> 2> (7702 rows affected)
1> 2> 3> 4> 5> 6> 7> 8> 9> 10> 11> 12> 13> 14> 15> 16> 17> 18> 19> 20> 21>  Category                                           
	currency                                           
 -------------------------------------------------- 
	-------------------------------------------------- 

(0 rows affected)
 Category                                           
	currency                                           
 -------------------------------------------------- 
	-------------------------------------------------- 
 Value                                              
	USD                                                
 Value                                              
	RMB                                                
 Units                                              
	UNIT                                               

(3 rows affected)
(26838 rows affected)
1> 2> 3> 4> 5> 6> 7> 8> (0 rows affected)
(0 rows affected)
1> 2> 3> 4> 5> 6> (13253 rows affected)
1> 2> 3> 4> 5> 6> 7> (40955 rows affected)
1> 2> 3> 4> 5> 6> 7> 8> 9> 10> (0 rows affected)
1> 2> 3> 4> (40955 rows affected)
1> 2> 3> 4> (27893 rows affected)
1> 2> 3> 4> (711 rows affected)
1> 2> 3> (97 rows affected)
1> 2> 3> 4> (56 rows affected)
1> 2> (992 rows affected)
1> 2> (0 rows affected)
1> 2> 3> 4> 5> 6> 7> 8> 9> 10> 11> 12> 13> 14> 15> 16> 17> 18> 19> 20> 21> 22> 23> 24> 25> 26> 27> 28> 29> 30> 31> 32> 33> 34> 35> 36> 37> 38> 39> 40> 41> 42> 43> 44> 45> 46> 47> 48> 49> 50> 51> 52> 53> 54> 55> 56> 57> 58> 59> 60> 61> 62> 63> 64> Warning: Null value is eliminated by an aggregate or other SET operation.
(403 rows affected)
(403 rows affected)
1> 2> 3> 4> 5> 6> (1092 rows affected)
1> 2> 3> 4> 5> 6> 7> 8> (27156 rows affected)
1> 2> 3> 4> 5> 6> 7> 8> (26484 rows affected)
1> 2> 3> 4> 5> 6> 7> 8> 9> (1883 rows affected)
1> 2> 3> 4> 5> 6> 7> 8> 9> 10> 11> 12> 13> 14> 15> 16> (56 rows affected)
(56 rows affected)
(56 rows affected)
(0 rows affected)
(0 rows affected)
(0 rows affected)
(0 rows affected)
1> 2> 3> 4> 5> (30 rows affected)
(30 rows affected)
1> 2> 3> 4> 5> 6> 7> (216 rows affected)
(216 rows affected)
(144 rows affected)
1> 2> 3> 4> 5> (171 rows affected)
(0 rows affected)
1> 2> 3> 4> 5> (0 rows affected)
(0 rows affected)
1> 2> 3> 4> 5> (0 rows affected)
(0 rows affected)
1> 2> 3> 4> 5> 6> 7> 8> 9> (120 rows affected)
(120 rows affected)
(120 rows affected)
(120 rows affected)
1> 2> 3> 4> 5> (132 rows affected)
(132 rows affected)
1> 2> 3> 4> 5> (39 rows affected)
(63 rows affected)
1> 2> 3> 4> 5> 6> 7> (334 rows affected)
(334 rows affected)
(334 rows affected)
1> 2> 3> 4> 5> 6> 7> (80 rows affected)
(80 rows affected)
(80 rows affected)
1> 2> 3> 4> 5> 6> 7> (0 rows affected)
(0 rows affected)
(0 rows affected)
1> 2> 3> 4> 5> 6> 7> 8> 9> (0 rows affected)
(0 rows affected)
(0 rows affected)
(0 rows affected)
1> 2> 3> 4> 5> 6> 7> (405 rows affected)
(243 rows affected)
(405 rows affected)
1> 2> 3> 4> 5> 6> 7> 8> 9> 10> 11> 12> 13> (243 rows affected)
(32144 rows affected)
1> 2> 3> 4> 5> 6> 7> 8> 9> 10> 11> 12> 13> 14> 15> 16> 17> 18> 19> 20> 21> 22> 23> 24> 25> 26> 27> 28> 29> 30> 31> 32> 33> 34> 35> 36> 37> 38> 39> 40> 41> 42> 43> 44> 45> 46> 47> 48> 49> 50> 51> 52> 53> 54> 55> 56> 57> 58> 59> (6287 rows affected)
(90 rows affected)
1> 2> 3> 4> 5> 6> 7> 8> 9> 10> 1> 2> 3> 4> 5> 6> 7> 8> 9> 10> 11> 12> 13> 14> 15> 16> 17> 18> 19> 20> 21> 22> 23> 24> 25> 26> 27> 28> 29> 30> 31> 32> 33> 34> 35> 36> (132 rows affected)
1> 2> 3> 4> 5> 6> 7> 8> 9> 10> (5 rows affected)
1> 2> 3> 4> 5> 6> 7> 8> 9> 10> 11> 12> 13> 14> 15> 16> 17> 18> (324 rows affected)
(1932 rows affected)
1> 2> 3> 4> 5> 6> 7> 8> 9> 10> 11> 12> (40279 rows affected)
1> 2> 3> 4> 5> 6> 7> 8> 9> 10> (0 rows affected)
1> 2> 3> 4> 5> 6> (15540 rows affected)
1> 2> 3> 4> 5> 6> 7> (0 rows affected)
1> 2> 3> 4> 5> 6> (24739 rows affected)
1> 2>  geo                                                
	lev                                                
	parentgeo                                          
	product                                            
 -------------------------------------------------- 
	-------------------------------------------------- 
	-------------------------------------------------- 
	-------------------------------------------------- 

(0 rows affected)
1> 2> 3> 4> 5> 6> 7> 8> 9> 10> 11> 12> 13> 14> 15> 16> 17> 18> 19> 20> 21> 22> 23> 24> 25> 26> 27> 28> 29> 30> 31> 32> 33> 34> 35> 36> 37> 38> 39> 40> 41> 42> 43> 44> 45> 46> 47> 48> 49> 50> 51> 52> 53> 54> 55> 56> (0 rows affected)
(0 rows affected)
(0 rows affected)
(0 rows affected)
(0 rows affected)
(0 rows affected)
(0 rows affected)
(0 rows affected)
(0 rows affected)
(300 rows affected)
(300 rows affected)
(0 rows affected)
(0 rows affected)
(0 rows affected)
(1 row affected)
