1> 2> 1> 2> 3> 4> 5> 6> 7> 8> 9> 10> 11> 12> 13> 14> 15> 16> 17> 18> 19> 20> 21> 22> 23> 24> 25> 26> 27> 28> 29> 30> 31> 32> 33> 34> 35> 36> 37> 38> 39> 40> 41> 42> 43> 44> 45> 46> 47> 48> 49> 50> 51> 52> 53> (488 rows affected)
(560 rows affected)
ChangeRank

		update [output_stage]
		set Y=B.ChangeRank from [output_stage] A inner join
dbo.OutputKeyMNCsPerformance_HKAPI B
		on A.TimeFrame=B.Period and A.Currency=B.MoneyType and A.X=B.Corp_des
		and a.LinkChartCode = 'C100' and A.Series='ChangeRank'
(80 rows affected)
CurrRank

		update [output_stage]
		set Y=B.CurrRank from [output_stage] A inner join
dbo.OutputKeyMNCsPerformance_HKAPI B
		on A.TimeFrame=B.Period and A.Currency=B.MoneyType and A.X=B.Corp_des
		and a.LinkChartCode = 'C100' and A.Series='CurrRank'
(80 rows affected)
MAT00

		update [output_stage]
		set Y=B.MAT00 from [output_stage] A inner join
dbo.OutputKeyMNCsPerformance_HKAPI B
		on A.TimeFrame=B.Period and A.Currency=B.MoneyType and A.X=B.Corp_des
		and a.LinkChartCode = 'C100' and A.Series='MAT00'
(80 rows affected)
MAT00Growth

		update [output_stage]
		set Y=B.MAT00Growth from [output_stage] A inner join
dbo.OutputKeyMNCsPerformance_HKAPI B
		on A.TimeFrame=B.Period and A.Currency=B.MoneyType and A.X=B.Corp_des
		and a.LinkChartCode = 'C100' and A.Series='MAT00Growth'
(80 rows affected)
MAT12

		update [output_stage]
		set Y=B.MAT12 from [output_stage] A inner join
dbo.OutputKeyMNCsPerformance_HKAPI B
		on A.TimeFrame=B.Period and A.Currency=B.MoneyType and A.X=B.Corp_des
		and a.LinkChartCode = 'C100' and A.Series='MAT12'
(80 rows affected)
Share

		update [output_stage]
		set Y=B.Share from [output_stage] A inner join
dbo.OutputKeyMNCsPerformance_HKAPI B
		on A.TimeFrame=B.Period and A.Currency=B.MoneyType and A.X=B.Corp_des
		and a.LinkChartCode = 'C100' and A.Series='Share'
(80 rows affected)
ShareTotal

		update [output_stage]
		set Y=B.ShareTotal from [output_stage] A inner join
dbo.OutputKeyMNCsPerformance_HKAPI B
		on A.TimeFrame=B.Period and A.Currency=B.MoneyType and A.X=B.Corp_des
		and a.LinkChartCode = 'C100' and A.Series='ShareTotal'
(80 rows affected)
1> 2> 3> 4> 5> 6> 7> 8> 9> 10> 11> 12> 13> 14> 15> 16> 17> 18> 19> 20> 21> 22> 23> 24> 25> 26> 27> 28> 29> 30> 31> 32> 33> 34> 35> 36> 37> 38> 39> 40> 41> 42> 43> 44> 45> 46> 47> 48> 49> 50> 51> 52> 53> (488 rows affected)
(560 rows affected)
ChangeRank

		update [output_stage]
		set Y=B.ChangeRank from [output_stage] A inner join
dbo.OutputKeyMNCsProdPerformance_HKAPI B
		on A.TimeFrame=B.Period and A.Currency=B.MoneyType and A.X=B.Prod_des
		and a.LinkChartCode = 'C110' and A.Series='ChangeRank'
(80 rows affected)
CurrRank

		update [output_stage]
		set Y=B.CurrRank from [output_stage] A inner join
dbo.OutputKeyMNCsProdPerformance_HKAPI B
		on A.TimeFrame=B.Period and A.Currency=B.MoneyType and A.X=B.Prod_des
		and a.LinkChartCode = 'C110' and A.Series='CurrRank'
(80 rows affected)
MAT00

		update [output_stage]
		set Y=B.MAT00 from [output_stage] A inner join
dbo.OutputKeyMNCsProdPerformance_HKAPI B
		on A.TimeFrame=B.Period and A.Currency=B.MoneyType and A.X=B.Prod_des
		and a.LinkChartCode = 'C110' and A.Series='MAT00'
(80 rows affected)
MAT00Growth

		update [output_stage]
		set Y=B.MAT00Growth from [output_stage] A inner join
dbo.OutputKeyMNCsProdPerformance_HKAPI B
		on A.TimeFrame=B.Period and A.Currency=B.MoneyType and A.X=B.Prod_des
		and a.LinkChartCode = 'C110' and A.Series='MAT00Growth'
(80 rows affected)
MAT12

		update [output_stage]
		set Y=B.MAT12 from [output_stage] A inner join
dbo.OutputKeyMNCsProdPerformance_HKAPI B
		on A.TimeFrame=B.Period and A.Currency=B.MoneyType and A.X=B.Prod_des
		and a.LinkChartCode = 'C110' and A.Series='MAT12'
(80 rows affected)
Share

		update [output_stage]
		set Y=B.Share from [output_stage] A inner join
dbo.OutputKeyMNCsProdPerformance_HKAPI B
		on A.TimeFrame=B.Period and A.Currency=B.MoneyType and A.X=B.Prod_des
		and a.LinkChartCode = 'C110' and A.Series='Share'
(80 rows affected)
ShareTotal

		update [output_stage]
		set Y=B.ShareTotal from [output_stage] A inner join
dbo.OutputKeyMNCsProdPerformance_HKAPI B
		on A.TimeFrame=B.Period and A.Currency=B.MoneyType and A.X=B.Prod_des
		and a.LinkChartCode = 'C110' and A.Series='ShareTotal'
(80 rows affected)
1> 2> (144 rows affected)
1> 2> 3> 4> (976 rows affected)
1> 2> 3> 4> 5> 6> 7> 8> 9> (244 rows affected)
1> 2> 3> 4> 5> 6> 7> 8> 9> 10> 11> 12> 13> (244 rows affected)
(976 rows affected)
1> 2> 3> 4> 5> 6> (976 rows affected)
1> 2> 3> 4> 5> 6> 7> 8> (976 rows affected)
1> 2> 3> 4> 5> 6> 7> 8> 9> 10> 11> 12> (244 rows affected)
1> 2> 3> 4> 5> 6> 7> 8> (244 rows affected)
1> 2> 3> 4> 5> 6> 7> 8> 9> (244 rows affected)
1> 2> 3> 4> 5> 6> 7> 8> 9> 10> 11> 12> (732 rows affected)
1> 2> 3> 4> 5> 6> 7> 8> 9> 10> (732 rows affected)
1> 2> 3> 4> 5> 6> 7> 8> (976 rows affected)
1> 2> 3> 4> 5> 6> 7> 8> 9> 10> 11> 12> 13> 14> 15> 16> 17> 18> 19> 20> 21> 22> 23> 24> 25> 26> 27> 28> 29> 30> 31> 32> 33> 34> 35> 36> 37> 38> 39> 40> 41> 42> 43> 44> 45> 46> 47> 48> 49> 50> 51> 52> 53> 54> 55> 56> 57> 58> 59> 60> 61> 62> 63> 64> 65> 66> 67> 68> 69> 70> 71> 72> 73> 74> 75> 76> 77> 78> 79> 80> 81> 82> 83> 84> 85> 86> 87> 88> 89> 90> 91> 92> 93> 94> 95> 96> (162 rows affected)
(72 rows affected)
MAT00

		update [output_stage]
		set Y=B.MAT00 from [output_stage] A inner join dbo.OutputCMLChina_HKAPI B
		on A.TimeFrame=B.Period and A.Currency=B.MoneyType and A.X='MAT00'
		and a.LinkChartCode = 'C210' and A.Series=B.Product
(18 rows affected)
MAT12

		update [output_stage]
		set Y=B.MAT12 from [output_stage] A inner join dbo.OutputCMLChina_HKAPI B
		on A.TimeFrame=B.Period and A.Currency=B.MoneyType and A.X='MAT12'
		and a.LinkChartCode = 'C210' and A.Series=B.Product
(18 rows affected)
MAT24

		update [output_stage]
		set Y=B.MAT24 from [output_stage] A inner join dbo.OutputCMLChina_HKAPI B
		on A.TimeFrame=B.Period and A.Currency=B.MoneyType and A.X='MAT24'
		and a.LinkChartCode = 'C210' and A.Series=B.Product
(18 rows affected)
MAT36

		update [output_stage]
		set Y=B.MAT36 from [output_stage] A inner join dbo.OutputCMLChina_HKAPI B
		on A.TimeFrame=B.Period and A.Currency=B.MoneyType and A.X='MAT36'
		and a.LinkChartCode = 'C210' and A.Series=B.Product
(18 rows affected)
(90 rows affected)
Qtr00

		update [output_stage]
		set Y=B.Qtr00 from [output_stage] A inner join dbo.OutputCMLChina_HKAPI B
		on A.TimeFrame=B.Period and A.Currency=B.MoneyType and A.X=B.Product
		and a.LinkChartCode = 'C210' and a.isshow='D' and A.Series='Qtr00'
(18 rows affected)
Qtr01

		update [output_stage]
		set Y=B.Qtr01 from [output_stage] A inner join dbo.OutputCMLChina_HKAPI B
		on A.TimeFrame=B.Period and A.Currency=B.MoneyType and A.X=B.Product
		and a.LinkChartCode = 'C210' and a.isshow='D' and A.Series='Qtr01'
(18 rows affected)
Qtr02

		update [output_stage]
		set Y=B.Qtr02 from [output_stage] A inner join dbo.OutputCMLChina_HKAPI B
		on A.TimeFrame=B.Period and A.Currency=B.MoneyType and A.X=B.Product
		and a.LinkChartCode = 'C210' and a.isshow='D' and A.Series='Qtr02'
(18 rows affected)
Qtr03

		update [output_stage]
		set Y=B.Qtr03 from [output_stage] A inner join dbo.OutputCMLChina_HKAPI B
		on A.TimeFrame=B.Period and A.Currency=B.MoneyType and A.X=B.Product
		and a.LinkChartCode = 'C210' and a.isshow='D' and A.Series='Qtr03'
(18 rows affected)
Qtr04

		update [output_stage]
		set Y=B.Qtr04 from [output_stage] A inner join dbo.OutputCMLChina_HKAPI B
		on A.TimeFrame=B.Period and A.Currency=B.MoneyType and A.X=B.Product
		and a.LinkChartCode = 'C210' and a.isshow='D' and A.Series='Qtr04'
(18 rows affected)
1> 2> 3> 4> 5> 6> 7> 8> 9> 10> 11> 12> 13> 14> 15> (162 rows affected)
1> 2> 3> 4> 5> 6> 7> 8> 9> 10> 11> 12> 13> 14> 15> (162 rows affected)
1> 2> 3> (162 rows affected)
1> 2> 3> 4> (162 rows affected)
1> 2> 3> 4> (162 rows affected)
1> 2> 3> 4> 5> 6> 7> 8> 9> 10> 11> 12> 13> 14> 15> 16> 17> 18> 19> 20> 21> 22> 23> 24> 25> 26> 27> 28> 29> 30> 31> 32> 33> 34> 35> 36> 37> 38> 39> 40> 41> 42> 43> 44> 45> 46> 47> 48> 49> 50> 51> 52> 53> 54> 55> 56> 57> 58> 59> 60> 61> 62> 63> 64> 65> (90 rows affected)
(90 rows affected)
Qtr00

		update [output_stage]
		set Y=B.Qtr00 from [output_stage] A inner join dbo.OutputCMLChina_HKAPI B
		on A.Currency=B.MoneyType and A.X='Qtr00'
		and a.LinkChartCode = 'C220' and A.Series=B.Product
(18 rows affected)
Qtr01

		update [output_stage]
		set Y=B.Qtr01 from [output_stage] A inner join dbo.OutputCMLChina_HKAPI B
		on A.Currency=B.MoneyType and A.X='Qtr01'
		and a.LinkChartCode = 'C220' and A.Series=B.Product
(18 rows affected)
Qtr02

		update [output_stage]
		set Y=B.Qtr02 from [output_stage] A inner join dbo.OutputCMLChina_HKAPI B
		on A.Currency=B.MoneyType and A.X='Qtr02'
		and a.LinkChartCode = 'C220' and A.Series=B.Product
(18 rows affected)
Qtr03

		update [output_stage]
		set Y=B.Qtr03 from [output_stage] A inner join dbo.OutputCMLChina_HKAPI B
		on A.Currency=B.MoneyType and A.X='Qtr03'
		and a.LinkChartCode = 'C220' and A.Series=B.Product
(18 rows affected)
Qtr04

		update [output_stage]
		set Y=B.Qtr04 from [output_stage] A inner join dbo.OutputCMLChina_HKAPI B
		on A.Currency=B.MoneyType and A.X='Qtr04'
		and a.LinkChartCode = 'C220' and A.Series=B.Product
(18 rows affected)
(90 rows affected)
1> 2> 3> 4> (90 rows affected)
1> 2> 3> 4> (90 rows affected)
1> 2> 3> 4> (90 rows affected)
1> 2> 3> 4> 5> 6> 7> 8> (126 rows affected)
1> 2> 3> 4> 5> 6> 7> 8> 9> 10> 11> 12> 13> 14> 15> 16> 17> 18> 19> 20> 21> 22> 23> 24> 25> 26> 27> 28> 29> 30> 31> 32> 33> 34> 35> 36> 37> 38> 39> 40> 41> 42> 43> (126 rows affected)
Growth

		update [output_stage]
		set Y=B.Growth from [output_stage] A inner join
dbo.OutputPreHKAPIBrandPerformance B
		on A.TimeFrame=B.Period and A.Currency=B.MoneyType and A.X=B.Productname and
B.Market<>'Eliquis' 
		and a.LinkChartCode = 'R320' and A.Series='Growth'
(42 rows affected)
YTD00

		update [output_stage]
		set Y=B.YTD00 from [output_stage] A inner join
dbo.OutputPreHKAPIBrandPerformance B
		on A.TimeFrame=B.Period and A.Currency=B.MoneyType and A.X=B.Productname and
B.Market<>'Eliquis' 
		and a.LinkChartCode = 'R320' and A.Series='YTD00'
(42 rows affected)
YTD12

		update [output_stage]
		set Y=B.YTD12 from [output_stage] A inner join
dbo.OutputPreHKAPIBrandPerformance B
		on A.TimeFrame=B.Period and A.Currency=B.MoneyType and A.X=B.Productname and
B.Market<>'Eliquis' 
		and a.LinkChartCode = 'R320' and A.Series='YTD12'
(42 rows affected)
1> 2> 3> 4> 5> 6> 7> 8> (126 rows affected)
1> 2> 3> 4> (126 rows affected)
1> 2> 3> 4> 5> 6> 7> 8> 9> 10> 11> 12> 13> 14> 15> 16> (126 rows affected)
(126 rows affected)
(1354 rows affected)
