1> 2> 1> 2> 3> 4> 5> 6> 1> 2> 3> 4> 5> 6> 7> 8> 9> 10> 11> 1> 2> 3> 4> (1481 rows affected)
1> 2> 3> 4> 5> 6> 7> 8> 9> 10> 11> 12> 13> 14> 15> 16> 17> 18> 19> 20> 21> 22> 23> 24> 25> 26> 27> 28> 29> 30> 31> 32> 33> 34> 35> 36> 37> 38> 39> 40> 41> 42> 43> 44> 45> 46> 47> 48> 49> 50> 51> 52> 53> 54> 55> 56> 57> 58> 59> 60> 61> (186 rows affected)
(60 rows affected)
(0 rows affected)
(221 rows affected)
(56 rows affected)
(221 rows affected)
(56 rows affected)
(0 rows affected)
(0 rows affected)
(0 rows affected)
(0 rows affected)
1> 2> 3> 4> 5> 6> 7> 8> 9> 10> 11> 12> 13> 14> 15> 16> 17> (1361 rows affected)
1> 2> 3> 4> 5> 6> 7> 8> 9> 10> 11> 12> 13> 14> 15> 16> 17> 18> 19> 20> 21> 22> 23> 24> 25> 26> 27> 28> 29> 30> (0 rows affected)
(916 rows affected)
(445 rows affected)
(0 rows affected)
1> 2> 3> 4> 5> 6> 7> 8> 9> (356 rows affected)
(401 rows affected)
(345 rows affected)
(247 rows affected)
(4 rows affected)
(3 rows affected)
(3 rows affected)
(2 rows affected)
1> 2> 3>  GeoID       ProductID   LinkChartCode                                      
	Category                                           
	Product                                            
	Lev                                                
	ParentGeo                                          
	Geo                                                
	Currency                                           
	TimeFrame                                          
	Caption                                                                
	                                                                       
	                                                           
	SubCaption                                                             
	                                                                       
	                                                           
	SlideTitle                                                             
	                                                                       
	                                                           
	YAxisName                                                              
	                                                                       
	                                                           
	PYAxisName                                                             
	                                                                       
	                                                           
	SYAxisName                                                             
	                                                                       
	                                                           
	Templatename                                                           
	                                                                       
	                                                           
	Outputname                                                             
	                                                                       
	                                                           
	ParentCode                                                             
	                                                                       
	                                                           CategoryIdx 
	TimeFrameIdx DataSource           
 ----------- ----------- -------------------------------------------------- 
	-------------------------------------------------- 
	-------------------------------------------------- 
	-------------------------------------------------- 
	-------------------------------------------------- 
	-------------------------------------------------- 
	-------------------------------------------------- 
	-------------------------------------------------- 
	-----------------------------------------------------------------------
	-----------------------------------------------------------------------
	---------------------------------------------------------- 
	-----------------------------------------------------------------------
	-----------------------------------------------------------------------
	---------------------------------------------------------- 
	-----------------------------------------------------------------------
	-----------------------------------------------------------------------
	---------------------------------------------------------- 
	-----------------------------------------------------------------------
	-----------------------------------------------------------------------
	---------------------------------------------------------- 
	-----------------------------------------------------------------------
	-----------------------------------------------------------------------
	---------------------------------------------------------- 
	-----------------------------------------------------------------------
	-----------------------------------------------------------------------
	---------------------------------------------------------- 
	-----------------------------------------------------------------------
	-----------------------------------------------------------------------
	---------------------------------------------------------- 
	-----------------------------------------------------------------------
	-----------------------------------------------------------------------
	---------------------------------------------------------- 
	-----------------------------------------------------------------------
	-----------------------------------------------------------------------
	---------------------------------------------------------- ----------- 
	------------ -------------------- 

(0 rows affected)
1> 2> 3> 4> 5> 6> 7> 8> 9> 10> 11> 12> 13> 14> 15> 16> 17> 18> 19> 20> 21> 22> 23> 24> 25> (916 rows affected)
(445 rows affected)
(630 rows affected)
(344 rows affected)
1> 2> 3> 4> (10 rows affected)
1> 2> 3> 4> 5> 6> 7> 8> 9> 10> 11> 12> 13> 14> 15> 16> 17> 18> 19> 20> 21> 22> 23> 24> 25> 26> 27> 28> (38 rows affected)
(96 rows affected)
(36 rows affected)
(0 rows affected)
(408 rows affected)
1> 2> 3> 4> 5> 6> 7> 8> 9> (0 rows affected)
1> 2> 3> 4> (2 rows affected)
1> 2> 3> 4> 5> 6> 7> 8> 9> 10> 11> 12> 13> 14> 15> 16> 17> 18> 19> 20> 21> 22> 23> 24> 25> 26> 27> 28> 29> 30> 31> 32> 33> 34> 35> 36> 37> 38> 39> 40> 41> 42> 43> 44> 45> 46> 47> 48> 49> 50> 51> 52> 53> 54> 55> 56> 57> 58> 59> 60> 61> 62> 63> 64> 65> 66> 67> 68> 69> 70> 71> 72> 73> 74> 75> 76> 77> 78> 79> 80> 81> 82> 83> 84> 85> 86> 87> 88> 89> 90> 91> 92> 93> 94> 95> (1 row affected)
(390 rows affected)
(971 rows affected)
1> 2> 3> 4> 5> 6> 7> 8> 9> 10> 11> 12> 13> 14> (0 rows affected)
(0 rows affected)
1> 2> 3> 4> 5> 6> 7> 8> 9> 10> 11> 12> 13> 14> 15> 16> (0 rows affected)
(971 rows affected)
1> 2> 3> 4> 5> 6> 7> 8> 9> (390 rows affected)
1> 2> 3> 4> 5> 6> (12 rows affected)
1> 2> 3> 4> 5> 6> 7> 8> 9> 10> (18 rows affected)
1> 2> 3> 4> 5> (1361 rows affected)
1> 2> 3> 4> (22 rows affected)
1> 2> 3> 4> 5> 6> (4 rows affected)
1> 2> 3> 4> 5> 6> 7> 8> (971 rows affected)
1> 2> 3> 4> (84 rows affected)
1> 2> 3> 4> 5> (126 rows affected)
1> 2> 3> 4> (41 rows affected)
1> 2> 3> 4> (0 rows affected)
1> 2> 3> 4> 5> 6> 7> 8> 9> 10> 11> 12> 13> 14> 15> 16> 17> (0 rows affected)
1> 2> 3> 4> (475 rows affected)
1> 2> 3> (60 rows affected)
1> 2> 3> (0 rows affected)
1> 2> 3> 4> 5> 6> 7> 8> 9> 10> 11> 12> 13> 14> 15> 16> 17> 18> 19> 20> (150 rows affected)
(0 rows affected)
(752 rows affected)
(48 rows affected)
1> 2> 3> 4> 5> (6 rows affected)
1> 2> 3> (0 rows affected)
1> 2> 3> 4> 5> 6> 7> 8> 9> 10> 11> 12> 13> 14> 15> 16> 17> 18> 19> 20> 21> 22> 23> 24> 25> 26> 27> 28> 29> 30> 31> 32> 33> 34> 35> 36> 37> 38> 39> 40> 41> 42> 43> 44> 45> 46> 47> 48> 49> 50> 51> 52> 53> (0 rows affected)
(76 rows affected)
(0 rows affected)
(0 rows affected)
(0 rows affected)
(0 rows affected)
(0 rows affected)
(0 rows affected)
1> 2> 3> 4> 5> 6> 7> 8> 9> 10> 11> 12> (168 rows affected)
(42 rows affected)
1> 2> 3> 4> (40 rows affected)
1> 2> 3> 4> 5> 6> 7> 8> 9> 10> 11> 12> 13> 14> 15> (0 rows affected)
(0 rows affected)
(0 rows affected)
(0 rows affected)
