1> 2> 3> 4> 5> 6> 7> 8> 9> 10> 11> 12> 13> 14> 15> 16> 17> 18> 19> 20> 1> 2> 3> 4> 5> 6> (1 row affected)
1> 2> 3> 4> 5> 6> 7> 8> 9> 10> 11> 12> 13> 14> 15> 16> 17> 18> 19> 20> 21> 22> 23> 24> 25> 26> 27> 28> 29> 30> 31> 32> 33> 34> 35> 36> 37> 38> 39> 40> 41> 42> 43> 44> 45> 46> 47> 48> 49> 50> 51> 52> 53> 54> 55> 56> 57> 58> 59> 60> 61> 62> 63> 64> 65> 66> 67> 68> 69> 70> 71> 72> 73> 74> 75> 76> 77> 78> 79> 80> 81> 82> 83> 84> 85> 86> 87> 88> 89> 90> 91> 92> 93> 94> 95> 96> 97> 98> 99> 100> 101> 102> 103> 104> 105> 106> 107> 108> 109> 110> 111> 112> 113> 114> 115> 116> 117> (1 row affected)
1> 2> 3> 4> 5> 6> 7> 8> 9> 1> 2> 3> 4> 5> 6> 7> 8> 9> 10> 11> 12> 13> 14> 15> 16> 17> (1 row affected)
(1 row affected)
(1 row affected)
(1 row affected)
(1 row affected)
(1 row affected)
(1 row affected)
(1 row affected)
(1 row affected)
(1 row affected)
(1 row affected)
(1 row affected)
(1 row affected)
(1 row affected)
(1 row affected)
(1 row affected)
(1 row affected)
(1 row affected)
(1 row affected)
(1 row affected)
(1 row affected)
(1 row affected)
(1 row affected)
(1 row affected)
(1 row affected)
(1 row affected)
(1 row affected)
(1 row affected)
(1 row affected)
(1 row affected)
(1 row affected)
(1 row affected)
(1 row affected)
(1 row affected)
(1 row affected)
(1 row affected)
(1 row affected)
(1 row affected)
(1 row affected)
(1 row affected)
(1 row affected)
(1 row affected)
(1 row affected)
(1 row affected)
(1 row affected)
(1 row affected)
(1 row affected)
(1 row affected)
(1 row affected)
(1 row affected)
(1 row affected)
(1 row affected)
(1 row affected)
(1 row affected)
(1 row affected)
(1 row affected)
(1 row affected)
(1 row affected)
(1 row affected)
(1 row affected)
1> 2> 3> (9 rows affected)
1> 2> 3> 4> 5> 6> 7> 8> 9> 10> 11> 12> 13> 14> 15> 16> 17> (--------------------------------
(1).importing PKML
----------------------------------------)
1> 2> 3> 4> 5> 6> 7> (72243 rows affected)
1> 2> 3> 4> 5> 6> 7> (--------------------------------
(2).importing CMPS
----------------------------------------)
1> 2> 3> 4> 5> 6> 7> 8> 9> (3148 rows affected)
1> 2> 3> 4> 5> 6> 7> 8> 9> 10> 11> 12> 13> 14> 15> 16> 17> 18> 1> 2> 3> 4> 5> (72243 rows affected)
1> 2> 3> 4> 5> 6> 7> 8> 9> 10> 11> 12> 13> 14> 15> 16> 17> (--------------------------------
(3).importing   PKAU
----------------------------------------)
1> 2> 3> (56835 rows affected)
1> 2> 1> 2> 3> 4> 1> 2> 3> 4> (83319 rows affected)
1> 2> 1> 2> 3> 4> 5> 6> 7> 8> 9> 10> 11> 12> 13> 14> 15> 16> 17> 18> 19> 20> 21> 22> 23> 24> 25> 26> 27> 28> 29> 30> 31> 32> 33> 34> 35> 1> 2> 3> 4> 5> 1> 2> 3> 4> 5> (72884 rows affected)
1> 2> 3> 4> 5> 6> 7> (1456 rows affected)
(0 rows affected)
1> 2> 3> 4> (0 rows affected)
1> 2> 3> (72884 rows affected)
1> 2> 3> 4> 5> 6> 7> 8>                      
 ------------------- 
 æ¯”è¾ƒå‰åŽ2ä¸ªæœˆçš?ATCæ•°æ®: 

(1 row affected)
             
 ----------- 
       72884 

(1 row affected)
1> 2> 3> 4> 5> 6> 7> 8> 9> (0 rows affected)
1> 2> 3> 4> 5> 6> 7> 8> 9> 10> 11> 12> (--------------------------------
tblQueryToolDriverIMS
----------------------------------------)
1> 2> 3> 1> 2> 1> 2> 3> 4> 5> 6> 7> 8> 9> 10> 11> 12> 13> 14> 15> 16> 17> (72629 rows affected)
1> 2> 3> 4> 5> 6> (0 rows affected)
1> 2> 3> 4> 5> 6> 7> 8> 9> 10> 11>                             
 -------------------------- 
 æ¯”è¾ƒå‰åŽ2ä¸ªæœˆçš?Global Market: 

(1 row affected)
             
 ----------- 
       72629 

(1 row affected)
1> 2> 3> 4> 5> 6> 7> 8> 9> 10> 11> 12> 13> 14> 15> 16> 17> 18> 19> 20> 21> 22> 23> 24> 25> 26> 27> 28> 29> 30> 31> 32> 33> 34> In-line Market Hypertention
(1978 rows affected)
1> 2> 3> 4> 5> 6> 7> 8> 9> 10> 11> 12> 13> 14> 15> 16> In-line Market PLATINUM
(52 rows affected)
1> 2> 3> 4> 5> 6> 7> 8> 9> 10> 11> 12> 13> 14> In-line Market ONCFCS
(112 rows affected)
1> 2> 3> 4> 5> 6> 7> 8> 9> 10> 11> 12> 13> 14> In-line Market NIAD
(992 rows affected)
1> 2> 3> 4> 5> 6> 7> 8> 9> 10> 11> 12> 13> 14> In-line Market HYPM
(9 rows affected)
1> 2> 3> 4> 5> 6> 7> 8> 9> 10> 11> 12> 13> 14> 15> In-line Market CCB
(485 rows affected)
1> 2> 3> 4> 5> 6> 7> 8> 9> 10> 11> 12> 13> 14> In-line Market CML
(17 rows affected)
1> 2> 3> 4> 5> 6> 7> 8> 9> 10> 11> 12> 1> 2> 3> 4> 5> 6> 7> 8> 9> 10> 11> 12> 13> 14> In-line Market ARV
(100 rows affected)
1> 2> 3> 4> 5> (284 rows affected)
1> 2> 3> 4> 5> 6> 7> 8> 9> 10> 11> 12> 13> 14> 15> 16> 17> 18> 19> 20> 21> 22> In-line Market Eliquis(VTEp)
(102 rows affected)
1> 2> 3> 4> 5> 6> 7> 8> 9> 10> 11> 12> 13> 14> 15> 16> 17> 18> 19> 20> 21> 22> 23> 24> 25> 26> 27> 28> 29> In-line Market Eliquis(VTEt)
(114 rows affected)
1> 2> 3> 4> 5> 6> 7> 8> 9> 10> 11> 12>                               
 ---------------------------- 
 æ¯”è¾ƒå‰åŽ2ä¸ªæœˆçš?In-line  Market: 

(1 row affected)
             
 ----------- 
        3677 

(1 row affected)
1> 2> 3> 4> 5> 6> 7> 8> 9> 10> 11> 12> 13> Refresh the MD for Pipeine Market
1> 2> 3> 4> 5> 6> 7> 8> 9> 10> 11> 12> 13> 14> 15> 16> 17> 18> (1412 rows affected)
1> 2> 3> 4> 5> 6> (0 rows affected)
1> 2> 3> 4> 5> 6> 7> 8> 9> 10>                              
 --------------------------- 
 æ¯”è¾ƒå‰åŽ2ä¸ªæœˆçš?Pipeine Market: 

(1 row affected)
             
 ----------- 
        1412 

(1 row affected)
1> 2> 3> 4> 5> 6> 7> 1> 2> 1> 2> 3> 4> (77718 rows affected)
1> 2> 3> (0 rows affected)
1> 2> 3> 4> 5> 6> 7> 8> 9> 10> 11> 12> 13> 14> 15> 16> 17> (3 rows affected)
1> 2> 3> 4> 5> 6> 7> (0 rows affected)
1> 2> 3> 4> 5> 6> (184 rows affected)
1> 2> 3> 4> (1 row affected)
